<?xml version="1.0" encoding="UTF-8"?>
<robot generator="Robot 7.3.2 (Python 3.13.0 on win32)" generated="2025-11-07T15:33:03.126164" rpa="false" schemaversion="5">
<suite id="s1" name="RBA automation-script" source="C:\Users\AdityaChelluru\Desktop\automation\RBA_automation-script">
<suite id="s1-s1" name="Test" source="C:\Users\AdityaChelluru\Desktop\automation\RBA_automation-script\Test">
<suite id="s1-s1-s1" name="Lenders" source="C:\Users\AdityaChelluru\Desktop\automation\RBA_automation-script\Test\Lenders">
<suite id="s1-s1-s1-s1" name="Single Applicant" source="C:\Users\AdityaChelluru\Desktop\automation\RBA_automation-script\Test\Lenders\Single_Applicant">
<suite id="s1-s1-s1-s1-s1" name="Sunlight" source="C:\Users\AdityaChelluru\Desktop\automation\RBA_automation-script\Test\Lenders\Single_Applicant\Sunlight.robot">
<test id="s1-s1-s1-s1-s1-t1" name="Sunlight HappyCase" line="9">
<kw name="Load Lender Data" owner="LoadingInputFile">
<kw name="Get File" owner="OperatingSystem">
<msg time="2025-11-07T15:33:06.759205" level="INFO" html="true">Getting file '&lt;a href="file://C:\Users\AdityaChelluru\Desktop\automation\RBA_automation-script\Test\InputData\Sunlight_TestData.json"&gt;C:\Users\AdityaChelluru\Desktop\automation\RBA_automation-script\Test\InputData\Sunlight_TestData.json&lt;/a&gt;'.</msg>
<msg time="2025-11-07T15:33:06.773910" level="INFO">${json_text} = {
    "planID": "S100617",
    "projectCost": "12000",
    "depositAmount": "500",
    "Applicant": {
        "FirstName": "Ana",
          "LastName": "Villar",
          "email": "aditya.chelluru@fi...</msg>
<var>${json_text}</var>
<arg>${file_path}</arg>
<doc>Returns the contents of a specified file.</doc>
<status status="PASS" start="2025-11-07T15:33:06.758924" elapsed="0.015186"/>
</kw>
<kw name="Convert String To Json" owner="JSONLibrary">
<msg time="2025-11-07T15:33:06.775151" level="INFO">${data} = {'planID': 'S100617', 'projectCost': '12000', 'depositAmount': '500', 'Applicant': {'FirstName': 'Ana', 'LastName': 'Villar', 'email': 'aditya.chelluru@finmkt.io', 'street_add': '11765 West Avenue', '...</msg>
<var>${data}</var>
<arg>${json_text}</arg>
<doc>Convert String to JSON object</doc>
<status status="PASS" start="2025-11-07T15:33:06.774371" elapsed="0.000951"/>
</kw>
<kw name="Set Suite Variable" owner="BuiltIn">
<msg time="2025-11-07T15:33:06.776114" level="INFO">${index1} = None</msg>
<arg>${index1}</arg>
<arg>${index1}</arg>
<doc>Makes a variable available everywhere within the scope of the current suite.</doc>
<status status="PASS" start="2025-11-07T15:33:06.775642" elapsed="0.000923"/>
</kw>
<kw name="Set Suite Variable" owner="BuiltIn">
<msg time="2025-11-07T15:33:06.777138" level="INFO">${index2} = None</msg>
<arg>${index2}</arg>
<arg>${index2}</arg>
<doc>Makes a variable available everywhere within the scope of the current suite.</doc>
<status status="PASS" start="2025-11-07T15:33:06.776818" elapsed="0.000428"/>
</kw>
<kw name="Set Suite Variable" owner="BuiltIn">
<msg time="2025-11-07T15:33:06.777742" level="INFO">${LENDER_DATA} = {'planID': 'S100617', 'projectCost': '12000', 'depositAmount': '500', 'Applicant': {'FirstName': 'Ana', 'LastName': 'Villar', 'email': 'aditya.chelluru@finmkt.io', 'street_add': '11765 West Avenue', '...</msg>
<arg>${LENDER_DATA}</arg>
<arg>${data}</arg>
<doc>Makes a variable available everywhere within the scope of the current suite.</doc>
<status status="PASS" start="2025-11-07T15:33:06.777414" elapsed="0.000795"/>
</kw>
<arg>${Sunlight_DATA}</arg>
<status status="PASS" start="2025-11-07T15:33:06.757991" elapsed="0.020435"/>
</kw>
<kw name="Merchant Portal Login" owner="Merchant_Login">
<for flavor="IN">
<iter>
<kw name="Run Keyword And Return Status" owner="BuiltIn">
<kw name="Should Start With" owner="BuiltIn">
<msg time="2025-11-07T15:33:06.780190" level="FAIL">'R418006' does not start with 'rba'</msg>
<arg>${tag}</arg>
<arg>rba</arg>
<doc>Fails if the string ``str1`` does not start with the string ``str2``.</doc>
<status status="FAIL" start="2025-11-07T15:33:06.779959" elapsed="0.003371">'R418006' does not start with 'rba'</status>
</kw>
<msg time="2025-11-07T15:33:06.783631" level="INFO">${is_present} = False</msg>
<var>${is_present}</var>
<arg>Should Start With</arg>
<arg>${tag}</arg>
<arg>rba</arg>
<doc>Runs the given keyword with given arguments and returns the status as a Boolean value.</doc>
<status status="PASS" start="2025-11-07T15:33:06.779729" elapsed="0.004017"/>
</kw>
<if>
<branch type="IF" condition="${is_present}">
<kw name="Log To Console" owner="BuiltIn">
<arg>this is the tag : ${tag}</arg>
<doc>Logs the given message to the console.</doc>
<status status="NOT RUN" start="2025-11-07T15:33:06.784219" elapsed="0.000132"/>
</kw>
<kw name="Set Variable" owner="BuiltIn">
<var>${base_url}</var>
<arg>${tag}</arg>
<doc>Returns the given values which can then be assigned to a variables.</doc>
<status status="NOT RUN" start="2025-11-07T15:33:06.784493" elapsed="0.000106"/>
</kw>
<kw name="Log To Console" owner="BuiltIn">
<arg>this is the base url ${base_url}</arg>
<doc>Logs the given message to the console.</doc>
<status status="NOT RUN" start="2025-11-07T15:33:06.784731" elapsed="0.000103"/>
</kw>
<kw name="Exit For Loop" owner="BuiltIn">
<doc>Stops executing the enclosing FOR loop.</doc>
<status status="NOT RUN" start="2025-11-07T15:33:06.784993" elapsed="0.000314"/>
</kw>
<status status="NOT RUN" start="2025-11-07T15:33:06.783911" elapsed="0.001572"/>
</branch>
<status status="PASS" start="2025-11-07T15:33:06.783880" elapsed="0.001842"/>
</if>
<var name="${tag}">R418006</var>
<status status="PASS" start="2025-11-07T15:33:06.779524" elapsed="0.006234"/>
</iter>
<iter>
<kw name="Run Keyword And Return Status" owner="BuiltIn">
<kw name="Should Start With" owner="BuiltIn">
<arg>${tag}</arg>
<arg>rba</arg>
<doc>Fails if the string ``str1`` does not start with the string ``str2``.</doc>
<status status="PASS" start="2025-11-07T15:33:06.787859" elapsed="0.000531"/>
</kw>
<msg time="2025-11-07T15:33:06.788550" level="INFO">${is_present} = True</msg>
<var>${is_present}</var>
<arg>Should Start With</arg>
<arg>${tag}</arg>
<arg>rba</arg>
<doc>Runs the given keyword with given arguments and returns the status as a Boolean value.</doc>
<status status="PASS" start="2025-11-07T15:33:06.786618" elapsed="0.002065"/>
</kw>
<if>
<branch type="IF" condition="${is_present}">
<kw name="Log To Console" owner="BuiltIn">
<arg>this is the tag : ${tag}</arg>
<doc>Logs the given message to the console.</doc>
<status status="PASS" start="2025-11-07T15:33:06.789187" elapsed="0.000404"/>
</kw>
<kw name="Set Variable" owner="BuiltIn">
<msg time="2025-11-07T15:33:06.790167" level="INFO">${base_url} = rba2</msg>
<var>${base_url}</var>
<arg>${tag}</arg>
<doc>Returns the given values which can then be assigned to a variables.</doc>
<status status="PASS" start="2025-11-07T15:33:06.789858" elapsed="0.000541"/>
</kw>
<kw name="Log To Console" owner="BuiltIn">
<arg>this is the base url ${base_url}</arg>
<doc>Logs the given message to the console.</doc>
<status status="PASS" start="2025-11-07T15:33:06.790771" elapsed="0.000585"/>
</kw>
<kw name="Exit For Loop" owner="BuiltIn">
<msg time="2025-11-07T15:33:06.791728" level="INFO">Exiting for loop altogether.</msg>
<doc>Stops executing the enclosing FOR loop.</doc>
<status status="PASS" start="2025-11-07T15:33:06.791526" elapsed="0.000362"/>
</kw>
<status status="PASS" start="2025-11-07T15:33:06.788902" elapsed="0.003070"/>
</branch>
<status status="PASS" start="2025-11-07T15:33:06.788875" elapsed="0.003141"/>
</if>
<var name="${tag}">rba2</var>
<status status="PASS" start="2025-11-07T15:33:06.786097" elapsed="0.005941"/>
</iter>
<var>${tag}</var>
<value>@{TEST_TAGS}</value>
<status status="PASS" start="2025-11-07T15:33:06.779198" elapsed="0.012885"/>
</for>
<kw name="Open Browser" owner="SeleniumLibrary">
<msg time="2025-11-07T15:33:06.792512" level="INFO">Opening browser 'chrome' to base url 'https://rba2-qa.mktplacegateway.com/m/login'.</msg>
<arg>https://${base_url}-qa.mktplacegateway.com/m/login</arg>
<arg>chrome</arg>
<doc>Opens a new browser instance to the optional ``url``.</doc>
<status status="PASS" start="2025-11-07T15:33:06.792219" elapsed="5.398396"/>
</kw>
<kw name="Wait Until Page Contains Element" owner="SeleniumLibrary">
<arg>user-name</arg>
<arg>30</arg>
<doc>Waits until the element ``locator`` appears on the current page.</doc>
<status status="PASS" start="2025-11-07T15:33:12.191881" elapsed="0.020165"/>
</kw>
<if>
<branch type="IF" condition="'${user}'=='None'">
<kw name="Input Text" owner="SeleniumLibrary">
<msg time="2025-11-07T15:33:12.214421" level="INFO">Typing text 'aditya.chelluru+12@finmkt.io' into text field 'user-name'.</msg>
<arg>user-name</arg>
<arg>aditya.chelluru+12@finmkt.io</arg>
<doc>Types the given ``text`` into the text field identified by ``locator``.</doc>
<status status="PASS" start="2025-11-07T15:33:12.213618" elapsed="0.122070"/>
</kw>
<status status="PASS" start="2025-11-07T15:33:12.212573" elapsed="0.123338"/>
</branch>
<branch type="ELSE">
<kw name="Input Text" owner="SeleniumLibrary">
<arg>user-name</arg>
<arg>${user}</arg>
<doc>Types the given ``text`` into the text field identified by ``locator``.</doc>
<status status="NOT RUN" start="2025-11-07T15:33:12.336402" elapsed="0.000215"/>
</kw>
<status status="NOT RUN" start="2025-11-07T15:33:12.335995" elapsed="0.000765"/>
</branch>
<status status="PASS" start="2025-11-07T15:33:12.212508" elapsed="0.124318"/>
</if>
<if>
<branch type="IF" condition="'${password}' == 'None'">
<kw name="Input Text" owner="SeleniumLibrary">
<msg time="2025-11-07T15:33:12.338983" level="INFO">Typing text 'Qa@12345' into text field 'user-password'.</msg>
<arg>user-password</arg>
<arg>Qa@12345</arg>
<doc>Types the given ``text`` into the text field identified by ``locator``.</doc>
<status status="PASS" start="2025-11-07T15:33:12.338101" elapsed="0.074158"/>
</kw>
<status status="PASS" start="2025-11-07T15:33:12.336927" elapsed="0.075630"/>
</branch>
<branch type="ELSE">
<kw name="Input Text" owner="SeleniumLibrary">
<arg>user-password</arg>
<arg>${password}</arg>
<doc>Types the given ``text`` into the text field identified by ``locator``.</doc>
<status status="NOT RUN" start="2025-11-07T15:33:12.413392" elapsed="0.000661"/>
</kw>
<status status="NOT RUN" start="2025-11-07T15:33:12.412675" elapsed="0.001729"/>
</branch>
<status status="PASS" start="2025-11-07T15:33:12.336884" elapsed="0.077609"/>
</if>
<kw name="Click Button" owner="SeleniumLibrary">
<msg time="2025-11-07T15:33:12.415563" level="INFO">Clicking button 'xpath:/html/body/div/div[2]/div[1]/div/div/div[2]/span/form/div/div/div[4]/div/button'.</msg>
<arg>xpath:/html/body/div/div[2]/div[1]/div/div/div[2]/span/form/div/div/div[4]/div/button</arg>
<doc>Clicks the button identified by ``locator``.</doc>
<status status="PASS" start="2025-11-07T15:33:12.414728" elapsed="0.079311"/>
</kw>
<status status="PASS" start="2025-11-07T15:33:06.778870" elapsed="5.715435"/>
</kw>
<kw name="Merchant Selection Page" owner="merchant_selection">
<kw name="Wait Until Element Is Visible" owner="SeleniumLibrary">
<arg>merchant-selection-modal___BV_modal_title_</arg>
<arg>60</arg>
<doc>Waits until the element ``locator`` is visible.</doc>
<status status="PASS" start="2025-11-07T15:33:12.495726" elapsed="0.550666"/>
</kw>
<kw name="Wait Until Element Is Enabled" owner="SeleniumLibrary">
<arg>merchant-selection-modal___BV_modal_title_</arg>
<arg>60</arg>
<doc>Waits until the element ``locator`` is enabled.</doc>
<status status="PASS" start="2025-11-07T15:33:13.046851" elapsed="0.023402"/>
</kw>
<if>
<branch type="IF" condition="'${merchant}' == 'None'">
<kw name="Select From List By Label" owner="SeleniumLibrary">
<arg>xpath://*[@id="merchant-selection-modal___BV_modal_body_"]/div/div/select</arg>
<arg>${LENDER_DATA['Merchant']}</arg>
<doc>Selects options from selection list ``locator`` by ``labels``.</doc>
<status status="NOT RUN" start="2025-11-07T15:33:13.071090" elapsed="0.000250"/>
</kw>
<status status="NOT RUN" start="2025-11-07T15:33:13.070542" elapsed="0.000959"/>
</branch>
<branch type="ELSE">
<kw name="Select From List By Label" owner="SeleniumLibrary">
<msg time="2025-11-07T15:33:13.072593" level="INFO">Selecting options from selection list 'xpath://*[@id="merchant-selection-modal___BV_modal_body_"]/div/div/select' by label Sunlight_HI.</msg>
<arg>xpath://*[@id="merchant-selection-modal___BV_modal_body_"]/div/div/select</arg>
<arg>${merchant}</arg>
<doc>Selects options from selection list ``locator`` by ``labels``.</doc>
<status status="PASS" start="2025-11-07T15:33:13.071901" elapsed="0.131733"/>
</kw>
<status status="PASS" start="2025-11-07T15:33:13.071577" elapsed="0.132303"/>
</branch>
<status status="PASS" start="2025-11-07T15:33:13.070507" elapsed="0.133446"/>
</if>
<arg>Sunlight_HI</arg>
<status status="PASS" start="2025-11-07T15:33:12.495082" elapsed="0.708941"/>
</kw>
<kw name="Sending Application to Consumer" owner="sendApplication">
<kw name="Wait Until Element Is Not Visible" owner="SeleniumLibrary">
<arg>css=div.position-absolute.bg-white.rounded-lg</arg>
<arg>20</arg>
<doc>Waits until the element ``locator`` is not visible.</doc>
<status status="PASS" start="2025-11-07T15:33:13.205844" elapsed="0.010687"/>
</kw>
<kw name="Wait Until Element Is Not Visible" owner="SeleniumLibrary">
<arg>css:div.position-absolute.bg-white</arg>
<arg>60</arg>
<doc>Waits until the element ``locator`` is not visible.</doc>
<status status="PASS" start="2025-11-07T15:33:13.217184" elapsed="2.286151"/>
</kw>
<kw name="Wait Until Element Is Visible" owner="SeleniumLibrary">
<arg>xpath://div[@class='col-md-12 d-flex justify-content-end']//div[@name='Send Application']//div//button[@type='submit'][normalize-space()='Send Application']</arg>
<arg>60</arg>
<doc>Waits until the element ``locator`` is visible.</doc>
<status status="PASS" start="2025-11-07T15:33:15.503798" elapsed="0.025024"/>
</kw>
<kw name="Wait Until Element Is Enabled" owner="SeleniumLibrary">
<arg>xpath://div[@class='col-md-12 d-flex justify-content-end']//div[@name='Send Application']//div//button[@type='submit'][normalize-space()='Send Application']</arg>
<arg>30</arg>
<doc>Waits until the element ``locator`` is enabled.</doc>
<status status="PASS" start="2025-11-07T15:33:15.529438" elapsed="0.032667"/>
</kw>
<kw name="Wait Until Element Is Not Visible" owner="SeleniumLibrary">
<arg>css=div.position-absolute.bg-white.rounded-lg</arg>
<arg>20</arg>
<doc>Waits until the element ``locator`` is not visible.</doc>
<status status="PASS" start="2025-11-07T15:33:15.562536" elapsed="0.014210"/>
</kw>
<kw name="Click Button" owner="SeleniumLibrary">
<msg time="2025-11-07T15:33:15.577561" level="INFO">Clicking button 'xpath://div[@class='col-md-12 d-flex justify-content-end']//div[@name='Send Application']//div//button[@type='submit'][normalize-space()='Send Application']'.</msg>
<arg>xpath://div[@class='col-md-12 d-flex justify-content-end']//div[@name='Send Application']//div//button[@type='submit'][normalize-space()='Send Application']</arg>
<doc>Clicks the button identified by ``locator``.</doc>
<status status="PASS" start="2025-11-07T15:33:15.577107" elapsed="0.138212"/>
</kw>
<kw name="Switch Window" owner="SeleniumLibrary">
<arg>title:Point Of Sale</arg>
<arg>20</arg>
<doc>Switches to browser window matching ``locator``.</doc>
<status status="PASS" start="2025-11-07T15:33:15.715830" elapsed="4.687431"/>
</kw>
<status status="PASS" start="2025-11-07T15:33:13.204837" elapsed="7.198747"/>
</kw>
<kw name="Dc plans page" owner="DC_Plan_Page">
<for flavor="IN">
<iter>
<kw name="Run Keyword And Return Status" owner="BuiltIn">
<kw name="List Should Contain Value" owner="Collections">
<arg>${KNOWN_PLANS}</arg>
<arg>${tag}</arg>
<doc>Fails if the ``value`` is not found from ``list``.</doc>
<status status="PASS" start="2025-11-07T15:33:20.408743" elapsed="0.000479"/>
</kw>
<msg time="2025-11-07T15:33:20.412100" level="INFO">${is_present} = True</msg>
<var>${is_present}</var>
<arg>List Should Contain Value</arg>
<arg>${KNOWN_PLANS}</arg>
<arg>${tag}</arg>
<doc>Runs the given keyword with given arguments and returns the status as a Boolean value.</doc>
<status status="PASS" start="2025-11-07T15:33:20.408251" elapsed="0.004777"/>
</kw>
<if>
<branch type="IF" condition="${is_present}">
<kw name="Copy Dictionary" owner="Collections">
<msg time="2025-11-07T15:33:20.417982" level="INFO">${Lender} = {'planID': 'S100617', 'projectCost': '12000', 'depositAmount': '500', 'Applicant': {'FirstName': 'Ana', 'LastName': 'Villar', 'email': 'aditya.chelluru@finmkt.io', 'street_add': '11765 West Avenue', '...</msg>
<var>${Lender}</var>
<arg>${LENDER_DATA}</arg>
<doc>Returns a copy of the given dictionary.</doc>
<status status="PASS" start="2025-11-07T15:33:20.416536" elapsed="0.001928"/>
</kw>
<kw name="Set To Dictionary" owner="Collections">
<arg>${Lender}</arg>
<arg>planID=${tag}</arg>
<doc>Adds the given ``key_value_pairs`` and/or ``items`` to the ``dictionary``.</doc>
<status status="PASS" start="2025-11-07T15:33:20.419107" elapsed="0.001015"/>
</kw>
<kw name="Set Global Variable" owner="BuiltIn">
<msg time="2025-11-07T15:33:20.421756" level="INFO">${LENDER_DATA} = {'planID': 'R418006', 'projectCost': '12000', 'depositAmount': '500', 'Applicant': {'FirstName': 'Ana', 'LastName': 'Villar', 'email': 'aditya.chelluru@finmkt.io', 'street_add': '11765 West Avenue', '...</msg>
<arg>${LENDER_DATA}</arg>
<arg>${Lender}</arg>
<doc>Makes a variable available globally in all tests and suites.</doc>
<status status="PASS" start="2025-11-07T15:33:20.420653" elapsed="0.001468"/>
</kw>
<status status="PASS" start="2025-11-07T15:33:20.414504" elapsed="0.007909"/>
</branch>
<status status="PASS" start="2025-11-07T15:33:20.414438" elapsed="0.008107"/>
</if>
<var name="${tag}">R418006</var>
<status status="PASS" start="2025-11-07T15:33:20.407850" elapsed="0.014761"/>
</iter>
<iter>
<kw name="Run Keyword And Return Status" owner="BuiltIn">
<kw name="List Should Contain Value" owner="Collections">
<msg time="2025-11-07T15:33:20.425653" level="FAIL">[ S100617 | S100617-AUT | S100617-PP-AUT | S100617-UG-AUT | S101217 | S101817 | S102417 | Z303600 | Z303600-TD-AUT | Z302400 | Z304800 | Z306000 | Z307200 | R424008 | R418009 | R418007 | R418005 | R418006 | R418008 | R418013 | R418015 | R412005 | R412007 | R412009 | R412013 | R412002 | R412003 | R412004 | R412004-DIV-AUT | R412006 | R424007 | R424005 | R424009 | R424006 | R424004 | H30300 | H201205 | H201209 | R418004 | F193728 | GICU_RBA | Upgrade_1_plan | Upgrade_2_plan | Dividend | Dividend_Plan | Dividend Test | PowerPay2 Test | PowerPay2 CoApp | Upgrade ] does not contain value 'rba2'.</msg>
<arg>${KNOWN_PLANS}</arg>
<arg>${tag}</arg>
<doc>Fails if the ``value`` is not found from ``list``.</doc>
<status status="FAIL" start="2025-11-07T15:33:20.424611" elapsed="0.018104">[ S100617 | S100617-AUT | S100617-PP-AUT | S100617-UG-AUT | S101217 | S101817 | S102417 | Z303600 | Z303600-TD-AUT | Z302400 | Z304800 | Z306000 | Z307200 | R424008 | R418009 | R418007 | R418005 | R418006 | R418008 | R418013 | R418015 | R412005 | R412007 | R412009 | R412013 | R412002 | R412003 | R412004 | R412004-DIV-AUT | R412006 | R424007 | R424005 | R424009 | R424006 | R424004 | H30300 | H201205 | H201209 | R418004 | F193728 | GICU_RBA | Upgrade_1_plan | Upgrade_2_plan | Dividend | Dividend_Plan | Dividend Test | PowerPay2 Test | PowerPay2 CoApp | Upgrade ] does not contain value 'rba2'.</status>
</kw>
<msg time="2025-11-07T15:33:20.443618" level="INFO">${is_present} = False</msg>
<var>${is_present}</var>
<arg>List Should Contain Value</arg>
<arg>${KNOWN_PLANS}</arg>
<arg>${tag}</arg>
<doc>Runs the given keyword with given arguments and returns the status as a Boolean value.</doc>
<status status="PASS" start="2025-11-07T15:33:20.423780" elapsed="0.020120"/>
</kw>
<if>
<branch type="IF" condition="${is_present}">
<kw name="Copy Dictionary" owner="Collections">
<var>${Lender}</var>
<arg>${LENDER_DATA}</arg>
<doc>Returns a copy of the given dictionary.</doc>
<status status="NOT RUN" start="2025-11-07T15:33:20.445158" elapsed="0.002132"/>
</kw>
<kw name="Set To Dictionary" owner="Collections">
<arg>${Lender}</arg>
<arg>planID=${tag}</arg>
<doc>Adds the given ``key_value_pairs`` and/or ``items`` to the ``dictionary``.</doc>
<status status="NOT RUN" start="2025-11-07T15:33:20.447935" elapsed="0.000500"/>
</kw>
<kw name="Set Global Variable" owner="BuiltIn">
<arg>${LENDER_DATA}</arg>
<arg>${Lender}</arg>
<doc>Makes a variable available globally in all tests and suites.</doc>
<status status="NOT RUN" start="2025-11-07T15:33:20.448799" elapsed="0.001167"/>
</kw>
<status status="NOT RUN" start="2025-11-07T15:33:20.444248" elapsed="0.006538"/>
</branch>
<status status="PASS" start="2025-11-07T15:33:20.444203" elapsed="0.006851"/>
</if>
<var name="${tag}">rba2</var>
<status status="PASS" start="2025-11-07T15:33:20.422989" elapsed="0.028182"/>
</iter>
<var>${tag}</var>
<value>@{TEST_TAGS}</value>
<status status="PASS" start="2025-11-07T15:33:20.407466" elapsed="0.043992"/>
</for>
<kw name="Wait Until Element Is Not Visible" owner="SeleniumLibrary">
<arg>css:div.position-absolute.bg-white</arg>
<arg>20</arg>
<doc>Waits until the element ``locator`` is not visible.</doc>
<status status="PASS" start="2025-11-07T15:33:20.452471" elapsed="0.355590"/>
</kw>
<kw name="Wait Until Element Is Visible" owner="SeleniumLibrary">
<arg>xpath:/html/body/div/div[2]/div[1]/div/div/div[2]/div/span/form/span/div/div[1]/div/div[1]/h4/b</arg>
<arg>20</arg>
<doc>Waits until the element ``locator`` is visible.</doc>
<status status="PASS" start="2025-11-07T15:33:20.808645" elapsed="0.486338"/>
</kw>
<kw name="Wait Until Element Is Enabled" owner="SeleniumLibrary">
<arg>${LENDER_DATA['planID']}</arg>
<doc>Waits until the element ``locator`` is enabled.</doc>
<status status="PASS" start="2025-11-07T15:33:21.295798" elapsed="0.090200"/>
</kw>
<kw name="Click Button" owner="SeleniumLibrary">
<msg time="2025-11-07T15:33:21.388377" level="INFO">Clicking button 'R418006'.</msg>
<arg>${LENDER_DATA['planID']}</arg>
<doc>Clicks the button identified by ``locator``.</doc>
<status status="PASS" start="2025-11-07T15:33:21.386694" elapsed="0.176898"/>
</kw>
<if>
<branch type="IF" condition="'${amount}' == 'None'">
<kw name="Input Text" owner="SeleniumLibrary">
<arg>enter-project-cost</arg>
<arg>${LENDER_DATA['projectCost']}</arg>
<doc>Types the given ``text`` into the text field identified by ``locator``.</doc>
<status status="NOT RUN" start="2025-11-07T15:33:21.564647" elapsed="0.000278"/>
</kw>
<kw name="Input Text" owner="SeleniumLibrary">
<arg>enter-deposit-amount</arg>
<arg>${LENDER_DATA['depositAmount']}</arg>
<doc>Types the given ``text`` into the text field identified by ``locator``.</doc>
<status status="NOT RUN" start="2025-11-07T15:33:21.565157" elapsed="0.000188"/>
</kw>
<status status="NOT RUN" start="2025-11-07T15:33:21.563870" elapsed="0.001600"/>
</branch>
<branch type="ELSE">
<kw name="Input Text" owner="SeleniumLibrary">
<msg time="2025-11-07T15:33:21.566175" level="INFO">Typing text '21000' into text field 'enter-project-cost'.</msg>
<arg>enter-project-cost</arg>
<arg>${amount}</arg>
<doc>Types the given ``text`` into the text field identified by ``locator``.</doc>
<status status="PASS" start="2025-11-07T15:33:21.565767" elapsed="0.188177"/>
</kw>
<kw name="Input Text" owner="SeleniumLibrary">
<msg time="2025-11-07T15:33:21.754912" level="INFO">Typing text '0' into text field 'enter-deposit-amount'.</msg>
<arg>enter-deposit-amount</arg>
<arg>${deposite}</arg>
<doc>Types the given ``text`` into the text field identified by ``locator``.</doc>
<status status="PASS" start="2025-11-07T15:33:21.754318" elapsed="0.109773"/>
</kw>
<status status="PASS" start="2025-11-07T15:33:21.565534" elapsed="0.298802"/>
</branch>
<status status="PASS" start="2025-11-07T15:33:21.563836" elapsed="0.300582"/>
</if>
<kw name="Click Button" owner="SeleniumLibrary">
<msg time="2025-11-07T15:33:21.865158" level="INFO">Clicking button 'xpath:/html/body/div/div[2]/div[1]/div/div/div[2]/div/span/form/span/div/div[2]/div[2]/div/div/div[1]/div/button'.</msg>
<arg>xpath:/html/body/div/div[2]/div[1]/div/div/div[2]/div/span/form/span/div/div[2]/div[2]/div/div/div[1]/div/button</arg>
<doc>Clicks the button identified by ``locator``.</doc>
<status status="PASS" start="2025-11-07T15:33:21.864592" elapsed="0.138009"/>
</kw>
<arg>21000</arg>
<arg>0</arg>
<status status="PASS" start="2025-11-07T15:33:20.406762" elapsed="1.596278"/>
</kw>
<kw name="Type of Application page" owner="Application_type_page">
<kw name="Run Keyword And Return Status" owner="BuiltIn">
<kw name="Should Contain" owner="BuiltIn">
<msg time="2025-11-07T15:33:22.005299" level="FAIL">'['R418006', 'rba2']' does not contain 'Co-App'</msg>
<arg>${TEST TAGS}</arg>
<arg>Co-App</arg>
<doc>Fails if ``container`` does not contain ``item`` one or more times.</doc>
<status status="FAIL" start="2025-11-07T15:33:22.004824" elapsed="0.007717">'['R418006', 'rba2']' does not contain 'Co-App'</status>
</kw>
<msg time="2025-11-07T15:33:22.012995" level="INFO">${is_CoApp} = False</msg>
<var>${is_CoApp}</var>
<arg>Should Contain</arg>
<arg>${TEST TAGS}</arg>
<arg>Co-App</arg>
<doc>Runs the given keyword with given arguments and returns the status as a Boolean value.</doc>
<status status="PASS" start="2025-11-07T15:33:22.004440" elapsed="0.009183"/>
</kw>
<kw name="Wait Until Element Is Not Visible" owner="SeleniumLibrary">
<arg>css:div.position-absolute.bg-white.rounded-lg</arg>
<arg>20</arg>
<doc>Waits until the element ``locator`` is not visible.</doc>
<status status="PASS" start="2025-11-07T15:33:22.014147" elapsed="1.260320"/>
</kw>
<if>
<branch type="IF" condition="${is_CoApp}">
<kw name="Wait Until Element Is Enabled" owner="SeleniumLibrary">
<arg>xpath://input[@value='2']</arg>
<arg>20</arg>
<doc>Waits until the element ``locator`` is enabled.</doc>
<status status="NOT RUN" start="2025-11-07T15:33:23.275869" elapsed="0.000289"/>
</kw>
<kw name="Click Button" owner="SeleniumLibrary">
<arg>xpath://input[@value='2']</arg>
<doc>Clicks the button identified by ``locator``.</doc>
<status status="NOT RUN" start="2025-11-07T15:33:23.276425" elapsed="0.000214"/>
</kw>
<status status="NOT RUN" start="2025-11-07T15:33:23.275296" elapsed="0.001490"/>
</branch>
<branch type="ELSE">
<kw name="Wait Until Element Is Enabled" owner="SeleniumLibrary">
<arg>xpath://input[@value='1']</arg>
<arg>20</arg>
<doc>Waits until the element ``locator`` is enabled.</doc>
<status status="PASS" start="2025-11-07T15:33:23.277317" elapsed="0.041752"/>
</kw>
<kw name="Click Button" owner="SeleniumLibrary">
<msg time="2025-11-07T15:33:23.320424" level="INFO">Clicking button 'xpath://input[@value='1']'.</msg>
<arg>xpath://input[@value='1']</arg>
<doc>Clicks the button identified by ``locator``.</doc>
<status status="PASS" start="2025-11-07T15:33:23.319666" elapsed="0.120463"/>
</kw>
<status status="PASS" start="2025-11-07T15:33:23.276855" elapsed="0.163558"/>
</branch>
<status status="PASS" start="2025-11-07T15:33:23.275057" elapsed="0.165484"/>
</if>
<kw name="Click Button" owner="SeleniumLibrary">
<msg time="2025-11-07T15:33:23.441385" level="INFO">Clicking button 'xpath://button[@type='button']'.</msg>
<arg>xpath://button[@type='button']</arg>
<doc>Clicks the button identified by ``locator``.</doc>
<status status="PASS" start="2025-11-07T15:33:23.440850" elapsed="0.129735"/>
</kw>
<status status="PASS" start="2025-11-07T15:33:22.003786" elapsed="1.567102"/>
</kw>
<kw name="Load and Prepare applicant details" owner="PrepareApplicant_Details">
<kw name="Run Keyword And Return Status" owner="BuiltIn">
<kw name="Should Contain" owner="BuiltIn">
<msg time="2025-11-07T15:33:23.574941" level="FAIL">'['R418006', 'rba2']' does not contain 'Co-App'</msg>
<arg>${TEST TAGS}</arg>
<arg>Co-App</arg>
<doc>Fails if ``container`` does not contain ``item`` one or more times.</doc>
<status status="FAIL" start="2025-11-07T15:33:23.574089" elapsed="0.010458">'['R418006', 'rba2']' does not contain 'Co-App'</status>
</kw>
<msg time="2025-11-07T15:33:23.585362" level="INFO">${is_CoApp} = False</msg>
<var>${is_CoApp}</var>
<arg>Should Contain</arg>
<arg>${TEST TAGS}</arg>
<arg>Co-App</arg>
<doc>Runs the given keyword with given arguments and returns the status as a Boolean value.</doc>
<status status="PASS" start="2025-11-07T15:33:23.573081" elapsed="0.012771"/>
</kw>
<kw name="Evaluate" owner="BuiltIn">
<msg time="2025-11-07T15:33:23.589247" level="INFO">${has_applicants} = False</msg>
<var>${has_applicants}</var>
<arg>'Applicants' in ${LENDER_DATA}</arg>
<doc>Evaluates the given expression in Python and returns the result.</doc>
<status status="PASS" start="2025-11-07T15:33:23.586613" elapsed="0.003220"/>
</kw>
<kw name="Log To Console" owner="BuiltIn">
<arg>${has_applicants}</arg>
<doc>Logs the given message to the console.</doc>
<status status="PASS" start="2025-11-07T15:33:23.590622" elapsed="0.001649"/>
</kw>
<if>
<branch type="IF" condition="'${has_applicants}' == 'True'">
<if>
<branch type="IF" condition="'${index1}' != 'None'">
<kw name="Get From List" owner="Collections">
<var>${application}</var>
<arg>${LENDER_DATA["Applicants"]}</arg>
<arg>${index1}</arg>
<doc>Returns the value specified with an ``index`` from ``list``.</doc>
<status status="NOT RUN" start="2025-11-07T15:33:23.594476" elapsed="0.000784"/>
</kw>
<status status="NOT RUN" start="2025-11-07T15:33:23.593648" elapsed="0.002099"/>
</branch>
<branch type="ELSE">
<kw name="Get From Dictionary" owner="Collections">
<var>${application}</var>
<arg>${LENDER_DATA}</arg>
<arg>Applicant</arg>
<doc>Returns a value from the given ``dictionary`` based on the given ``key``.</doc>
<status status="NOT RUN" start="2025-11-07T15:33:23.596957" elapsed="0.000642"/>
</kw>
<status status="NOT RUN" start="2025-11-07T15:33:23.595986" elapsed="0.002107"/>
</branch>
<status status="NOT RUN" start="2025-11-07T15:33:23.593569" elapsed="0.004722"/>
</if>
<status status="NOT RUN" start="2025-11-07T15:33:23.592694" elapsed="0.005737"/>
</branch>
<branch type="ELSE">
<kw name="Get From Dictionary" owner="Collections">
<msg time="2025-11-07T15:33:23.601451" level="INFO">${application} = {'FirstName': 'Ana', 'LastName': 'Villar', 'email': 'aditya.chelluru@finmkt.io', 'street_add': '11765 West Avenue', 'city': 'San Antonio', 'state': 'Texas', 'zipcode': '78216', 'Do_you_own_installatio...</msg>
<var>${application}</var>
<arg>${LENDER_DATA}</arg>
<arg>Applicant</arg>
<doc>Returns a value from the given ``dictionary`` based on the given ``key``.</doc>
<status status="PASS" start="2025-11-07T15:33:23.599885" elapsed="0.002843"/>
</kw>
<status status="PASS" start="2025-11-07T15:33:23.598785" elapsed="0.005021"/>
</branch>
<status status="PASS" start="2025-11-07T15:33:23.592635" elapsed="0.011505"/>
</if>
<if>
<branch type="IF" condition="${is_CoApp}">
<if>
<branch type="IF" condition="'${index2}' != 'None'">
<kw name="Get From List" owner="Collections">
<var>${co-app}</var>
<arg>${LENDER_DATA["Applicants"]}</arg>
<arg>${index2}</arg>
<doc>Returns the value specified with an ``index`` from ``list``.</doc>
<status status="NOT RUN" start="2025-11-07T15:33:23.606514" elapsed="0.000653"/>
</kw>
<kw name="Copy Dictionary" owner="Collections">
<var>${co_app_dup}</var>
<arg>${co-app}</arg>
<doc>Returns a copy of the given dictionary.</doc>
<status status="NOT RUN" start="2025-11-07T15:33:23.607902" elapsed="0.000686"/>
</kw>
<kw name="Set Global Variable" owner="BuiltIn">
<arg>${co_app_dup}</arg>
<doc>Makes a variable available globally in all tests and suites.</doc>
<status status="NOT RUN" start="2025-11-07T15:33:23.609631" elapsed="0.001052"/>
</kw>
<status status="NOT RUN" start="2025-11-07T15:33:23.605690" elapsed="0.005977"/>
</branch>
<branch type="ELSE">
<kw name="Get From Dictionary" owner="Collections">
<var>${co-app}</var>
<arg>${LENDER_DATA}</arg>
<arg>Co-Applicant</arg>
<doc>Returns a value from the given ``dictionary`` based on the given ``key``.</doc>
<status status="NOT RUN" start="2025-11-07T15:33:23.613284" elapsed="0.000894"/>
</kw>
<kw name="Copy Dictionary" owner="Collections">
<var>${co_app_dup}</var>
<arg>${co-app}</arg>
<doc>Returns a copy of the given dictionary.</doc>
<status status="NOT RUN" start="2025-11-07T15:33:23.615271" elapsed="0.001280"/>
</kw>
<kw name="Set Global Variable" owner="BuiltIn">
<arg>${co_app_dup}</arg>
<doc>Makes a variable available globally in all tests and suites.</doc>
<status status="NOT RUN" start="2025-11-07T15:33:23.617359" elapsed="0.000653"/>
</kw>
<status status="NOT RUN" start="2025-11-07T15:33:23.612083" elapsed="0.006328"/>
</branch>
<status status="NOT RUN" start="2025-11-07T15:33:23.605556" elapsed="0.013035"/>
</if>
<status status="NOT RUN" start="2025-11-07T15:33:23.604578" elapsed="0.014105"/>
</branch>
<status status="PASS" start="2025-11-07T15:33:23.604455" elapsed="0.014394"/>
</if>
<kw name="Copy Dictionary" owner="Collections">
<msg time="2025-11-07T15:33:23.620287" level="INFO">${applicant} = {'FirstName': 'Ana', 'LastName': 'Villar', 'email': 'aditya.chelluru@finmkt.io', 'street_add': '11765 West Avenue', 'city': 'San Antonio', 'state': 'Texas', 'zipcode': '78216', 'Do_you_own_installatio...</msg>
<var>${applicant}</var>
<arg>${application}</arg>
<doc>Returns a copy of the given dictionary.</doc>
<status status="PASS" start="2025-11-07T15:33:23.619223" elapsed="0.001541"/>
</kw>
<kw name="Set Global Variable" owner="BuiltIn">
<msg time="2025-11-07T15:33:23.622757" level="INFO">${applicant} = {'FirstName': 'Ana', 'LastName': 'Villar', 'email': 'aditya.chelluru@finmkt.io', 'street_add': '11765 West Avenue', 'city': 'San Antonio', 'state': 'Texas', 'zipcode': '78216', 'Do_you_own_installatio...</msg>
<arg>${applicant}</arg>
<doc>Makes a variable available globally in all tests and suites.</doc>
<status status="PASS" start="2025-11-07T15:33:23.621358" elapsed="0.002044"/>
</kw>
<kw name="Set Global Variable" owner="BuiltIn">
<msg time="2025-11-07T15:33:23.625237" level="INFO">${application} = {'FirstName': 'Ana', 'LastName': 'Villar', 'email': 'aditya.chelluru@finmkt.io', 'street_add': '11765 West Avenue', 'city': 'San Antonio', 'state': 'Texas', 'zipcode': '78216', 'Do_you_own_installatio...</msg>
<arg>${application}</arg>
<doc>Makes a variable available globally in all tests and suites.</doc>
<status status="PASS" start="2025-11-07T15:33:23.624044" elapsed="0.001984"/>
</kw>
<status status="PASS" start="2025-11-07T15:33:23.571792" elapsed="0.054642"/>
</kw>
<kw name="Copy Dictionary" owner="Collections">
<msg time="2025-11-07T15:33:23.629355" level="INFO">${modified_app} = {'FirstName': 'Ana', 'LastName': 'Villar', 'email': 'aditya.chelluru@finmkt.io', 'street_add': '11765 West Avenue', 'city': 'San Antonio', 'state': 'Texas', 'zipcode': '78216', 'Do_you_own_installatio...</msg>
<var>${modified_app}</var>
<arg>${application}</arg>
<doc>Returns a copy of the given dictionary.</doc>
<status status="PASS" start="2025-11-07T15:33:23.627491" elapsed="0.002745"/>
</kw>
<kw name="Set To Dictionary" owner="Collections">
<arg>${modified_app}</arg>
<arg>email=aditya.chelluru@finmkt.io</arg>
<doc>Adds the given ``key_value_pairs`` and/or ``items`` to the ``dictionary``.</doc>
<status status="PASS" start="2025-11-07T15:33:23.631639" elapsed="0.002078"/>
</kw>
<kw name="Set Global Variable" owner="BuiltIn">
<msg time="2025-11-07T15:33:23.636550" level="INFO">${application} = {'FirstName': 'Ana', 'LastName': 'Villar', 'email': 'aditya.chelluru@finmkt.io', 'street_add': '11765 West Avenue', 'city': 'San Antonio', 'state': 'Texas', 'zipcode': '78216', 'Do_you_own_installatio...</msg>
<arg>${application}</arg>
<arg>${modified_app}</arg>
<doc>Makes a variable available globally in all tests and suites.</doc>
<status status="PASS" start="2025-11-07T15:33:23.635539" elapsed="0.001638"/>
</kw>
<kw name="Application Details Page" owner="Application_details_Page">
<kw name="Run Keyword And Return Status" owner="BuiltIn">
<kw name="Should Contain" owner="BuiltIn">
<msg time="2025-11-07T15:33:23.642344" level="FAIL">'['R418006', 'rba2']' does not contain 'Co-App'</msg>
<arg>${TEST TAGS}</arg>
<arg>Co-App</arg>
<doc>Fails if ``container`` does not contain ``item`` one or more times.</doc>
<status status="FAIL" start="2025-11-07T15:33:23.641015" elapsed="0.014471">'['R418006', 'rba2']' does not contain 'Co-App'</status>
</kw>
<msg time="2025-11-07T15:33:23.655943" level="INFO">${is_CoApp} = False</msg>
<var>${is_CoApp}</var>
<arg>Should Contain</arg>
<arg>${TEST TAGS}</arg>
<arg>Co-App</arg>
<doc>Runs the given keyword with given arguments and returns the status as a Boolean value.</doc>
<status status="PASS" start="2025-11-07T15:33:23.640349" elapsed="0.015929"/>
</kw>
<kw name="Wait Until Element Is Not Visible" owner="SeleniumLibrary">
<arg>css:div.position-absolute.bg-white.rounded-lg</arg>
<arg>20</arg>
<doc>Waits until the element ``locator`` is not visible.</doc>
<status status="PASS" start="2025-11-07T15:33:23.656718" elapsed="0.510200"/>
</kw>
<kw name="Wait Until Element Is Enabled" owner="SeleniumLibrary">
<arg>street-address-1</arg>
<doc>Waits until the element ``locator`` is enabled.</doc>
<status status="PASS" start="2025-11-07T15:33:24.167868" elapsed="0.298583"/>
</kw>
<kw name="Input Text" owner="SeleniumLibrary">
<msg time="2025-11-07T15:33:24.470595" level="INFO">Typing text '11765 West Avenue' into text field 'street-address-1'.</msg>
<arg>street-address-1</arg>
<arg>${application["street_add"]}</arg>
<doc>Types the given ``text`` into the text field identified by ``locator``.</doc>
<status status="PASS" start="2025-11-07T15:33:24.467959" elapsed="0.320782"/>
</kw>
<kw name="Input Text" owner="SeleniumLibrary">
<msg time="2025-11-07T15:33:24.792369" level="INFO">Typing text 'San Antonio' into text field 'city'.</msg>
<arg>city</arg>
<arg>${application["city"]}</arg>
<doc>Types the given ``text`` into the text field identified by ``locator``.</doc>
<status status="PASS" start="2025-11-07T15:33:24.789408" elapsed="0.286518"/>
</kw>
<kw name="Select From List By Label" owner="SeleniumLibrary">
<msg time="2025-11-07T15:33:25.080278" level="INFO">Selecting options from selection list 'street-address-state' by label Texas.</msg>
<arg>street-address-state</arg>
<arg>${application["state"]}</arg>
<doc>Selects options from selection list ``locator`` by ``labels``.</doc>
<status status="PASS" start="2025-11-07T15:33:25.077568" elapsed="0.230987"/>
</kw>
<kw name="Input Text" owner="SeleniumLibrary">
<msg time="2025-11-07T15:33:25.310733" level="INFO">Typing text '78216' into text field 'zipCode'.</msg>
<arg>zipCode</arg>
<arg>${application["zipcode"]}</arg>
<doc>Types the given ``text`` into the text field identified by ``locator``.</doc>
<status status="PASS" start="2025-11-07T15:33:25.309156" elapsed="0.195720"/>
</kw>
<kw name="Input Text" owner="SeleniumLibrary">
<msg time="2025-11-07T15:33:25.507307" level="INFO">Typing text 'Ana' into text field 'legal-first-name'.</msg>
<arg>legal-first-name</arg>
<arg>${application["FirstName"]}</arg>
<doc>Types the given ``text`` into the text field identified by ``locator``.</doc>
<status status="PASS" start="2025-11-07T15:33:25.505574" elapsed="0.138236"/>
</kw>
<kw name="Input Text" owner="SeleniumLibrary">
<msg time="2025-11-07T15:33:25.646936" level="INFO">Typing text 'Villar' into text field 'legal-last-name'.</msg>
<arg>legal-last-name</arg>
<arg>${application["LastName"]}</arg>
<doc>Types the given ``text`` into the text field identified by ``locator``.</doc>
<status status="PASS" start="2025-11-07T15:33:25.644764" elapsed="0.153572"/>
</kw>
<kw name="Input Text" owner="SeleniumLibrary">
<msg time="2025-11-07T15:33:25.800136" level="INFO">Typing text 'aditya.chelluru@finmkt.io' into text field 'email'.</msg>
<arg>email</arg>
<arg>${application["email"]}</arg>
<doc>Types the given ``text`` into the text field identified by ``locator``.</doc>
<status status="PASS" start="2025-11-07T15:33:25.798727" elapsed="0.235787"/>
</kw>
<kw name="Input Text" owner="SeleniumLibrary">
<msg time="2025-11-07T15:33:26.036571" level="INFO">Typing text '9877830814' into text field 'mobile-number'.</msg>
<arg>mobile-number</arg>
<arg>${application["mobileNumber"]}</arg>
<doc>Types the given ``text`` into the text field identified by ``locator``.</doc>
<status status="PASS" start="2025-11-07T15:33:26.035226" elapsed="0.226193"/>
</kw>
<kw name="Wait Until Element Is Not Visible" owner="SeleniumLibrary">
<arg>css=.position-absolute.bg-white.rounded-lg</arg>
<arg>timeout=30</arg>
<doc>Waits until the element ``locator`` is not visible.</doc>
<status status="PASS" start="2025-11-07T15:33:26.262004" elapsed="0.018075"/>
</kw>
<if>
<branch type="IF" condition="${is_CoApp}">
<kw name="Wait Until Element Is Visible" owner="SeleniumLibrary">
<arg>coapp-legal-first-name</arg>
<arg>10</arg>
<doc>Waits until the element ``locator`` is visible.</doc>
<status status="NOT RUN" start="2025-11-07T15:33:26.281509" elapsed="0.000466"/>
</kw>
<kw name="Wait Until Element Is Enabled" owner="SeleniumLibrary">
<arg>coapp-legal-first-name</arg>
<arg>10</arg>
<doc>Waits until the element ``locator`` is enabled.</doc>
<status status="NOT RUN" start="2025-11-07T15:33:26.282535" elapsed="0.000453"/>
</kw>
<kw name="Input Text" owner="SeleniumLibrary">
<arg>coapp-legal-first-name</arg>
<arg>${co_app_dup['FirstName']}</arg>
<doc>Types the given ``text`` into the text field identified by ``locator``.</doc>
<status status="NOT RUN" start="2025-11-07T15:33:26.283563" elapsed="0.000436"/>
</kw>
<kw name="Wait Until Element Is Enabled" owner="SeleniumLibrary">
<arg>coapp-legal-last-name</arg>
<arg>10</arg>
<doc>Waits until the element ``locator`` is enabled.</doc>
<status status="NOT RUN" start="2025-11-07T15:33:26.284496" elapsed="0.000449"/>
</kw>
<kw name="Input Text" owner="SeleniumLibrary">
<arg>coapp-legal-last-name</arg>
<arg>${co_app_dup['LastName']}</arg>
<doc>Types the given ``text`` into the text field identified by ``locator``.</doc>
<status status="NOT RUN" start="2025-11-07T15:33:26.285534" elapsed="0.000445"/>
</kw>
<kw name="Wait Until Element Is Enabled" owner="SeleniumLibrary">
<arg>xpath:(//input[@id="email"])[2]</arg>
<arg>10</arg>
<doc>Waits until the element ``locator`` is enabled.</doc>
<status status="NOT RUN" start="2025-11-07T15:33:26.286436" elapsed="0.000378"/>
</kw>
<kw name="Input Text" owner="SeleniumLibrary">
<arg>xpath:(//input[@id="email"])[2]</arg>
<arg>${co_app_dup['email']}</arg>
<doc>Types the given ``text`` into the text field identified by ``locator``.</doc>
<status status="NOT RUN" start="2025-11-07T15:33:26.287289" elapsed="0.000374"/>
</kw>
<kw name="Wait Until Element Is Enabled" owner="SeleniumLibrary">
<arg>xpath:(//input[@id="mobile-number"])[2]</arg>
<arg>8</arg>
<doc>Waits until the element ``locator`` is enabled.</doc>
<status status="NOT RUN" start="2025-11-07T15:33:26.288172" elapsed="0.000363"/>
</kw>
<kw name="Input Text" owner="SeleniumLibrary">
<arg>xpath:(//input[@id="mobile-number"])[2]</arg>
<arg>${co_app_dup['mobileNumber']}</arg>
<doc>Types the given ``text`` into the text field identified by ``locator``.</doc>
<status status="NOT RUN" start="2025-11-07T15:33:26.288965" elapsed="0.000374"/>
</kw>
<status status="NOT RUN" start="2025-11-07T15:33:26.280623" elapsed="0.008954"/>
</branch>
<status status="PASS" start="2025-11-07T15:33:26.280558" elapsed="0.009146"/>
</if>
<kw name="Wait Until Element Is Visible" owner="SeleniumLibrary">
<arg>no</arg>
<arg>10</arg>
<doc>Waits until the element ``locator`` is visible.</doc>
<status status="PASS" start="2025-11-07T15:33:26.289958" elapsed="0.034881"/>
</kw>
<kw name="Wait Until Element Is Enabled" owner="SeleniumLibrary">
<arg>yes</arg>
<arg>10</arg>
<doc>Waits until the element ``locator`` is enabled.</doc>
<status status="PASS" start="2025-11-07T15:33:26.325529" elapsed="0.047848"/>
</kw>
<kw name="Click Element" owner="SeleniumLibrary">
<msg time="2025-11-07T15:33:26.375697" level="INFO">Clicking element 'no'.</msg>
<arg>no</arg>
<doc>Click the element identified by ``locator``.</doc>
<status status="PASS" start="2025-11-07T15:33:26.374586" elapsed="0.133092"/>
</kw>
<kw name="Wait Until Element Is Enabled" owner="SeleniumLibrary">
<arg>xpath:/html/body/div[1]/div[2]/div[1]/div/div[2]/div/span/form/div[3]/div/div/div/div/div[2]/div/button</arg>
<arg>10</arg>
<doc>Waits until the element ``locator`` is enabled.</doc>
<status status="PASS" start="2025-11-07T15:33:26.508079" elapsed="0.038655"/>
</kw>
<kw name="Click Button" owner="SeleniumLibrary">
<msg time="2025-11-07T15:33:26.548347" level="INFO">Clicking button 'xpath:/html/body/div[1]/div[2]/div[1]/div/div[2]/div/span/form/div[3]/div/div/div/div/div[2]/div/button'.</msg>
<arg>xpath:/html/body/div[1]/div[2]/div[1]/div/div[2]/div/span/form/div[3]/div/div/div/div/div[2]/div/button</arg>
<doc>Clicks the button identified by ``locator``.</doc>
<status status="PASS" start="2025-11-07T15:33:26.547438" elapsed="0.206690"/>
</kw>
<status status="PASS" start="2025-11-07T15:33:23.639266" elapsed="3.115457"/>
</kw>
<kw name="verification info pop-up" owner="Verification_Info_pop-up">
<kw name="Run Keyword And Return Status" owner="BuiltIn">
<kw name="Should Contain" owner="BuiltIn">
<msg time="2025-11-07T15:33:26.759844" level="FAIL">'['R418006', 'rba2']' does not contain 'Co-App'</msg>
<arg>${TEST TAGS}</arg>
<arg>Co-App</arg>
<doc>Fails if ``container`` does not contain ``item`` one or more times.</doc>
<status status="FAIL" start="2025-11-07T15:33:26.758778" elapsed="0.007164">'['R418006', 'rba2']' does not contain 'Co-App'</status>
</kw>
<msg time="2025-11-07T15:33:26.766321" level="INFO">${is_CoApp} = False</msg>
<var>${is_CoApp}</var>
<arg>Should Contain</arg>
<arg>${TEST TAGS}</arg>
<arg>Co-App</arg>
<doc>Runs the given keyword with given arguments and returns the status as a Boolean value.</doc>
<status status="PASS" start="2025-11-07T15:33:26.757931" elapsed="0.009206"/>
</kw>
<kw name="Get Location" owner="SeleniumLibrary">
<msg time="2025-11-07T15:33:26.780633" level="INFO">${creating_new_Url} = https://rba2-qa.mktplacegateway.com/dc/initiate-application?m=6863782ec54eaa9f42305820&amp;pId=5c86c1dd3fe07d3f675d9417&amp;spId=5cb111f23fe07d72716dc547&amp;locationId=685ce904c54eaa7f5fc52649&amp;appId=4f76b518-029...</msg>
<var>${creating_new_Url}</var>
<doc>Returns the current browser window URL.</doc>
<status status="PASS" start="2025-11-07T15:33:26.768367" elapsed="0.012517"/>
</kw>
<kw name="Evaluate" owner="BuiltIn">
<msg time="2025-11-07T15:33:26.782073" level="INFO">${match} = ['6863782ec54eaa9f42305820', '5c86c1dd3fe07d3f675d9417', '5cb111f23fe07d72716dc547', '685ce904c54eaa7f5fc52649', '4f76b518-0291-4926-8f0c-1e1f50014938', '6874b49bc54eaaa858fc98ed']</msg>
<var>${match}</var>
<arg>__import__('re').findall(r'[a-z0-9\-]{24,36}', '''${creating_new_Url}''')</arg>
<doc>Evaluates the given expression in Python and returns the result.</doc>
<status status="PASS" start="2025-11-07T15:33:26.781220" elapsed="0.001028"/>
</kw>
<kw name="Log To Console" owner="BuiltIn">
<arg>${match}</arg>
<doc>Logs the given message to the console.</doc>
<status status="PASS" start="2025-11-07T15:33:26.782556" elapsed="0.000839"/>
</kw>
<kw name="Set Global Variable" owner="BuiltIn">
<msg time="2025-11-07T15:33:26.786468" level="INFO">${APP_ID} = 4f76b518-0291-4926-8f0c-1e1f50014938</msg>
<arg>${APP_ID}</arg>
<arg>${match[-2]}</arg>
<doc>Makes a variable available globally in all tests and suites.</doc>
<status status="PASS" start="2025-11-07T15:33:26.783742" elapsed="0.003133"/>
</kw>
<kw name="Set Global Variable" owner="BuiltIn">
<msg time="2025-11-07T15:33:26.788703" level="INFO">${Location_ID} = 685ce904c54eaa7f5fc52649</msg>
<arg>${Location_ID}</arg>
<arg>${match[-3]}</arg>
<doc>Makes a variable available globally in all tests and suites.</doc>
<status status="PASS" start="2025-11-07T15:33:26.787189" elapsed="0.001792"/>
</kw>
<kw name="Set Global Variable" owner="BuiltIn">
<msg time="2025-11-07T15:33:26.791649" level="INFO">${Merchant_ID} = 6863782ec54eaa9f42305820</msg>
<arg>${Merchant_ID}</arg>
<arg>${match[0]}</arg>
<doc>Makes a variable available globally in all tests and suites.</doc>
<status status="PASS" start="2025-11-07T15:33:26.789314" elapsed="0.002701"/>
</kw>
<if>
<branch type="IF" condition="${is_CoApp}">
<kw name="Wait Until Element Is Visible" owner="SeleniumLibrary">
<arg>xpath://*[@id="send-application-modal___BV_modal_body_"]/div/div[8]/div[2]/div/button</arg>
<arg>20</arg>
<doc>Waits until the element ``locator`` is visible.</doc>
<status status="NOT RUN" start="2025-11-07T15:33:26.793319" elapsed="0.000282"/>
</kw>
<kw name="Wait Until Element Is Enabled" owner="SeleniumLibrary">
<arg>xpath://*[@id="send-application-modal___BV_modal_body_"]/div/div[8]/div[2]/div/button</arg>
<arg>120</arg>
<doc>Waits until the element ``locator`` is enabled.</doc>
<status status="NOT RUN" start="2025-11-07T15:33:26.793882" elapsed="0.000431"/>
</kw>
<kw name="Click Button" owner="SeleniumLibrary">
<arg>xpath://*[@id="send-application-modal___BV_modal_body_"]/div/div[8]/div[2]/div/button</arg>
<doc>Clicks the button identified by ``locator``.</doc>
<status status="NOT RUN" start="2025-11-07T15:33:26.794785" elapsed="0.000391"/>
</kw>
<status status="NOT RUN" start="2025-11-07T15:33:26.792723" elapsed="0.002701"/>
</branch>
<branch type="ELSE">
<kw name="Wait Until Element Is Visible" owner="SeleniumLibrary">
<arg>xpath://*[@id="send-application-modal___BV_modal_body_"]/div/div[7]/div[2]/div/button</arg>
<arg>20</arg>
<doc>Waits until the element ``locator`` is visible.</doc>
<status status="PASS" start="2025-11-07T15:33:26.796046" elapsed="0.038199"/>
</kw>
<kw name="Wait Until Element Is Enabled" owner="SeleniumLibrary">
<arg>xpath://*[@id="send-application-modal___BV_modal_body_"]/div/div[7]/div[2]/div/button</arg>
<arg>180</arg>
<doc>Waits until the element ``locator`` is enabled.</doc>
<status status="PASS" start="2025-11-07T15:33:26.834985" elapsed="0.053312"/>
</kw>
<kw name="Scroll Element Into View" owner="SeleniumLibrary">
<arg>xpath://*[@id="send-application-modal___BV_modal_body_"]/div/div[7]/div[2]/div/button</arg>
<doc>Scrolls the element identified by ``locator`` into view.</doc>
<status status="PASS" start="2025-11-07T15:33:26.889087" elapsed="0.314661"/>
</kw>
<kw name="Click Element" owner="SeleniumLibrary">
<msg time="2025-11-07T15:33:27.204580" level="INFO">Clicking element 'xpath://*[@id="send-application-modal___BV_modal_body_"]/div/div[7]/div[2]/div/button'.</msg>
<arg>xpath://*[@id="send-application-modal___BV_modal_body_"]/div/div[7]/div[2]/div/button</arg>
<doc>Click the element identified by ``locator``.</doc>
<status status="PASS" start="2025-11-07T15:33:27.204117" elapsed="0.124812"/>
</kw>
<status status="PASS" start="2025-11-07T15:33:26.795556" elapsed="0.533624"/>
</branch>
<status status="PASS" start="2025-11-07T15:33:26.792663" elapsed="0.536593"/>
</if>
<kw name="Wait Until Page Contains" owner="SeleniumLibrary">
<arg>Application Sent Successfully!</arg>
<arg>15</arg>
<doc>Waits until ``text`` appears on the current page.</doc>
<status status="PASS" start="2025-11-07T15:33:27.329465" elapsed="0.676215"/>
</kw>
<status status="PASS" start="2025-11-07T15:33:26.756289" elapsed="1.249760"/>
</kw>
<kw name="URL Applicant" owner="URL_applicant">
<for flavor="IN">
<iter>
<kw name="Run Keyword And Return Status" owner="BuiltIn">
<kw name="Should Start With" owner="BuiltIn">
<msg time="2025-11-07T15:33:28.015318" level="FAIL">'R418006' does not start with 'rba'</msg>
<arg>${tag}</arg>
<arg>rba</arg>
<doc>Fails if the string ``str1`` does not start with the string ``str2``.</doc>
<status status="FAIL" start="2025-11-07T15:33:28.013350" elapsed="0.008693">'R418006' does not start with 'rba'</status>
</kw>
<msg time="2025-11-07T15:33:28.022444" level="INFO">${is_present} = False</msg>
<var>${is_present}</var>
<arg>Should Start With</arg>
<arg>${tag}</arg>
<arg>rba</arg>
<doc>Runs the given keyword with given arguments and returns the status as a Boolean value.</doc>
<status status="PASS" start="2025-11-07T15:33:28.012267" elapsed="0.010564"/>
</kw>
<if>
<branch type="IF" condition="${is_present}">
<kw name="Set Variable" owner="BuiltIn">
<var>${base_url}</var>
<arg>${tag}</arg>
<doc>Returns the given values which can then be assigned to a variables.</doc>
<status status="NOT RUN" start="2025-11-07T15:33:28.026556" elapsed="0.001747"/>
</kw>
<kw name="Exit For Loop" owner="BuiltIn">
<doc>Stops executing the enclosing FOR loop.</doc>
<status status="NOT RUN" start="2025-11-07T15:33:28.029105" elapsed="0.000486"/>
</kw>
<status status="NOT RUN" start="2025-11-07T15:33:28.023348" elapsed="0.006583"/>
</branch>
<status status="PASS" start="2025-11-07T15:33:28.023287" elapsed="0.006825"/>
</if>
<var name="${tag}">R418006</var>
<status status="PASS" start="2025-11-07T15:33:28.011454" elapsed="0.018751"/>
</iter>
<iter>
<kw name="Run Keyword And Return Status" owner="BuiltIn">
<kw name="Should Start With" owner="BuiltIn">
<arg>${tag}</arg>
<arg>rba</arg>
<doc>Fails if the string ``str1`` does not start with the string ``str2``.</doc>
<status status="PASS" start="2025-11-07T15:33:28.033967" elapsed="0.000738"/>
</kw>
<msg time="2025-11-07T15:33:28.035065" level="INFO">${is_present} = True</msg>
<var>${is_present}</var>
<arg>Should Start With</arg>
<arg>${tag}</arg>
<arg>rba</arg>
<doc>Runs the given keyword with given arguments and returns the status as a Boolean value.</doc>
<status status="PASS" start="2025-11-07T15:33:28.031901" elapsed="0.003660"/>
</kw>
<if>
<branch type="IF" condition="${is_present}">
<kw name="Set Variable" owner="BuiltIn">
<msg time="2025-11-07T15:33:28.037619" level="INFO">${base_url} = rba2</msg>
<var>${base_url}</var>
<arg>${tag}</arg>
<doc>Returns the given values which can then be assigned to a variables.</doc>
<status status="PASS" start="2025-11-07T15:33:28.036469" elapsed="0.001753"/>
</kw>
<kw name="Exit For Loop" owner="BuiltIn">
<msg time="2025-11-07T15:33:28.040091" level="INFO">Exiting for loop altogether.</msg>
<doc>Stops executing the enclosing FOR loop.</doc>
<status status="PASS" start="2025-11-07T15:33:28.039083" elapsed="0.001791"/>
</kw>
<status status="PASS" start="2025-11-07T15:33:28.035886" elapsed="0.005332"/>
</branch>
<status status="PASS" start="2025-11-07T15:33:28.035835" elapsed="0.005502"/>
</if>
<var name="${tag}">rba2</var>
<status status="PASS" start="2025-11-07T15:33:28.030867" elapsed="0.010541"/>
</iter>
<var>${tag}</var>
<value>@{TEST_TAGS}</value>
<status status="PASS" start="2025-11-07T15:33:28.009985" elapsed="0.031568"/>
</for>
<kw name="Get Location" owner="SeleniumLibrary">
<msg time="2025-11-07T15:33:28.055069" level="INFO">${url} = https://rba2-qa.mktplacegateway.com/dc/application-sent?m=6863782ec54eaa9f42305820&amp;pId=5c86c1dd3fe07d3f675d9417&amp;spId=5cb111f23fe07d72716dc547&amp;locationId=685ce904c54eaa7f5fc52649&amp;appId=4f76b518-0291-49...</msg>
<var>${url}</var>
<doc>Returns the current browser window URL.</doc>
<status status="PASS" start="2025-11-07T15:33:28.042298" elapsed="0.013242"/>
</kw>
<kw name="Run Keyword And Return Status" owner="BuiltIn">
<kw name="Should Contain" owner="BuiltIn">
<msg time="2025-11-07T15:33:28.057756" level="FAIL">'https://rba2-qa.mktplacegateway.com/dc/application-sent?m=6863782ec54eaa9f42305820&amp;pId=5c86c1dd3fe07d3f675d9417&amp;spId=5cb111f23fe07d72716dc547&amp;locationId=685ce904c54eaa7f5fc52649&amp;appId=4f76b518-0291-4926-8f0c-1e1f50014938&amp;offerCode=6874b49bc54eaaa858fc98ed' does not contain 'loanId='</msg>
<arg>${url}</arg>
<arg>loanId=</arg>
<doc>Fails if ``container`` does not contain ``item`` one or more times.</doc>
<status status="FAIL" start="2025-11-07T15:33:28.056900" elapsed="0.013338">'https://rba2-qa.mktplacegateway.com/dc/application-sent?m=6863782ec54eaa9f42305820&amp;pId=5c86c1dd3fe07d3f675d9417&amp;spId=5cb111f23fe07d72716dc547&amp;locationId=685ce904c54eaa7f5fc52649&amp;appId=4f76b518-0291-4926-8f0c-1e1f50014938&amp;offerCode=6874b49bc54eaaa858fc98ed' does not contain 'loanId='</status>
</kw>
<msg time="2025-11-07T15:33:28.070666" level="INFO">${loan_id_is_present} = False</msg>
<var>${loan_id_is_present}</var>
<arg>Should Contain</arg>
<arg>${url}</arg>
<arg>loanId=</arg>
<doc>Runs the given keyword with given arguments and returns the status as a Boolean value.</doc>
<status status="PASS" start="2025-11-07T15:33:28.055993" elapsed="0.015297"/>
</kw>
<if>
<branch type="IF" condition="${loan_id_is_present}">
<kw name="Evaluate" owner="BuiltIn">
<var>${match}</var>
<arg>__import__('re').findall(r'loanId=([a-z0-9\-]{24,36})', '''${url}''')</arg>
<doc>Evaluates the given expression in Python and returns the result.</doc>
<status status="NOT RUN" start="2025-11-07T15:33:28.072499" elapsed="0.000497"/>
</kw>
<kw name="Log To Console" owner="BuiltIn">
<arg>${match}</arg>
<doc>Logs the given message to the console.</doc>
<status status="NOT RUN" start="2025-11-07T15:33:28.073701" elapsed="0.001507"/>
</kw>
<kw name="Set Variable" owner="BuiltIn">
<var>${M_URL}</var>
<arg>https://${base_Url}-qa.mktplacegateway.com/c/application-authorization?loanId=${match[0]}&amp;type=CO_APPLICANT&amp;m=${Merchant_ID}&amp;locationId=${Location_ID}</arg>
<doc>Returns the given values which can then be assigned to a variables.</doc>
<status status="NOT RUN" start="2025-11-07T15:33:28.076790" elapsed="0.001106"/>
</kw>
<status status="NOT RUN" start="2025-11-07T15:33:28.071778" elapsed="0.006720"/>
</branch>
<branch type="ELSE">
<kw name="Set Variable" owner="BuiltIn">
<msg time="2025-11-07T15:33:28.082977" level="INFO">${M_URL} = https://rba2-qa.mktplacegateway.com/c/application-authorization?appId=4f76b518-0291-4926-8f0c-1e1f50014938&amp;type=APPLICANT&amp;m=6863782ec54eaa9f42305820&amp;locationId=685ce904c54eaa7f5fc52649</msg>
<var>${M_URL}</var>
<arg>https://${base_Url}-qa.mktplacegateway.com/c/application-authorization?appId=${APP_ID}&amp;type=APPLICANT&amp;m=${Merchant_ID}&amp;locationId=${Location_ID}</arg>
<doc>Returns the given values which can then be assigned to a variables.</doc>
<status status="PASS" start="2025-11-07T15:33:28.080606" elapsed="0.003590"/>
</kw>
<status status="PASS" start="2025-11-07T15:33:28.078949" elapsed="0.005577"/>
</branch>
<status status="PASS" start="2025-11-07T15:33:28.071722" elapsed="0.012895"/>
</if>
<kw name="Execute Javascript" owner="SeleniumLibrary">
<msg time="2025-11-07T15:33:28.087523" level="INFO">Executing JavaScript:
window.open('https://rba2-qa.mktplacegateway.com/c/application-authorization?appId=4f76b518-0291-4926-8f0c-1e1f50014938&amp;type=APPLICANT&amp;m=6863782ec54eaa9f42305820&amp;locationId=685ce904c54eaa7f5fc52649', '_blank')
Without any arguments.</msg>
<arg>window.open('${M_URL}', '_blank')</arg>
<doc>Executes the given JavaScript code with possible arguments.</doc>
<status status="PASS" start="2025-11-07T15:33:28.084876" elapsed="0.083203"/>
</kw>
<kw name="Switch Window" owner="SeleniumLibrary">
<arg>NEW</arg>
<doc>Switches to browser window matching ``locator``.</doc>
<status status="PASS" start="2025-11-07T15:33:28.168728" elapsed="0.017011"/>
</kw>
<kw name="Get Location" owner="SeleniumLibrary">
<msg time="2025-11-07T15:33:28.845304" level="INFO">${location} = https://rba2-qa.mktplacegateway.com/c/application-authorization?appId=4f76b518-0291-4926-8f0c-1e1f50014938&amp;type=APPLICANT&amp;m=6863782ec54eaa9f42305820&amp;locationId=685ce904c54eaa7f5fc52649</msg>
<var>${location}</var>
<doc>Returns the current browser window URL.</doc>
<status status="PASS" start="2025-11-07T15:33:28.186143" elapsed="0.659591"/>
</kw>
<kw name="Log To Console" owner="BuiltIn">
<arg>this is the location</arg>
<arg>${location}</arg>
<doc>Logs the given message to the console.</doc>
<status status="PASS" start="2025-11-07T15:33:28.846111" elapsed="0.000768"/>
</kw>
<status status="PASS" start="2025-11-07T15:33:28.008192" elapsed="0.838953"/>
</kw>
<kw name="Application Authorization Page" owner="Application_Authorization">
<kw name="Wait Until Element Is Not Visible" owner="SeleniumLibrary">
<arg>css:div.position-absolute.bg-white.rounded-lg</arg>
<arg>120</arg>
<doc>Waits until the element ``locator`` is not visible.</doc>
<status status="PASS" start="2025-11-07T15:33:28.848322" elapsed="0.043797"/>
</kw>
<kw name="Wait Until Element Is Enabled" owner="SeleniumLibrary">
<arg>xpath:/html/body/div/div[2]/div[1]/div/div[2]/div/div[5]/div/div/button/div</arg>
<arg>120</arg>
<doc>Waits until the element ``locator`` is enabled.</doc>
<status status="PASS" start="2025-11-07T15:33:28.893357" elapsed="0.041897"/>
</kw>
<kw name="Click Element" owner="SeleniumLibrary">
<msg time="2025-11-07T15:33:28.936808" level="INFO">Clicking element 'xpath:/html/body/div/div[2]/div[1]/div/div[2]/div/div[5]/div/div/button/div'.</msg>
<arg>xpath:/html/body/div/div[2]/div[1]/div/div[2]/div/div[5]/div/div/button/div</arg>
<doc>Click the element identified by ``locator``.</doc>
<status status="PASS" start="2025-11-07T15:33:28.935722" elapsed="0.093351"/>
</kw>
<status status="PASS" start="2025-11-07T15:33:28.847651" elapsed="0.182111"/>
</kw>
<kw name="Credit freeze page" owner="Credit_Freeze_Page">
<kw name="Wait Until Element Is Not Visible" owner="SeleniumLibrary">
<arg>css:div.position-absolute.bg-white.rounded-lg</arg>
<arg>10</arg>
<doc>Waits until the element ``locator`` is not visible.</doc>
<status status="PASS" start="2025-11-07T15:33:29.035717" elapsed="0.517784"/>
</kw>
<kw name="Wait Until Page Contains" owner="SeleniumLibrary">
<arg>Credit Freeze Reminder</arg>
<arg>20</arg>
<doc>Waits until ``text`` appears on the current page.</doc>
<status status="PASS" start="2025-11-07T15:33:29.554202" elapsed="0.022948"/>
</kw>
<kw name="Wait Until Element Is Enabled" owner="SeleniumLibrary">
<arg>xpath:/html/body/div/div[2]/div[1]/div/div/div[2]/div/div[4]/div/button</arg>
<doc>Waits until the element ``locator`` is enabled.</doc>
<status status="PASS" start="2025-11-07T15:33:29.577794" elapsed="0.045742"/>
</kw>
<kw name="Click Element" owner="SeleniumLibrary">
<msg time="2025-11-07T15:33:29.625247" level="INFO">Clicking element 'xpath:/html/body/div/div[2]/div[1]/div/div/div[2]/div/div[4]/div/button'.</msg>
<arg>xpath:/html/body/div/div[2]/div[1]/div/div/div[2]/div/div[4]/div/button</arg>
<doc>Click the element identified by ``locator``.</doc>
<status status="PASS" start="2025-11-07T15:33:29.624174" elapsed="0.109225"/>
</kw>
<status status="PASS" start="2025-11-07T15:33:29.034738" elapsed="0.699017"/>
</kw>
<kw name="prove data" owner="Prove_data_Page">
<kw name="Wait Until Element Is Enabled" owner="SeleniumLibrary">
<arg>ssn</arg>
<arg>20</arg>
<doc>Waits until the element ``locator`` is enabled.</doc>
<status status="PASS" start="2025-11-07T15:33:29.735880" elapsed="0.536436"/>
</kw>
<if>
<branch type="IF" condition="'${type}' == 'None'">
<kw name="Input Text" owner="SeleniumLibrary">
<msg time="2025-11-07T15:33:30.276695" level="INFO">Typing text '666308630' into text field 'ssn'.</msg>
<arg>ssn</arg>
<arg>${application['ssn']}</arg>
<doc>Types the given ``text`` into the text field identified by ``locator``.</doc>
<status status="PASS" start="2025-11-07T15:33:30.273969" elapsed="0.169558"/>
</kw>
<kw name="Input Text" owner="SeleniumLibrary">
<msg time="2025-11-07T15:33:30.445917" level="INFO">Typing text '9877830814' into text field 'prove-mobile-number'.</msg>
<arg>prove-mobile-number</arg>
<arg>${application['mobileNumber']}</arg>
<doc>Types the given ``text`` into the text field identified by ``locator``.</doc>
<status status="PASS" start="2025-11-07T15:33:30.443995" elapsed="0.204635"/>
</kw>
<status status="PASS" start="2025-11-07T15:33:30.272930" elapsed="0.376285"/>
</branch>
<branch type="ELSE">
<kw name="Input Text" owner="SeleniumLibrary">
<arg>ssn</arg>
<arg>${co_app_dup['ssn']}</arg>
<doc>Types the given ``text`` into the text field identified by ``locator``.</doc>
<status status="NOT RUN" start="2025-11-07T15:33:30.650443" elapsed="0.000710"/>
</kw>
<kw name="Input Text" owner="SeleniumLibrary">
<arg>prove-mobile-number</arg>
<arg>${co_app_dup['mobileNumber']}</arg>
<doc>Types the given ``text`` into the text field identified by ``locator``.</doc>
<status status="NOT RUN" start="2025-11-07T15:33:30.651898" elapsed="0.000666"/>
</kw>
<status status="NOT RUN" start="2025-11-07T15:33:30.649426" elapsed="0.003643"/>
</branch>
<status status="PASS" start="2025-11-07T15:33:30.272858" elapsed="0.380381"/>
</if>
<kw name="Click Button" owner="SeleniumLibrary">
<msg time="2025-11-07T15:33:30.654670" level="INFO">Clicking button 'xpath:/html/body/div/div[2]/div[1]/div/div/div[2]/div/span/form/fieldset/div/div[6]/div/div/button'.</msg>
<arg>xpath:/html/body/div/div[2]/div[1]/div/div/div[2]/div/span/form/fieldset/div/div[6]/div/div/button</arg>
<doc>Clicks the button identified by ``locator``.</doc>
<status status="PASS" start="2025-11-07T15:33:30.653668" elapsed="0.233070"/>
</kw>
<status status="PASS" start="2025-11-07T15:33:29.734554" elapsed="1.152637"/>
</kw>
<kw name="basic information" owner="Basic_Info_Page">
<kw name="Run Keyword And Return Status" owner="BuiltIn">
<kw name="Should Contain" owner="BuiltIn">
<msg time="2025-11-07T15:33:30.890482" level="FAIL">'['R418006', 'rba2']' does not contain 'Co-App'</msg>
<arg>${TEST TAGS}</arg>
<arg>Co-App</arg>
<doc>Fails if ``container`` does not contain ``item`` one or more times.</doc>
<status status="FAIL" start="2025-11-07T15:33:30.889719" elapsed="0.007363">'['R418006', 'rba2']' does not contain 'Co-App'</status>
</kw>
<msg time="2025-11-07T15:33:30.897632" level="INFO">${is_CoApp} = False</msg>
<var>${is_CoApp}</var>
<arg>Should Contain</arg>
<arg>${TEST TAGS}</arg>
<arg>Co-App</arg>
<doc>Runs the given keyword with given arguments and returns the status as a Boolean value.</doc>
<status status="PASS" start="2025-11-07T15:33:30.889174" elapsed="0.009116"/>
</kw>
<kw name="Wait Until Element Is Enabled" owner="SeleniumLibrary">
<arg>xpath:/html/body/div[1]/div[2]/div[1]/div/div/div[2]/span/form/fieldset/div/div[7]/div/div/span/div/input</arg>
<arg>30</arg>
<doc>Waits until the element ``locator`` is enabled.</doc>
<status status="PASS" start="2025-11-07T15:33:30.899050" elapsed="2.343489"/>
</kw>
<kw name="Sleep" owner="BuiltIn">
<msg time="2025-11-07T15:33:36.246567" level="INFO">Slept 3 seconds.</msg>
<arg>3</arg>
<doc>Pauses the test executed for the given time.</doc>
<status status="PASS" start="2025-11-07T15:33:33.243977" elapsed="3.008013"/>
</kw>
<kw name="Run Keyword And Return Status" owner="BuiltIn">
<kw name="Should Contain" owner="BuiltIn">
<msg time="2025-11-07T15:33:36.256270" level="FAIL">'['R418006', 'rba2']' does not contain 'Prove'</msg>
<arg>${TEST TAGS}</arg>
<arg>Prove</arg>
<doc>Fails if ``container`` does not contain ``item`` one or more times.</doc>
<status status="FAIL" start="2025-11-07T15:33:36.255718" elapsed="0.007352">'['R418006', 'rba2']' does not contain 'Prove'</status>
</kw>
<msg time="2025-11-07T15:33:36.263611" level="INFO">${is_prove} = False</msg>
<var>${is_prove}</var>
<arg>Should Contain</arg>
<arg>${TEST TAGS}</arg>
<arg>Prove</arg>
<doc>Runs the given keyword with given arguments and returns the status as a Boolean value.</doc>
<status status="PASS" start="2025-11-07T15:33:36.255162" elapsed="0.009135"/>
</kw>
<if>
<branch type="IF" condition="'${primary}'=='None'">
<kw name="Set Variable" owner="BuiltIn">
<msg time="2025-11-07T15:33:36.267342" level="INFO">${data} = {'FirstName': 'Ana', 'LastName': 'Villar', 'email': 'aditya.chelluru@finmkt.io', 'street_add': '11765 West Avenue', 'city': 'San Antonio', 'state': 'Texas', 'zipcode': '78216', 'Do_you_own_installatio...</msg>
<var>${data}</var>
<arg>${application}</arg>
<doc>Returns the given values which can then be assigned to a variables.</doc>
<status status="PASS" start="2025-11-07T15:33:36.266308" elapsed="0.002713"/>
</kw>
<status status="PASS" start="2025-11-07T15:33:36.264885" elapsed="0.006434"/>
</branch>
<branch type="ELSE">
<kw name="Set Variable If" owner="BuiltIn">
<var>${data}</var>
<arg>${is_CoApp}</arg>
<arg>${co_app_dup}</arg>
<arg>${application}</arg>
<doc>Sets variable based on the given condition.</doc>
<status status="NOT RUN" start="2025-11-07T15:33:36.272136" elapsed="0.000265"/>
</kw>
<status status="NOT RUN" start="2025-11-07T15:33:36.271406" elapsed="0.001136"/>
</branch>
<status status="PASS" start="2025-11-07T15:33:36.264819" elapsed="0.007780"/>
</if>
<if>
<branch type="IF" condition="${is_prove}">
<kw name="Handle Prove Scenario" owner="Basic_Info_Page">
<arg>${is_CoApp}</arg>
<arg>${data}</arg>
<status status="NOT RUN" start="2025-11-07T15:33:36.273198" elapsed="0.000551"/>
</kw>
<status status="NOT RUN" start="2025-11-07T15:33:36.272677" elapsed="0.001207"/>
</branch>
<branch type="ELSE">
<kw name="Handle NonProve Scenario" owner="Basic_Info_Page">
<kw name="Wait Until Element Is Enabled" owner="SeleniumLibrary">
<arg>xpath:/html/body/div[1]/div[2]/div[1]/div/div/div[2]/span/form/fieldset/div/div[7]/div/div/span/div/input</arg>
<arg>10</arg>
<doc>Waits until the element ``locator`` is enabled.</doc>
<status status="PASS" start="2025-11-07T15:33:36.274904" elapsed="0.036268"/>
</kw>
<kw name="Input Text" owner="SeleniumLibrary">
<msg time="2025-11-07T15:33:36.313294" level="INFO">Typing text '05/01/1981' into text field 'xpath:/html/body/div[1]/div[2]/div[1]/div/div/div[2]/span/form/fieldset/div/div[7]/div/div/span/div/input'.</msg>
<arg>xpath:/html/body/div[1]/div[2]/div[1]/div/div/div[2]/span/form/fieldset/div/div[7]/div/div/span/div/input</arg>
<arg>${data['dob']}</arg>
<doc>Types the given ``text`` into the text field identified by ``locator``.</doc>
<status status="PASS" start="2025-11-07T15:33:36.311760" elapsed="0.267451"/>
</kw>
<kw name="Wait Until Element Is Enabled" owner="SeleniumLibrary">
<arg>INSTALLATION__ADDRESS__DROPDOWN</arg>
<doc>Waits until the element ``locator`` is enabled.</doc>
<status status="PASS" start="2025-11-07T15:33:36.580081" elapsed="0.123528"/>
</kw>
<kw name="Execute Javascript" owner="SeleniumLibrary">
<msg time="2025-11-07T15:33:36.705812" level="INFO">Executing JavaScript:
document.getElementById("INSTALLATION__ADDRESS__DROPDOWN").value = "true";
Without any arguments.</msg>
<arg>document.getElementById("INSTALLATION__ADDRESS__DROPDOWN").value = "true";</arg>
<doc>Executes the given JavaScript code with possible arguments.</doc>
<status status="PASS" start="2025-11-07T15:33:36.704362" elapsed="0.014199"/>
</kw>
<kw name="Execute Javascript" owner="SeleniumLibrary">
<msg time="2025-11-07T15:33:36.720595" level="INFO">Executing JavaScript:
document.getElementById("INSTALLATION__ADDRESS__DROPDOWN").dispatchEvent(new Event('change'));
Without any arguments.</msg>
<arg>document.getElementById("INSTALLATION__ADDRESS__DROPDOWN").dispatchEvent(new Event('change'));</arg>
<doc>Executes the given JavaScript code with possible arguments.</doc>
<status status="PASS" start="2025-11-07T15:33:36.719212" elapsed="0.023549"/>
</kw>
<kw name="Sleep" owner="BuiltIn">
<msg time="2025-11-07T15:33:38.744522" level="INFO">Slept 2 seconds.</msg>
<arg>2</arg>
<doc>Pauses the test executed for the given time.</doc>
<status status="PASS" start="2025-11-07T15:33:36.743353" elapsed="2.002137"/>
</kw>
<kw name="Select From List By Label" owner="SeleniumLibrary">
<msg time="2025-11-07T15:33:38.749177" level="INFO">Selecting options from selection list 'INSTALLATION__ADDRESS__DROPDOWN' by label Yes, I own this property..</msg>
<arg>INSTALLATION__ADDRESS__DROPDOWN</arg>
<arg>${application['Do_you_own_installation_add']}</arg>
<doc>Selects options from selection list ``locator`` by ``labels``.</doc>
<status status="PASS" start="2025-11-07T15:33:38.746550" elapsed="0.107125"/>
</kw>
<kw name="Execute Javascript" owner="SeleniumLibrary">
<msg time="2025-11-07T15:33:38.854888" level="INFO">Executing JavaScript:
document.getElementById("INSTALLATION__ADDRESS__RESIDE__DROPDOWN").value = "true";
Without any arguments.</msg>
<arg>document.getElementById("INSTALLATION__ADDRESS__RESIDE__DROPDOWN").value = "true";</arg>
<doc>Executes the given JavaScript code with possible arguments.</doc>
<status status="PASS" start="2025-11-07T15:33:38.854097" elapsed="0.009786"/>
</kw>
<kw name="Execute Javascript" owner="SeleniumLibrary">
<msg time="2025-11-07T15:33:38.865175" level="INFO">Executing JavaScript:
document.getElementById("INSTALLATION__ADDRESS__RESIDE__DROPDOWN").dispatchEvent(new Event('change'));
Without any arguments.</msg>
<arg>document.getElementById("INSTALLATION__ADDRESS__RESIDE__DROPDOWN").dispatchEvent(new Event('change'));</arg>
<doc>Executes the given JavaScript code with possible arguments.</doc>
<status status="PASS" start="2025-11-07T15:33:38.864327" elapsed="0.017103"/>
</kw>
<kw name="Sleep" owner="BuiltIn">
<msg time="2025-11-07T15:33:40.883355" level="INFO">Slept 2 seconds.</msg>
<arg>2</arg>
<doc>Pauses the test executed for the given time.</doc>
<status status="PASS" start="2025-11-07T15:33:38.881971" elapsed="2.005462"/>
</kw>
<kw name="Select From List By Label" owner="SeleniumLibrary">
<msg time="2025-11-07T15:33:40.890903" level="INFO">Selecting options from selection list 'INSTALLATION__ADDRESS__RESIDE__DROPDOWN' by label Yes, I reside at this address..</msg>
<arg>INSTALLATION__ADDRESS__RESIDE__DROPDOWN</arg>
<arg>${application['Do_you_reside_installation_add']}</arg>
<doc>Selects options from selection list ``locator`` by ``labels``.</doc>
<status status="PASS" start="2025-11-07T15:33:40.888661" elapsed="0.119048"/>
</kw>
<kw name="Wait Until Element Is Enabled" owner="SeleniumLibrary">
<arg>xpath:/html/body/div[1]/div[2]/div[1]/div/div/div[2]/span/form/fieldset/div/div[12]/div/span/div/div/label/span[2]</arg>
<arg>20</arg>
<doc>Waits until the element ``locator`` is enabled.</doc>
<status status="PASS" start="2025-11-07T15:33:41.008298" elapsed="0.063497"/>
</kw>
<if>
<branch type="IF" condition="'${primary}' == '${None}'">
<kw name="Click Element" owner="SeleniumLibrary">
<msg time="2025-11-07T15:33:41.074153" level="INFO">Clicking element 'xpath:/html/body/div[1]/div[2]/div[1]/div/div/div[2]/span/form/fieldset/div/div[12]/div/span/div/div/label/span[2]'.</msg>
<arg>xpath:/html/body/div[1]/div[2]/div[1]/div/div/div[2]/span/form/fieldset/div/div[12]/div/span/div/div/label/span[2]</arg>
<doc>Click the element identified by ``locator``.</doc>
<status status="PASS" start="2025-11-07T15:33:41.073219" elapsed="0.217778"/>
</kw>
<status status="PASS" start="2025-11-07T15:33:41.072078" elapsed="0.219735"/>
</branch>
<branch type="ELSE">
<kw name="Fill Billing Address" owner="Basic_Info_Page">
<arg>${data}</arg>
<status status="NOT RUN" start="2025-11-07T15:33:41.293048" elapsed="0.000516"/>
</kw>
<status status="NOT RUN" start="2025-11-07T15:33:41.292032" elapsed="0.001808"/>
</branch>
<status status="PASS" start="2025-11-07T15:33:41.072044" elapsed="0.221903"/>
</if>
<kw name="Click Button" owner="SeleniumLibrary">
<msg time="2025-11-07T15:33:41.294973" level="INFO">Clicking button 'xpath:/html/body/div[1]/div[2]/div[1]/div/div/div[2]/span/form/fieldset/div/div[14]/div/div/button'.</msg>
<arg>xpath:/html/body/div[1]/div[2]/div[1]/div/div/div[2]/span/form/fieldset/div/div[14]/div/div/button</arg>
<doc>Clicks the button identified by ``locator``.</doc>
<status status="PASS" start="2025-11-07T15:33:41.294225" elapsed="0.231972"/>
</kw>
<arg>${is_CoApp}</arg>
<arg>${primary}</arg>
<arg>${data}</arg>
<status status="PASS" start="2025-11-07T15:33:36.274304" elapsed="5.252180"/>
</kw>
<status status="PASS" start="2025-11-07T15:33:36.273941" elapsed="5.252690"/>
</branch>
<status status="PASS" start="2025-11-07T15:33:36.272655" elapsed="5.254042"/>
</if>
<status status="PASS" start="2025-11-07T15:33:30.888232" elapsed="10.638529"/>
</kw>
<kw name="Personal information" owner="Personal_Information_Page">
<kw name="Run Keyword And Return Status" owner="BuiltIn">
<kw name="Should Contain" owner="BuiltIn">
<msg time="2025-11-07T15:33:41.529202" level="FAIL">'['R418006', 'rba2']' does not contain 'Co-App'</msg>
<arg>${TEST TAGS}</arg>
<arg>Co-App</arg>
<doc>Fails if ``container`` does not contain ``item`` one or more times.</doc>
<status status="FAIL" start="2025-11-07T15:33:41.528723" elapsed="0.015524">'['R418006', 'rba2']' does not contain 'Co-App'</status>
</kw>
<msg time="2025-11-07T15:33:41.545050" level="INFO">${is_CoApp} = False</msg>
<var>${is_CoApp}</var>
<arg>Should Contain</arg>
<arg>${TEST TAGS}</arg>
<arg>Co-App</arg>
<doc>Runs the given keyword with given arguments and returns the status as a Boolean value.</doc>
<status status="PASS" start="2025-11-07T15:33:41.528262" elapsed="0.019455"/>
</kw>
<kw name="Wait Until Element Is Visible" owner="SeleniumLibrary">
<arg>xpath://button[contains(text(), 'Next') or contains(@type, 'submit')]</arg>
<arg>20s</arg>
<doc>Waits until the element ``locator`` is visible.</doc>
<status status="PASS" start="2025-11-07T15:33:41.549350" elapsed="0.049362"/>
</kw>
<kw name="Sleep" owner="BuiltIn">
<msg time="2025-11-07T15:33:43.605256" level="INFO">Slept 2 seconds.</msg>
<arg>2s</arg>
<doc>Pauses the test executed for the given time.</doc>
<status status="PASS" start="2025-11-07T15:33:41.599185" elapsed="2.009572"/>
</kw>
<kw name="Run Keyword And Return Status" owner="BuiltIn">
<kw name="Should Contain" owner="BuiltIn">
<msg time="2025-11-07T15:33:43.611055" level="FAIL">'['R418006', 'rba2']' does not contain 'Prove'</msg>
<arg>${TEST TAGS}</arg>
<arg>Prove</arg>
<doc>Fails if ``container`` does not contain ``item`` one or more times.</doc>
<status status="FAIL" start="2025-11-07T15:33:43.610160" elapsed="0.017162">'['R418006', 'rba2']' does not contain 'Prove'</status>
</kw>
<msg time="2025-11-07T15:33:43.627750" level="INFO">${is_prove} = False</msg>
<var>${is_prove}</var>
<arg>Should Contain</arg>
<arg>${TEST TAGS}</arg>
<arg>Prove</arg>
<doc>Runs the given keyword with given arguments and returns the status as a Boolean value.</doc>
<status status="PASS" start="2025-11-07T15:33:43.609341" elapsed="0.018821"/>
</kw>
<if>
<branch type="IF" condition="'${primary}'=='None'">
<kw name="Set Variable" owner="BuiltIn">
<msg time="2025-11-07T15:33:43.631196" level="INFO">${data} = {'FirstName': 'Ana', 'LastName': 'Villar', 'email': 'aditya.chelluru@finmkt.io', 'street_add': '11765 West Avenue', 'city': 'San Antonio', 'state': 'Texas', 'zipcode': '78216', 'Do_you_own_installatio...</msg>
<var>${data}</var>
<arg>${application}</arg>
<doc>Returns the given values which can then be assigned to a variables.</doc>
<status status="PASS" start="2025-11-07T15:33:43.630617" elapsed="0.001619"/>
</kw>
<status status="PASS" start="2025-11-07T15:33:43.629178" elapsed="0.005339"/>
</branch>
<branch type="ELSE">
<kw name="Set Variable If" owner="BuiltIn">
<var>${data}</var>
<arg>${is_CoApp}</arg>
<arg>${co_app_dup}</arg>
<arg>${application}</arg>
<doc>Sets variable based on the given condition.</doc>
<status status="NOT RUN" start="2025-11-07T15:33:43.635494" elapsed="0.000460"/>
</kw>
<status status="NOT RUN" start="2025-11-07T15:33:43.634763" elapsed="0.001447"/>
</branch>
<status status="PASS" start="2025-11-07T15:33:43.628973" elapsed="0.007338"/>
</if>
<kw name="Wait Until Element Is Not Visible" owner="SeleniumLibrary">
<arg>xpath=//div[contains(@style, 'backdrop-filter: blur')]</arg>
<arg>timeout=15s</arg>
<doc>Waits until the element ``locator`` is not visible.</doc>
<status status="PASS" start="2025-11-07T15:33:43.636558" elapsed="0.034347"/>
</kw>
<if>
<branch type="IF" condition="${is_prove}">
<kw name="Fill Personal Information" owner="Personal_Information_Page">
<arg>${data}</arg>
<arg>${FALSE}</arg>
<status status="NOT RUN" start="2025-11-07T15:33:43.671786" elapsed="0.000264"/>
</kw>
[...]
<status status="PASS" start="2025-11-07T15:33:54.776315" elapsed="0.001628"/>
</kw>
<if>
<branch type="IF" condition="'${data_clean}' == '${question_clean}'">
<kw name="Set Variable" owner="BuiltIn">
<var>${found}</var>
<arg>True</arg>
<doc>Returns the given values which can then be assigned to a variables.</doc>
<status status="NOT RUN" start="2025-11-07T15:33:54.780059" elapsed="0.000670"/>
</kw>
<kw name="Read Excel Cell" owner="ExcelLibrary">
<var>${answer}</var>
<arg>${row}</arg>
<arg>3</arg>
<arg>${SheetName}</arg>
<doc>Returns content of a cell.</doc>
<status status="NOT RUN" start="2025-11-07T15:33:54.781400" elapsed="0.000425"/>
</kw>
<kw name="Append To List" owner="Collections">
<arg>${answers}</arg>
<arg>${answer}</arg>
<doc>Adds ``values`` to the end of ``list``.</doc>
<status status="NOT RUN" start="2025-11-07T15:33:54.782390" elapsed="0.000302"/>
</kw>
<status status="NOT RUN" start="2025-11-07T15:33:54.779026" elapsed="0.003837"/>
</branch>
<status status="PASS" start="2025-11-07T15:33:54.778977" elapsed="0.004072"/>
</if>
<kw name="Evaluate" owner="BuiltIn">
<msg time="2025-11-07T15:33:54.784538" level="INFO">${row} = 13</msg>
<var>${row}</var>
<arg>${row} + 1</arg>
<doc>Evaluates the given expression in Python and returns the result.</doc>
<status status="PASS" start="2025-11-07T15:33:54.783407" elapsed="0.001525"/>
</kw>
<status status="PASS" start="2025-11-07T15:33:54.768939" elapsed="0.016481"/>
</iter>
<iter>
<kw name="Read Excel Cell" owner="ExcelLibrary">
<msg time="2025-11-07T15:33:54.788108" level="INFO">${data} = Which of the following people lives or owns property in Dallas?</msg>
<var>${data}</var>
<arg>${row}</arg>
<arg>2</arg>
<arg>${SheetName}</arg>
<doc>Returns content of a cell.</doc>
<status status="PASS" start="2025-11-07T15:33:54.786692" elapsed="0.001868"/>
</kw>
<kw name="Run Keyword If" owner="BuiltIn">
<arg>'${data}' == ''</arg>
<arg>Exit For Loop</arg>
<doc>Runs the given keyword with the given arguments, if ``condition`` is true.</doc>
<status status="PASS" start="2025-11-07T15:33:54.789768" elapsed="0.000794"/>
</kw>
<kw name="Evaluate" owner="BuiltIn">
<msg time="2025-11-07T15:33:54.792025" level="INFO">${data_clean} = Which of the following people lives or owns property in Dallas?</msg>
<var>${data_clean}</var>
<arg>'''${data}'''.strip()</arg>
<doc>Evaluates the given expression in Python and returns the result.</doc>
<status status="PASS" start="2025-11-07T15:33:54.791075" elapsed="0.001171"/>
</kw>
<kw name="Evaluate" owner="BuiltIn">
<msg time="2025-11-07T15:33:54.793718" level="INFO">${question_clean} = Which of the following people lives or owns property in Dallas?</msg>
<var>${question_clean}</var>
<arg>'''${question}'''.strip()</arg>
<doc>Evaluates the given expression in Python and returns the result.</doc>
<status status="PASS" start="2025-11-07T15:33:54.792624" elapsed="0.001829"/>
</kw>
<if>
<branch type="IF" condition="'${data_clean}' == '${question_clean}'">
<kw name="Set Variable" owner="BuiltIn">
<msg time="2025-11-07T15:33:54.798454" level="INFO">${found} = True</msg>
<var>${found}</var>
<arg>True</arg>
<doc>Returns the given values which can then be assigned to a variables.</doc>
<status status="PASS" start="2025-11-07T15:33:54.797195" elapsed="0.001692"/>
</kw>
<kw name="Read Excel Cell" owner="ExcelLibrary">
<msg time="2025-11-07T15:33:54.801606" level="INFO">${answer} = Evan Peters</msg>
<var>${answer}</var>
<arg>${row}</arg>
<arg>3</arg>
<arg>${SheetName}</arg>
<doc>Returns content of a cell.</doc>
<status status="PASS" start="2025-11-07T15:33:54.799986" elapsed="0.002352"/>
</kw>
<kw name="Append To List" owner="Collections">
<arg>${answers}</arg>
<arg>${answer}</arg>
<doc>Adds ``values`` to the end of ``list``.</doc>
<status status="PASS" start="2025-11-07T15:33:54.803587" elapsed="0.001611"/>
</kw>
<status status="PASS" start="2025-11-07T15:33:54.795421" elapsed="0.010200"/>
</branch>
<status status="PASS" start="2025-11-07T15:33:54.795356" elapsed="0.010468"/>
</if>
<kw name="Evaluate" owner="BuiltIn">
<msg time="2025-11-07T15:33:54.807210" level="INFO">${row} = 14</msg>
<var>${row}</var>
<arg>${row} + 1</arg>
<doc>Evaluates the given expression in Python and returns the result.</doc>
<status status="PASS" start="2025-11-07T15:33:54.806145" elapsed="0.001475"/>
</kw>
<status status="PASS" start="2025-11-07T15:33:54.785537" elapsed="0.022581"/>
</iter>
<status status="PASS" start="2025-11-07T15:33:54.574845" elapsed="0.233800"/>
</while>
<kw name="Run Keyword If" owner="BuiltIn">
<arg>not ${found}</arg>
<arg>Log Question And Page URL</arg>
<arg>${question}</arg>
<doc>Runs the given keyword with the given arguments, if ``condition`` is true.</doc>
<status status="PASS" start="2025-11-07T15:33:54.808997" elapsed="0.000996"/>
</kw>
<var name="${question}">Which of the following people lives or owns property in Dallas?</var>
<status status="PASS" start="2025-11-07T15:33:54.570471" elapsed="0.239851"/>
</iter>
<var>${question}</var>
<value>@{questions}</value>
<status status="PASS" start="2025-11-07T15:33:54.153230" elapsed="0.657205"/>
</for>
<kw name="Selecting Answers" owner="KBA_Page">
<kw name="Get Length" owner="BuiltIn">
<msg time="2025-11-07T15:33:54.813351" level="INFO">Length is 3.</msg>
<msg time="2025-11-07T15:33:54.814003" level="INFO">${len} = 3</msg>
<var>${len}</var>
<arg>${answers}</arg>
<doc>Returns and logs the length of the given item as an integer.</doc>
<status status="PASS" start="2025-11-07T15:33:54.812262" elapsed="0.001944"/>
</kw>
<kw name="Run Keyword Unless" owner="BuiltIn">
<msg time="2025-11-07T15:33:54.815198" level="WARN">Keyword 'BuiltIn.Run Keyword Unless' is deprecated. </msg>
<arg>${len} == 3</arg>
<arg>Fail</arg>
<arg>Expected 3 answers, but got ${len}</arg>
<doc>*DEPRECATED since RF 5.0. Use Native IF/ELSE or `Run Keyword If` instead.*</doc>
<status status="PASS" start="2025-11-07T15:33:54.814734" elapsed="0.016036"/>
</kw>
<kw name="Get From List" owner="Collections">
<msg time="2025-11-07T15:33:54.832571" level="INFO">${ans1} = None of the Above</msg>
<var>${ans1}</var>
<arg>${answers}</arg>
<arg>0</arg>
<doc>Returns the value specified with an ``index`` from ``list``.</doc>
<status status="PASS" start="2025-11-07T15:33:54.831658" elapsed="0.001152"/>
</kw>
<kw name="Get From List" owner="Collections">
<msg time="2025-11-07T15:33:54.834422" level="INFO">${ans2} = Pine Dr</msg>
<var>${ans2}</var>
<arg>${answers}</arg>
<arg>1</arg>
<doc>Returns the value specified with an ``index`` from ``list``.</doc>
<status status="PASS" start="2025-11-07T15:33:54.833371" elapsed="0.001449"/>
</kw>
<kw name="Get From List" owner="Collections">
<msg time="2025-11-07T15:33:54.836691" level="INFO">${ans3} = Evan Peters</msg>
<var>${ans3}</var>
<arg>${answers}</arg>
<arg>2</arg>
<doc>Returns the value specified with an ``index`` from ``list``.</doc>
<status status="PASS" start="2025-11-07T15:33:54.835524" elapsed="0.001626"/>
</kw>
<kw name="Log To Console" owner="BuiltIn">
<arg>Answer 1: ${ans1}</arg>
<doc>Logs the given message to the console.</doc>
<status status="PASS" start="2025-11-07T15:33:54.837793" elapsed="0.001597"/>
</kw>
<kw name="Log To Console" owner="BuiltIn">
<arg>Answer 2: ${ans2}</arg>
<doc>Logs the given message to the console.</doc>
<status status="PASS" start="2025-11-07T15:33:54.840249" elapsed="0.001431"/>
</kw>
<kw name="Log To Console" owner="BuiltIn">
<arg>Answer 3: ${ans3}</arg>
<doc>Logs the given message to the console.</doc>
<status status="PASS" start="2025-11-07T15:33:54.842180" elapsed="0.000705"/>
</kw>
<kw name="Set Variable" owner="BuiltIn">
<msg time="2025-11-07T15:33:54.844510" level="INFO">${xpath1} = xpath://h5[contains(text(), "None of the Above")]/preceding-sibling::input[@type="radio"]</msg>
<var>${xpath1}</var>
<arg>xpath://h5[contains(text(), "${ans1}")]/preceding-sibling::input[@type="radio"]</arg>
<doc>Returns the given values which can then be assigned to a variables.</doc>
<status status="PASS" start="2025-11-07T15:33:54.843338" elapsed="0.001879"/>
</kw>
<kw name="Click Element" owner="SeleniumLibrary">
<msg time="2025-11-07T15:33:54.847108" level="INFO">Clicking element 'xpath://h5[contains(text(), "None of the Above")]/preceding-sibling::input[@type="radio"]'.</msg>
<arg>${xpath1}</arg>
<doc>Click the element identified by ``locator``.</doc>
<status status="PASS" start="2025-11-07T15:33:54.845887" elapsed="0.135756"/>
</kw>
<if>
<branch type="IF" condition="&quot;$ans2&quot; == &quot;6'1&quot;">
<kw name="Click Element" owner="SeleniumLibrary">
<arg>xpath=//input[@id="1_1" and @name="que2"]</arg>
<doc>Click the element identified by ``locator``.</doc>
<status status="NOT RUN" start="2025-11-07T15:33:54.983665" elapsed="0.000921"/>
</kw>
<status status="NOT RUN" start="2025-11-07T15:33:54.982334" elapsed="0.002940"/>
</branch>
<branch type="ELSE">
<kw name="Set Variable" owner="BuiltIn">
<msg time="2025-11-07T15:33:54.987736" level="INFO">${xpath2} = xpath://h5[contains(text(), "Pine Dr")]/preceding-sibling::input[@type="radio"]</msg>
<var>${xpath2}</var>
<arg>xpath://h5[contains(text(), "${ans2}")]/preceding-sibling::input[@type="radio"]</arg>
<doc>Returns the given values which can then be assigned to a variables.</doc>
<status status="PASS" start="2025-11-07T15:33:54.986233" elapsed="0.002016"/>
</kw>
<kw name="Click Element" owner="SeleniumLibrary">
<msg time="2025-11-07T15:33:54.990691" level="INFO">Clicking element 'xpath://h5[contains(text(), "Pine Dr")]/preceding-sibling::input[@type="radio"]'.</msg>
<arg>${xpath2}</arg>
<doc>Click the element identified by ``locator``.</doc>
<status status="PASS" start="2025-11-07T15:33:54.989066" elapsed="0.128989"/>
</kw>
<status status="PASS" start="2025-11-07T15:33:54.985509" elapsed="0.133021"/>
</branch>
<status status="PASS" start="2025-11-07T15:33:54.982253" elapsed="0.136389"/>
</if>
<if>
<branch type="IF" condition="&quot;$ans3&quot; == &quot;6'1&quot;">
<kw name="Click Element" owner="SeleniumLibrary">
<arg>xpath=//input[@id="1_1" and @name="que3"]</arg>
<doc>Click the element identified by ``locator``.</doc>
<status status="NOT RUN" start="2025-11-07T15:33:55.119494" elapsed="0.000402"/>
</kw>
<status status="NOT RUN" start="2025-11-07T15:33:55.118799" elapsed="0.001405"/>
</branch>
<branch type="ELSE">
<kw name="Set Variable" owner="BuiltIn">
<msg time="2025-11-07T15:33:55.121473" level="INFO">${xpath3} = xpath://h5[contains(text(), "Evan Peters")]/preceding-sibling::input[@type="radio"]</msg>
<var>${xpath3}</var>
<arg>xpath://h5[contains(text(), "${ans3}")]/preceding-sibling::input[@type="radio"]</arg>
<doc>Returns the given values which can then be assigned to a variables.</doc>
<status status="PASS" start="2025-11-07T15:33:55.120647" elapsed="0.001094"/>
</kw>
<kw name="Click Element" owner="SeleniumLibrary">
<msg time="2025-11-07T15:33:55.123074" level="INFO">Clicking element 'xpath://h5[contains(text(), "Evan Peters")]/preceding-sibling::input[@type="radio"]'.</msg>
<arg>${xpath3}</arg>
<doc>Click the element identified by ``locator``.</doc>
<status status="PASS" start="2025-11-07T15:33:55.122197" elapsed="0.143775"/>
</kw>
<status status="PASS" start="2025-11-07T15:33:55.120286" elapsed="0.146047"/>
</branch>
<status status="PASS" start="2025-11-07T15:33:55.118737" elapsed="0.147675"/>
</if>
<kw name="Sleep" owner="BuiltIn">
<msg time="2025-11-07T15:33:57.268029" level="INFO">Slept 2 seconds.</msg>
<arg>2</arg>
<doc>Pauses the test executed for the given time.</doc>
<status status="PASS" start="2025-11-07T15:33:55.266588" elapsed="2.002792"/>
</kw>
<arg>${answers}</arg>
<status status="PASS" start="2025-11-07T15:33:54.811084" elapsed="2.459163"/>
</kw>
<kw name="Click Button" owner="SeleniumLibrary">
<msg time="2025-11-07T15:33:57.273316" level="INFO">Clicking button 'xpath:/html/body/div/div[2]/div[1]/div/div[2]/div/span/form/div/div[3]/div/div/div/div/button'.</msg>
<arg>xpath:/html/body/div/div[2]/div[1]/div/div[2]/div/span/form/div/div[3]/div/div/div/div/button</arg>
<doc>Clicks the button identified by ``locator``.</doc>
<status status="PASS" start="2025-11-07T15:33:57.271021" elapsed="0.116428"/>
</kw>
<kw name="Sleep" owner="BuiltIn">
<msg time="2025-11-07T15:33:59.389407" level="INFO">Slept 2 seconds.</msg>
<arg>2s</arg>
<doc>Pauses the test executed for the given time.</doc>
<status status="PASS" start="2025-11-07T15:33:57.388012" elapsed="2.002021"/>
</kw>
<kw name="Set Variable" owner="BuiltIn">
<msg time="2025-11-07T15:33:59.392385" level="INFO">${max_retry} = 10</msg>
<var>${max_retry}</var>
<arg>10</arg>
<doc>Returns the given values which can then be assigned to a variables.</doc>
<status status="PASS" start="2025-11-07T15:33:59.390834" elapsed="0.002743"/>
</kw>
<kw name="Run Keyword And Return Status" owner="BuiltIn">
<kw name="Should Contain" owner="BuiltIn">
<msg time="2025-11-07T15:33:59.398268" level="FAIL">'['R418006', 'rba2']' does not contain 'Pend'</msg>
<arg>${TEST TAGS}</arg>
<arg>Pend</arg>
<doc>Fails if ``container`` does not contain ``item`` one or more times.</doc>
<status status="FAIL" start="2025-11-07T15:33:59.396788" elapsed="0.011842">'['R418006', 'rba2']' does not contain 'Pend'</status>
</kw>
<msg time="2025-11-07T15:33:59.409471" level="INFO">${is_pend} = False</msg>
<var>${is_pend}</var>
<arg>Should Contain</arg>
<arg>${TEST TAGS}</arg>
<arg>Pend</arg>
<doc>Runs the given keyword with given arguments and returns the status as a Boolean value.</doc>
<status status="PASS" start="2025-11-07T15:33:59.395341" elapsed="0.015102"/>
</kw>
<if>
<branch type="IF" condition="not $is_pend and $type is None">
<kw name="Wait Until Element Is Visible" owner="SeleniumLibrary">
<arg>xpath:/html/body/div/div[2]/div[1]/div/div[2]/div/div[2]/div/div/div/div/button</arg>
<arg>120</arg>
<doc>Waits until the element ``locator`` is visible.</doc>
<status status="NOT RUN" start="2025-11-07T15:33:59.412857" elapsed="0.002224"/>
</kw>
<status status="NOT RUN" start="2025-11-07T15:33:59.411216" elapsed="0.005627"/>
</branch>
<branch type="ELSE">
<kw name="Close Current Excel Document" owner="ExcelLibrary">
<doc>Closes current document.</doc>
<status status="PASS" start="2025-11-07T15:33:59.418025" elapsed="0.002563"/>
</kw>
<kw name="Get Location" owner="SeleniumLibrary">
<msg time="2025-11-07T15:33:59.451168" level="INFO">${location} = https://rba2-qa.mktplacegateway.com/c/identity-verification/applicant?appId=4f76b518-0291-4926-8f0c-1e1f50014938&amp;type=APPLICANT&amp;m=6863782ec54eaa9f42305820&amp;locationId=685ce904c54eaa7f5fc52649&amp;loanId=09...</msg>
<var>${location}</var>
<doc>Returns the current browser window URL.</doc>
<status status="PASS" start="2025-11-07T15:33:59.422524" elapsed="0.029153"/>
</kw>
<kw name="Loan ID Extraction" owner="KBA_Page">
<kw name="Evaluate" owner="BuiltIn">
<msg time="2025-11-07T15:33:59.458822" level="INFO">${matches} = ['4f76b518-0291-4926-8f0c-1e1f50014938', '09560f6c-b457-49dc-95f0-bcc7d68c1138']</msg>
<var>${matches}</var>
<arg>__import__('re').findall(r'[a-z0-9]{8}-[a-z0-9]{4}-[a-z0-9]{4}-[a-z0-9]{4}-[a-z0-9]{12}', '''${url}''')</arg>
<doc>Evaluates the given expression in Python and returns the result.</doc>
<status status="PASS" start="2025-11-07T15:33:59.456755" elapsed="0.002557"/>
</kw>
<kw name="Log To Console" owner="BuiltIn">
<arg>DEBUG: Matches found: ${matches}</arg>
<doc>Logs the given message to the console.</doc>
<status status="PASS" start="2025-11-07T15:33:59.460413" elapsed="0.003219"/>
</kw>
<if>
<branch type="IF" condition="$matches">
<kw name="Set Variable" owner="BuiltIn">
<msg time="2025-11-07T15:33:59.469104" level="INFO">${loan_id} = 4f76b518-0291-4926-8f0c-1e1f50014938</msg>
<var>${loan_id}</var>
<arg>${matches[0]}</arg>
<doc>Returns the given values which can then be assigned to a variables.</doc>
<status status="PASS" start="2025-11-07T15:33:59.466583" elapsed="0.003021"/>
</kw>
<return>
<value>${loan_id}</value>
<status status="PASS" start="2025-11-07T15:33:59.470170" elapsed="0.000876"/>
</return>
<status status="PASS" start="2025-11-07T15:33:59.464781" elapsed="0.006806"/>
</branch>
<branch type="ELSE">
<return>
<value>${None}</value>
<status status="NOT RUN" start="2025-11-07T15:33:59.472434" elapsed="0.000510"/>
</return>
<status status="NOT RUN" start="2025-11-07T15:33:59.471816" elapsed="0.001592"/>
</branch>
<status status="PASS" start="2025-11-07T15:33:59.464681" elapsed="0.008948"/>
</if>
<msg time="2025-11-07T15:33:59.474100" level="INFO">${Loan_ID} = 4f76b518-0291-4926-8f0c-1e1f50014938</msg>
<var>${Loan_ID}</var>
<arg>${location}</arg>
<status status="PASS" start="2025-11-07T15:33:59.453964" elapsed="0.020511"/>
</kw>
<kw name="Log To Console" owner="BuiltIn">
<arg>Extracted Loan ID = ${Loan_ID}</arg>
<doc>Logs the given message to the console.</doc>
<status status="PASS" start="2025-11-07T15:33:59.476270" elapsed="0.003578"/>
</kw>
<return>
<status status="PASS" start="2025-11-07T15:33:59.481949" elapsed="0.000634"/>
</return>
<status status="PASS" start="2025-11-07T15:33:59.417029" elapsed="0.065757"/>
</branch>
<status status="PASS" start="2025-11-07T15:33:59.411121" elapsed="0.071834"/>
</if>
<arg>${is_CoApp}</arg>
<status status="PASS" start="2025-11-07T15:33:53.901790" elapsed="5.581447"/>
</kw>
<kw name="Exit For Loop" owner="BuiltIn">
<msg time="2025-11-07T15:33:59.485305" level="INFO">Exiting for loop altogether.</msg>
<doc>Stops executing the enclosing FOR loop.</doc>
<status status="PASS" start="2025-11-07T15:33:59.484331" elapsed="0.001668"/>
</kw>
<arg>Handle Identity Verification Page</arg>
<arg>${is_CoApp}</arg>
<arg>AND</arg>
<arg>Exit For Loop</arg>
<doc>Executes all the given keywords in a sequence.</doc>
<status status="PASS" start="2025-11-07T15:33:53.899988" elapsed="5.586468"/>
</kw>
<arg>${is_identity}</arg>
<arg>Run Keywords</arg>
<arg>Handle Identity Verification Page</arg>
<arg>${is_CoApp}</arg>
<arg>AND</arg>
<arg>Exit For Loop</arg>
<doc>Runs the given keyword with the given arguments, if ``condition`` is true.</doc>
<status status="PASS" start="2025-11-07T15:33:53.898092" elapsed="5.588876"/>
</kw>
<kw name="Sleep" owner="BuiltIn">
<arg>2s</arg>
<doc>Pauses the test executed for the given time.</doc>
<status status="NOT RUN" start="2025-11-07T15:33:59.487940" elapsed="0.001142"/>
</kw>
<status status="PASS" start="2025-11-07T15:33:53.609816" elapsed="5.879842"/>
</iter>
<status status="PASS" start="2025-11-07T15:33:50.876807" elapsed="8.613102"/>
</while>
<status status="PASS" start="2025-11-07T15:33:50.865157" elapsed="8.625152"/>
</kw>
<tag>R418006</tag>
<tag>rba2</tag>
<status status="PASS" start="2025-11-07T15:33:06.754771" elapsed="52.737150"/>
</test>
<status status="PASS" start="2025-11-07T15:33:03.185767" elapsed="56.344855"/>
</suite>
<status status="PASS" start="2025-11-07T15:33:03.178725" elapsed="56.401980"/>
</suite>
<status status="PASS" start="2025-11-07T15:33:03.166976" elapsed="56.434277"/>
</suite>
<status status="PASS" start="2025-11-07T15:33:03.162314" elapsed="56.472551"/>
</suite>
<status status="PASS" start="2025-11-07T15:33:03.131626" elapsed="56.542700"/>
</suite>
<statistics>
<total>
<stat pass="1" fail="0" skip="0">All Tests</stat>
</total>
<tag>
<stat pass="1" fail="0" skip="0">R418006</stat>
<stat pass="1" fail="0" skip="0">rba2</stat>
</tag>
<suite>
<stat name="RBA automation-script" id="s1" pass="1" fail="0" skip="0">RBA automation-script</stat>
<stat name="Test" id="s1-s1" pass="1" fail="0" skip="0">RBA automation-script.Test</stat>
<stat name="Lenders" id="s1-s1-s1" pass="1" fail="0" skip="0">RBA automation-script.Test.Lenders</stat>
<stat name="Single Applicant" id="s1-s1-s1-s1" pass="1" fail="0" skip="0">RBA automation-script.Test.Lenders.Single Applicant</stat>
<stat name="Sunlight" id="s1-s1-s1-s1-s1" pass="1" fail="0" skip="0">RBA automation-script.Test.Lenders.Single Applicant.Sunlight</stat>
</suite>
</statistics>
<errors>
<msg time="2025-11-07T15:33:54.815198" level="WARN">Keyword 'BuiltIn.Run Keyword Unless' is deprecated. </msg>
</errors>
</robot>
