<?xml version="1.0" encoding="UTF-8"?>
<robot generator="Robot 7.3.2 (Python 3.13.0 on win32)" generated="2025-11-06T16:25:28.575486" rpa="false" schemaversion="5">
<suite id="s1" name="RBA automation-script" source="C:\Users\AdityaChelluru\Desktop\automation\RBA_automation-script">
<suite id="s1-s1" name="Test" source="C:\Users\AdityaChelluru\Desktop\automation\RBA_automation-script\Test">
<suite id="s1-s1-s1" name="Lenders" source="C:\Users\AdityaChelluru\Desktop\automation\RBA_automation-script\Test\Lenders">
<suite id="s1-s1-s1-s1" name="Single Applicant" source="C:\Users\AdityaChelluru\Desktop\automation\RBA_automation-script\Test\Lenders\Single_Applicant">
<suite id="s1-s1-s1-s1-s1" name="Sunlight" source="C:\Users\AdityaChelluru\Desktop\automation\RBA_automation-script\Test\Lenders\Single_Applicant\Sunlight.robot">
<test id="s1-s1-s1-s1-s1-t1" name="Sunlight HappyCase" line="9">
<kw name="Load Lender Data" owner="LoadingInputFile">
<kw name="Get File" owner="OperatingSystem">
<msg time="2025-11-06T16:25:32.876303" level="INFO" html="true">Getting file '&lt;a href="file://C:\Users\AdityaChelluru\Desktop\automation\RBA_automation-script\Test\InputData\Sunlight_TestData.json"&gt;C:\Users\AdityaChelluru\Desktop\automation\RBA_automation-script\Test\InputData\Sunlight_TestData.json&lt;/a&gt;'.</msg>
<msg time="2025-11-06T16:25:32.897767" level="INFO">${json_text} = {
    "planID": "S100617",
    "projectCost": "12000",
    "depositAmount": "500",
    "Applicant": {
        "FirstName": "Ana",
          "LastName": "Villar",
          "email": "aditya.chelluru@fi...</msg>
<var>${json_text}</var>
<arg>${file_path}</arg>
<doc>Returns the contents of a specified file.</doc>
<status status="PASS" start="2025-11-06T16:25:32.875969" elapsed="0.022248"/>
</kw>
<kw name="Convert String To Json" owner="JSONLibrary">
<msg time="2025-11-06T16:25:32.899530" level="INFO">${data} = {'planID': 'S100617', 'projectCost': '12000', 'depositAmount': '500', 'Applicant': {'FirstName': 'Ana', 'LastName': 'Villar', 'email': 'aditya.chelluru@finmkt.io', 'street_add': '11765 West Avenue', '...</msg>
<var>${data}</var>
<arg>${json_text}</arg>
<doc>Convert String to JSON object</doc>
<status status="PASS" start="2025-11-06T16:25:32.898809" elapsed="0.001306"/>
</kw>
<kw name="Set Suite Variable" owner="BuiltIn">
<msg time="2025-11-06T16:25:32.901291" level="INFO">${index1} = None</msg>
<arg>${index1}</arg>
<arg>${index1}</arg>
<doc>Makes a variable available everywhere within the scope of the current suite.</doc>
<status status="PASS" start="2025-11-06T16:25:32.900614" elapsed="0.000968"/>
</kw>
<kw name="Set Suite Variable" owner="BuiltIn">
<msg time="2025-11-06T16:25:32.902256" level="INFO">${index2} = None</msg>
<arg>${index2}</arg>
<arg>${index2}</arg>
<doc>Makes a variable available everywhere within the scope of the current suite.</doc>
<status status="PASS" start="2025-11-06T16:25:32.901848" elapsed="0.000696"/>
</kw>
<kw name="Set Suite Variable" owner="BuiltIn">
<msg time="2025-11-06T16:25:32.903112" level="INFO">${LENDER_DATA} = {'planID': 'S100617', 'projectCost': '12000', 'depositAmount': '500', 'Applicant': {'FirstName': 'Ana', 'LastName': 'Villar', 'email': 'aditya.chelluru@finmkt.io', 'street_add': '11765 West Avenue', '...</msg>
<arg>${LENDER_DATA}</arg>
<arg>${data}</arg>
<doc>Makes a variable available everywhere within the scope of the current suite.</doc>
<status status="PASS" start="2025-11-06T16:25:32.902761" elapsed="0.000516"/>
</kw>
<arg>${Sunlight_DATA}</arg>
<status status="PASS" start="2025-11-06T16:25:32.874705" elapsed="0.028731"/>
</kw>
<kw name="Merchant Portal Login" owner="Merchant_Login">
<for flavor="IN">
<iter>
<kw name="Run Keyword And Return Status" owner="BuiltIn">
<kw name="Should Start With" owner="BuiltIn">
<msg time="2025-11-06T16:25:32.906385" level="FAIL">'R418006' does not start with 'rba'</msg>
<arg>${tag}</arg>
<arg>rba</arg>
<doc>Fails if the string ``str1`` does not start with the string ``str2``.</doc>
<status status="FAIL" start="2025-11-06T16:25:32.906102" elapsed="0.005106">'R418006' does not start with 'rba'</status>
</kw>
<msg time="2025-11-06T16:25:32.911530" level="INFO">${is_present} = False</msg>
<var>${is_present}</var>
<arg>Should Start With</arg>
<arg>${tag}</arg>
<arg>rba</arg>
<doc>Runs the given keyword with given arguments and returns the status as a Boolean value.</doc>
<status status="PASS" start="2025-11-06T16:25:32.905551" elapsed="0.006330"/>
</kw>
<if>
<branch type="IF" condition="${is_present}">
<kw name="Log To Console" owner="BuiltIn">
<arg>this is the tag : ${tag}</arg>
<doc>Logs the given message to the console.</doc>
<status status="NOT RUN" start="2025-11-06T16:25:32.912822" elapsed="0.000325"/>
</kw>
<kw name="Set Variable" owner="BuiltIn">
<var>${base_url}</var>
<arg>${tag}</arg>
<doc>Returns the given values which can then be assigned to a variables.</doc>
<status status="NOT RUN" start="2025-11-06T16:25:32.913334" elapsed="0.000138"/>
</kw>
<kw name="Log To Console" owner="BuiltIn">
<arg>this is the base url ${base_url}</arg>
<doc>Logs the given message to the console.</doc>
<status status="NOT RUN" start="2025-11-06T16:25:32.913614" elapsed="0.000105"/>
</kw>
<kw name="Exit For Loop" owner="BuiltIn">
<doc>Stops executing the enclosing FOR loop.</doc>
<status status="NOT RUN" start="2025-11-06T16:25:32.913840" elapsed="0.000101"/>
</kw>
<status status="NOT RUN" start="2025-11-06T16:25:32.912244" elapsed="0.001757"/>
</branch>
<status status="PASS" start="2025-11-06T16:25:32.912140" elapsed="0.001904"/>
</if>
<var name="${tag}">R418006</var>
<status status="PASS" start="2025-11-06T16:25:32.905338" elapsed="0.008729"/>
</iter>
<iter>
<kw name="Run Keyword And Return Status" owner="BuiltIn">
<kw name="Should Start With" owner="BuiltIn">
<arg>${tag}</arg>
<arg>rba</arg>
<doc>Fails if the string ``str1`` does not start with the string ``str2``.</doc>
<status status="PASS" start="2025-11-06T16:25:32.914996" elapsed="0.000564"/>
</kw>
<msg time="2025-11-06T16:25:32.915708" level="INFO">${is_present} = True</msg>
<var>${is_present}</var>
<arg>Should Start With</arg>
<arg>${tag}</arg>
<arg>rba</arg>
<doc>Runs the given keyword with given arguments and returns the status as a Boolean value.</doc>
<status status="PASS" start="2025-11-06T16:25:32.914601" elapsed="0.001337"/>
</kw>
<if>
<branch type="IF" condition="${is_present}">
<kw name="Log To Console" owner="BuiltIn">
<arg>this is the tag : ${tag}</arg>
<doc>Logs the given message to the console.</doc>
<status status="PASS" start="2025-11-06T16:25:32.916458" elapsed="0.000460"/>
</kw>
<kw name="Set Variable" owner="BuiltIn">
<msg time="2025-11-06T16:25:32.917677" level="INFO">${base_url} = rba6</msg>
<var>${base_url}</var>
<arg>${tag}</arg>
<doc>Returns the given values which can then be assigned to a variables.</doc>
<status status="PASS" start="2025-11-06T16:25:32.917199" elapsed="0.000614"/>
</kw>
<kw name="Log To Console" owner="BuiltIn">
<arg>this is the base url ${base_url}</arg>
<doc>Logs the given message to the console.</doc>
<status status="PASS" start="2025-11-06T16:25:32.917985" elapsed="0.000419"/>
</kw>
<kw name="Exit For Loop" owner="BuiltIn">
<msg time="2025-11-06T16:25:32.918869" level="INFO">Exiting for loop altogether.</msg>
<doc>Stops executing the enclosing FOR loop.</doc>
<status status="PASS" start="2025-11-06T16:25:32.918627" elapsed="0.000425"/>
</kw>
<status status="PASS" start="2025-11-06T16:25:32.916145" elapsed="0.003003"/>
</branch>
<status status="PASS" start="2025-11-06T16:25:32.916121" elapsed="0.003075"/>
</if>
<var name="${tag}">rba6</var>
<status status="PASS" start="2025-11-06T16:25:32.914257" elapsed="0.004964"/>
</iter>
<var>${tag}</var>
<value>@{TEST_TAGS}</value>
<status status="PASS" start="2025-11-06T16:25:32.905024" elapsed="0.014244"/>
</for>
<kw name="Open Browser" owner="SeleniumLibrary">
<msg time="2025-11-06T16:25:32.920054" level="INFO">Opening browser 'chrome' to base url 'https://rba6-qa.mktplacegateway.com/m/login'.</msg>
<arg>https://${base_url}-qa.mktplacegateway.com/m/login</arg>
<arg>chrome</arg>
<doc>Opens a new browser instance to the optional ``url``.</doc>
<status status="PASS" start="2025-11-06T16:25:32.919455" elapsed="20.816290"/>
</kw>
<kw name="Wait Until Page Contains Element" owner="SeleniumLibrary">
<arg>user-name</arg>
<arg>30</arg>
<doc>Waits until the element ``locator`` appears on the current page.</doc>
<status status="PASS" start="2025-11-06T16:25:53.736224" elapsed="0.014958"/>
</kw>
<if>
<branch type="IF" condition="'${user}'=='None'">
<kw name="Input Text" owner="SeleniumLibrary">
<msg time="2025-11-06T16:25:53.752409" level="INFO">Typing text 'aditya.chelluru+12@finmkt.io' into text field 'user-name'.</msg>
<arg>user-name</arg>
<arg>aditya.chelluru+12@finmkt.io</arg>
<doc>Types the given ``text`` into the text field identified by ``locator``.</doc>
<status status="PASS" start="2025-11-06T16:25:53.752019" elapsed="0.152612"/>
</kw>
<status status="PASS" start="2025-11-06T16:25:53.751472" elapsed="0.153439"/>
</branch>
<branch type="ELSE">
<kw name="Input Text" owner="SeleniumLibrary">
<arg>user-name</arg>
<arg>${user}</arg>
<doc>Types the given ``text`` into the text field identified by ``locator``.</doc>
<status status="NOT RUN" start="2025-11-06T16:25:53.905640" elapsed="0.000407"/>
</kw>
<status status="NOT RUN" start="2025-11-06T16:25:53.904971" elapsed="0.001632"/>
</branch>
<status status="PASS" start="2025-11-06T16:25:53.751437" elapsed="0.155338"/>
</if>
<if>
<branch type="IF" condition="'${password}' == 'None'">
<kw name="Input Text" owner="SeleniumLibrary">
<msg time="2025-11-06T16:25:53.909049" level="INFO">Typing text 'Qa@12345' into text field 'user-password'.</msg>
<arg>user-password</arg>
<arg>Qa@12345</arg>
<doc>Types the given ``text`` into the text field identified by ``locator``.</doc>
<status status="PASS" start="2025-11-06T16:25:53.908427" elapsed="0.095497"/>
</kw>
<status status="PASS" start="2025-11-06T16:25:53.907009" elapsed="0.097069"/>
</branch>
<branch type="ELSE">
<kw name="Input Text" owner="SeleniumLibrary">
<arg>user-password</arg>
<arg>${password}</arg>
<doc>Types the given ``text`` into the text field identified by ``locator``.</doc>
<status status="NOT RUN" start="2025-11-06T16:25:54.004615" elapsed="0.000248"/>
</kw>
<status status="NOT RUN" start="2025-11-06T16:25:54.004127" elapsed="0.000828"/>
</branch>
<status status="PASS" start="2025-11-06T16:25:53.906940" elapsed="0.098050"/>
</if>
<kw name="Click Button" owner="SeleniumLibrary">
<msg time="2025-11-06T16:25:54.005826" level="INFO">Clicking button 'xpath:/html/body/div/div[2]/div[1]/div/div/div[2]/span/form/div/div/div[4]/div/button'.</msg>
<arg>xpath:/html/body/div/div[2]/div[1]/div/div/div[2]/span/form/div/div/div[4]/div/button</arg>
<doc>Clicks the button identified by ``locator``.</doc>
<status status="PASS" start="2025-11-06T16:25:54.005131" elapsed="0.120058"/>
</kw>
<status status="PASS" start="2025-11-06T16:25:32.904399" elapsed="21.221324"/>
</kw>
<kw name="Merchant Selection Page" owner="merchant_selection">
<kw name="Wait Until Element Is Visible" owner="SeleniumLibrary">
<arg>merchant-selection-modal___BV_modal_title_</arg>
<arg>60</arg>
<doc>Waits until the element ``locator`` is visible.</doc>
<status status="PASS" start="2025-11-06T16:25:54.127965" elapsed="0.639720"/>
</kw>
<kw name="Wait Until Element Is Enabled" owner="SeleniumLibrary">
<arg>merchant-selection-modal___BV_modal_title_</arg>
<arg>60</arg>
<doc>Waits until the element ``locator`` is enabled.</doc>
<status status="PASS" start="2025-11-06T16:25:54.768151" elapsed="0.026073"/>
</kw>
<if>
<branch type="IF" condition="'${merchant}' == 'None'">
<kw name="Select From List By Label" owner="SeleniumLibrary">
<arg>xpath://*[@id="merchant-selection-modal___BV_modal_body_"]/div/div/select</arg>
<arg>${LENDER_DATA['Merchant']}</arg>
<doc>Selects options from selection list ``locator`` by ``labels``.</doc>
<status status="NOT RUN" start="2025-11-06T16:25:54.794814" elapsed="0.000145"/>
</kw>
<status status="NOT RUN" start="2025-11-06T16:25:54.794429" elapsed="0.000615"/>
</branch>
<branch type="ELSE">
<kw name="Select From List By Label" owner="SeleniumLibrary">
<msg time="2025-11-06T16:25:54.795534" level="INFO">Selecting options from selection list 'xpath://*[@id="merchant-selection-modal___BV_modal_body_"]/div/div/select' by label Sunlight_HI.</msg>
<arg>xpath://*[@id="merchant-selection-modal___BV_modal_body_"]/div/div/select</arg>
<arg>${merchant}</arg>
<doc>Selects options from selection list ``locator`` by ``labels``.</doc>
<status status="PASS" start="2025-11-06T16:25:54.795250" elapsed="0.129906"/>
</kw>
<status status="PASS" start="2025-11-06T16:25:54.795086" elapsed="0.130385"/>
</branch>
<status status="PASS" start="2025-11-06T16:25:54.794401" elapsed="0.131262"/>
</if>
<arg>Sunlight_HI</arg>
<status status="PASS" start="2025-11-06T16:25:54.126561" elapsed="0.799509"/>
</kw>
<kw name="Sending Application to Consumer" owner="sendApplication">
<kw name="Wait Until Element Is Not Visible" owner="SeleniumLibrary">
<arg>css=div.position-absolute.bg-white.rounded-lg</arg>
<arg>20</arg>
<doc>Waits until the element ``locator`` is not visible.</doc>
<status status="PASS" start="2025-11-06T16:25:54.928053" elapsed="0.009392"/>
</kw>
<kw name="Wait Until Element Is Not Visible" owner="SeleniumLibrary">
<arg>css:div.position-absolute.bg-white</arg>
<arg>60</arg>
<doc>Waits until the element ``locator`` is not visible.</doc>
<status status="PASS" start="2025-11-06T16:25:54.937712" elapsed="3.485348"/>
</kw>
<kw name="Wait Until Element Is Visible" owner="SeleniumLibrary">
<arg>xpath://div[@class='col-md-12 d-flex justify-content-end']//div[@name='Send Application']//div//button[@type='submit'][normalize-space()='Send Application']</arg>
<arg>60</arg>
<doc>Waits until the element ``locator`` is visible.</doc>
<status status="PASS" start="2025-11-06T16:25:58.423677" elapsed="0.022404"/>
</kw>
<kw name="Wait Until Element Is Enabled" owner="SeleniumLibrary">
<arg>xpath://div[@class='col-md-12 d-flex justify-content-end']//div[@name='Send Application']//div//button[@type='submit'][normalize-space()='Send Application']</arg>
<arg>30</arg>
<doc>Waits until the element ``locator`` is enabled.</doc>
<status status="PASS" start="2025-11-06T16:25:58.446479" elapsed="0.021249"/>
</kw>
<kw name="Wait Until Element Is Not Visible" owner="SeleniumLibrary">
<arg>css=div.position-absolute.bg-white.rounded-lg</arg>
<arg>20</arg>
<doc>Waits until the element ``locator`` is not visible.</doc>
<status status="PASS" start="2025-11-06T16:25:58.468127" elapsed="0.008839"/>
</kw>
<kw name="Click Button" owner="SeleniumLibrary">
<msg time="2025-11-06T16:25:58.477874" level="INFO">Clicking button 'xpath://div[@class='col-md-12 d-flex justify-content-end']//div[@name='Send Application']//div//button[@type='submit'][normalize-space()='Send Application']'.</msg>
<arg>xpath://div[@class='col-md-12 d-flex justify-content-end']//div[@name='Send Application']//div//button[@type='submit'][normalize-space()='Send Application']</arg>
<doc>Clicks the button identified by ``locator``.</doc>
<status status="PASS" start="2025-11-06T16:25:58.477346" elapsed="0.089798"/>
</kw>
<kw name="Switch Window" owner="SeleniumLibrary">
<arg>title:Point Of Sale</arg>
<arg>20</arg>
<doc>Switches to browser window matching ``locator``.</doc>
<status status="PASS" start="2025-11-06T16:25:58.567842" elapsed="7.656947"/>
</kw>
<status status="PASS" start="2025-11-06T16:25:54.927094" elapsed="11.297873"/>
</kw>
<kw name="Dc plans page" owner="DC_Plan_Page">
<for flavor="IN">
<iter>
<kw name="Run Keyword And Return Status" owner="BuiltIn">
<kw name="List Should Contain Value" owner="Collections">
<arg>${KNOWN_PLANS}</arg>
<arg>${tag}</arg>
<doc>Fails if the ``value`` is not found from ``list``.</doc>
<status status="PASS" start="2025-11-06T16:26:06.226694" elapsed="0.000235"/>
</kw>
<msg time="2025-11-06T16:26:06.227064" level="INFO">${is_present} = True</msg>
<var>${is_present}</var>
<arg>List Should Contain Value</arg>
<arg>${KNOWN_PLANS}</arg>
<arg>${tag}</arg>
<doc>Runs the given keyword with given arguments and returns the status as a Boolean value.</doc>
<status status="PASS" start="2025-11-06T16:26:06.226453" elapsed="0.000745"/>
</kw>
<if>
<branch type="IF" condition="${is_present}">
<kw name="Copy Dictionary" owner="Collections">
<msg time="2025-11-06T16:26:06.228116" level="INFO">${Lender} = {'planID': 'S100617', 'projectCost': '12000', 'depositAmount': '500', 'Applicant': {'FirstName': 'Ana', 'LastName': 'Villar', 'email': 'aditya.chelluru@finmkt.io', 'street_add': '11765 West Avenue', '...</msg>
<var>${Lender}</var>
<arg>${LENDER_DATA}</arg>
<doc>Returns a copy of the given dictionary.</doc>
<status status="PASS" start="2025-11-06T16:26:06.227780" elapsed="0.000644"/>
</kw>
<kw name="Set To Dictionary" owner="Collections">
<arg>${Lender}</arg>
<arg>planID=${tag}</arg>
<doc>Adds the given ``key_value_pairs`` and/or ``items`` to the ``dictionary``.</doc>
<status status="PASS" start="2025-11-06T16:26:06.228609" elapsed="0.000333"/>
</kw>
<kw name="Set Global Variable" owner="BuiltIn">
<msg time="2025-11-06T16:26:06.229464" level="INFO">${LENDER_DATA} = {'planID': 'R418006', 'projectCost': '12000', 'depositAmount': '500', 'Applicant': {'FirstName': 'Ana', 'LastName': 'Villar', 'email': 'aditya.chelluru@finmkt.io', 'street_add': '11765 West Avenue', '...</msg>
<arg>${LENDER_DATA}</arg>
<arg>${Lender}</arg>
<doc>Makes a variable available globally in all tests and suites.</doc>
<status status="PASS" start="2025-11-06T16:26:06.229111" elapsed="0.000501"/>
</kw>
<status status="PASS" start="2025-11-06T16:26:06.227506" elapsed="0.002196"/>
</branch>
<status status="PASS" start="2025-11-06T16:26:06.227481" elapsed="0.002265"/>
</if>
<var name="${tag}">R418006</var>
<status status="PASS" start="2025-11-06T16:26:06.226265" elapsed="0.003500"/>
</iter>
<iter>
<kw name="Run Keyword And Return Status" owner="BuiltIn">
<kw name="List Should Contain Value" owner="Collections">
<msg time="2025-11-06T16:26:06.230732" level="FAIL">[ S100617 | S100617-AUT | S100617-PP-AUT | S100617-UG-AUT | S101217 | S101817 | S102417 | Z303600 | Z303600-TD-AUT | Z302400 | Z304800 | Z306000 | Z307200 | R424008 | R418009 | R418007 | R418005 | R418006 | R418008 | R418013 | R418015 | R412005 | R412007 | R412009 | R412013 | R412002 | R412003 | R412004 | R412004-DIV-AUT | R412006 | R424007 | R424005 | R424009 | R424006 | R424004 | H30300 | H201205 | H201209 | R418004 | F193728 | GICU_RBA | Upgrade_1_plan | Upgrade_2_plan | Dividend | Dividend_Plan | Dividend Test | PowerPay2 Test | PowerPay2 CoApp | Upgrade ] does not contain value 'rba6'.</msg>
<arg>${KNOWN_PLANS}</arg>
<arg>${tag}</arg>
<doc>Fails if the ``value`` is not found from ``list``.</doc>
<status status="FAIL" start="2025-11-06T16:26:06.230414" elapsed="0.007388">[ S100617 | S100617-AUT | S100617-PP-AUT | S100617-UG-AUT | S101217 | S101817 | S102417 | Z303600 | Z303600-TD-AUT | Z302400 | Z304800 | Z306000 | Z307200 | R424008 | R418009 | R418007 | R418005 | R418006 | R418008 | R418013 | R418015 | R412005 | R412007 | R412009 | R412013 | R412002 | R412003 | R412004 | R412004-DIV-AUT | R412006 | R424007 | R424005 | R424009 | R424006 | R424004 | H30300 | H201205 | H201209 | R418004 | F193728 | GICU_RBA | Upgrade_1_plan | Upgrade_2_plan | Dividend | Dividend_Plan | Dividend Test | PowerPay2 Test | PowerPay2 CoApp | Upgrade ] does not contain value 'rba6'.</status>
</kw>
<msg time="2025-11-06T16:26:06.239130" level="INFO">${is_present} = False</msg>
<var>${is_present}</var>
<arg>List Should Contain Value</arg>
<arg>${KNOWN_PLANS}</arg>
<arg>${tag}</arg>
<doc>Runs the given keyword with given arguments and returns the status as a Boolean value.</doc>
<status status="PASS" start="2025-11-06T16:26:06.230087" elapsed="0.010025"/>
</kw>
<if>
<branch type="IF" condition="${is_present}">
<kw name="Copy Dictionary" owner="Collections">
<var>${Lender}</var>
<arg>${LENDER_DATA}</arg>
<doc>Returns a copy of the given dictionary.</doc>
<status status="NOT RUN" start="2025-11-06T16:26:06.241397" elapsed="0.000412"/>
</kw>
<kw name="Set To Dictionary" owner="Collections">
<arg>${Lender}</arg>
<arg>planID=${tag}</arg>
<doc>Adds the given ``key_value_pairs`` and/or ``items`` to the ``dictionary``.</doc>
<status status="NOT RUN" start="2025-11-06T16:26:06.242130" elapsed="0.000264"/>
</kw>
<kw name="Set Global Variable" owner="BuiltIn">
<arg>${LENDER_DATA}</arg>
<arg>${Lender}</arg>
<doc>Makes a variable available globally in all tests and suites.</doc>
<status status="NOT RUN" start="2025-11-06T16:26:06.242679" elapsed="0.000303"/>
</kw>
<status status="NOT RUN" start="2025-11-06T16:26:06.240589" elapsed="0.002567"/>
</branch>
<status status="PASS" start="2025-11-06T16:26:06.240523" elapsed="0.002748"/>
</if>
<var name="${tag}">rba6</var>
<status status="PASS" start="2025-11-06T16:26:06.229892" elapsed="0.013436"/>
</iter>
<var>${tag}</var>
<value>@{TEST_TAGS}</value>
<status status="PASS" start="2025-11-06T16:26:06.225996" elapsed="0.017446"/>
</for>
<kw name="Wait Until Element Is Not Visible" owner="SeleniumLibrary">
<arg>css:div.position-absolute.bg-white</arg>
<arg>20</arg>
<doc>Waits until the element ``locator`` is not visible.</doc>
<status status="PASS" start="2025-11-06T16:26:06.243907" elapsed="0.718801"/>
</kw>
<kw name="Wait Until Element Is Visible" owner="SeleniumLibrary">
<arg>xpath:/html/body/div/div[2]/div[1]/div/div/div[2]/div/span/form/span/div/div[1]/div/div[1]/h4/b</arg>
<arg>20</arg>
<doc>Waits until the element ``locator`` is visible.</doc>
<status status="PASS" start="2025-11-06T16:26:06.963110" elapsed="0.027380"/>
</kw>
<kw name="Wait Until Element Is Enabled" owner="SeleniumLibrary">
<arg>${LENDER_DATA['planID']}</arg>
<doc>Waits until the element ``locator`` is enabled.</doc>
<status status="PASS" start="2025-11-06T16:26:06.990896" elapsed="0.036439"/>
</kw>
<kw name="Click Button" owner="SeleniumLibrary">
<msg time="2025-11-06T16:26:07.029036" level="INFO">Clicking button 'R418006'.</msg>
<arg>${LENDER_DATA['planID']}</arg>
<doc>Clicks the button identified by ``locator``.</doc>
<status status="PASS" start="2025-11-06T16:26:07.027801" elapsed="0.083765"/>
</kw>
<if>
<branch type="IF" condition="'${amount}' == 'None'">
<kw name="Input Text" owner="SeleniumLibrary">
<arg>enter-project-cost</arg>
<arg>${LENDER_DATA['projectCost']}</arg>
<doc>Types the given ``text`` into the text field identified by ``locator``.</doc>
<status status="NOT RUN" start="2025-11-06T16:26:07.112382" elapsed="0.000220"/>
</kw>
<kw name="Input Text" owner="SeleniumLibrary">
<arg>enter-deposit-amount</arg>
<arg>${LENDER_DATA['depositAmount']}</arg>
<doc>Types the given ``text`` into the text field identified by ``locator``.</doc>
<status status="NOT RUN" start="2025-11-06T16:26:07.112842" elapsed="0.000205"/>
</kw>
<status status="NOT RUN" start="2025-11-06T16:26:07.111863" elapsed="0.001302"/>
</branch>
<branch type="ELSE">
<kw name="Input Text" owner="SeleniumLibrary">
<msg time="2025-11-06T16:26:07.113838" level="INFO">Typing text '21000' into text field 'enter-project-cost'.</msg>
<arg>enter-project-cost</arg>
<arg>${amount}</arg>
<doc>Types the given ``text`` into the text field identified by ``locator``.</doc>
<status status="PASS" start="2025-11-06T16:26:07.113468" elapsed="0.157283"/>
</kw>
<kw name="Input Text" owner="SeleniumLibrary">
<msg time="2025-11-06T16:26:07.271948" level="INFO">Typing text '0' into text field 'enter-deposit-amount'.</msg>
<arg>enter-deposit-amount</arg>
<arg>${deposite}</arg>
<doc>Types the given ``text`` into the text field identified by ``locator``.</doc>
<status status="PASS" start="2025-11-06T16:26:07.271207" elapsed="0.109758"/>
</kw>
<status status="PASS" start="2025-11-06T16:26:07.113232" elapsed="0.268042"/>
</branch>
<status status="PASS" start="2025-11-06T16:26:07.111824" elapsed="0.269631"/>
</if>
<kw name="Click Button" owner="SeleniumLibrary">
<msg time="2025-11-06T16:26:07.382385" level="INFO">Clicking button 'xpath:/html/body/div/div[2]/div[1]/div/div/div[2]/div/span/form/span/div/div[2]/div[2]/div/div/div[1]/div/button'.</msg>
<arg>xpath:/html/body/div/div[2]/div[1]/div/div/div[2]/div/span/form/span/div/div[2]/div[2]/div/div/div[1]/div/button</arg>
<doc>Clicks the button identified by ``locator``.</doc>
<status status="PASS" start="2025-11-06T16:26:07.381732" elapsed="0.111555"/>
</kw>
<arg>21000</arg>
<arg>0</arg>
<status status="PASS" start="2025-11-06T16:26:06.225540" elapsed="1.268227"/>
</kw>
<kw name="Type of Application page" owner="Application_type_page">
<kw name="Run Keyword And Return Status" owner="BuiltIn">
<kw name="Should Contain" owner="BuiltIn">
<msg time="2025-11-06T16:26:07.495379" level="FAIL">'['R418006', 'rba6']' does not contain 'Co-App'</msg>
<arg>${TEST TAGS}</arg>
<arg>Co-App</arg>
<doc>Fails if ``container`` does not contain ``item`` one or more times.</doc>
<status status="FAIL" start="2025-11-06T16:26:07.495081" elapsed="0.008808">'['R418006', 'rba6']' does not contain 'Co-App'</status>
</kw>
<msg time="2025-11-06T16:26:07.504441" level="INFO">${is_CoApp} = False</msg>
<var>${is_CoApp}</var>
<arg>Should Contain</arg>
<arg>${TEST TAGS}</arg>
<arg>Co-App</arg>
<doc>Runs the given keyword with given arguments and returns the status as a Boolean value.</doc>
<status status="PASS" start="2025-11-06T16:26:07.494799" elapsed="0.010115"/>
</kw>
<kw name="Wait Until Element Is Not Visible" owner="SeleniumLibrary">
<arg>css:div.position-absolute.bg-white.rounded-lg</arg>
<arg>20</arg>
<doc>Waits until the element ``locator`` is not visible.</doc>
<status status="PASS" start="2025-11-06T16:26:07.505252" elapsed="1.619472"/>
</kw>
<if>
<branch type="IF" condition="${is_CoApp}">
<kw name="Wait Until Element Is Enabled" owner="SeleniumLibrary">
<arg>xpath://input[@value='2']</arg>
<arg>20</arg>
<doc>Waits until the element ``locator`` is enabled.</doc>
<status status="NOT RUN" start="2025-11-06T16:26:09.125722" elapsed="0.000382"/>
</kw>
<kw name="Click Button" owner="SeleniumLibrary">
<arg>xpath://input[@value='2']</arg>
<doc>Clicks the button identified by ``locator``.</doc>
<status status="NOT RUN" start="2025-11-06T16:26:09.126449" elapsed="0.000275"/>
</kw>
<status status="NOT RUN" start="2025-11-06T16:26:09.125054" elapsed="0.001839"/>
</branch>
<branch type="ELSE">
<kw name="Wait Until Element Is Enabled" owner="SeleniumLibrary">
<arg>xpath://input[@value='1']</arg>
<arg>20</arg>
<doc>Waits until the element ``locator`` is enabled.</doc>
<status status="PASS" start="2025-11-06T16:26:09.127209" elapsed="0.036179"/>
</kw>
<kw name="Click Button" owner="SeleniumLibrary">
<msg time="2025-11-06T16:26:09.164777" level="INFO">Clicking button 'xpath://input[@value='1']'.</msg>
<arg>xpath://input[@value='1']</arg>
<doc>Clicks the button identified by ``locator``.</doc>
<status status="PASS" start="2025-11-06T16:26:09.163955" elapsed="0.164387"/>
</kw>
<status status="PASS" start="2025-11-06T16:26:09.126945" elapsed="0.201725"/>
</branch>
<status status="PASS" start="2025-11-06T16:26:09.125013" elapsed="0.203756"/>
</if>
<kw name="Click Button" owner="SeleniumLibrary">
<msg time="2025-11-06T16:26:09.329926" level="INFO">Clicking button 'xpath://button[@type='button']'.</msg>
<arg>xpath://button[@type='button']</arg>
<doc>Clicks the button identified by ``locator``.</doc>
<status status="PASS" start="2025-11-06T16:26:09.329071" elapsed="0.118450"/>
</kw>
<status status="PASS" start="2025-11-06T16:26:07.494340" elapsed="1.953548"/>
</kw>
<kw name="Load and Prepare applicant details" owner="PrepareApplicant_Details">
<kw name="Run Keyword And Return Status" owner="BuiltIn">
<kw name="Should Contain" owner="BuiltIn">
<msg time="2025-11-06T16:26:09.452605" level="FAIL">'['R418006', 'rba6']' does not contain 'Co-App'</msg>
<arg>${TEST TAGS}</arg>
<arg>Co-App</arg>
<doc>Fails if ``container`` does not contain ``item`` one or more times.</doc>
<status status="FAIL" start="2025-11-06T16:26:09.450778" elapsed="0.012139">'['R418006', 'rba6']' does not contain 'Co-App'</status>
</kw>
<msg time="2025-11-06T16:26:09.463501" level="INFO">${is_CoApp} = False</msg>
<var>${is_CoApp}</var>
<arg>Should Contain</arg>
<arg>${TEST TAGS}</arg>
<arg>Co-App</arg>
<doc>Runs the given keyword with given arguments and returns the status as a Boolean value.</doc>
<status status="PASS" start="2025-11-06T16:26:09.449807" elapsed="0.014253"/>
</kw>
<kw name="Evaluate" owner="BuiltIn">
<msg time="2025-11-06T16:26:09.466955" level="INFO">${has_applicants} = False</msg>
<var>${has_applicants}</var>
<arg>'Applicants' in ${LENDER_DATA}</arg>
<doc>Evaluates the given expression in Python and returns the result.</doc>
<status status="PASS" start="2025-11-06T16:26:09.464744" elapsed="0.002930"/>
</kw>
<kw name="Log To Console" owner="BuiltIn">
<arg>${has_applicants}</arg>
<doc>Logs the given message to the console.</doc>
<status status="PASS" start="2025-11-06T16:26:09.468288" elapsed="0.002403"/>
</kw>
<if>
<branch type="IF" condition="'${has_applicants}' == 'True'">
<if>
<branch type="IF" condition="'${index1}' != 'None'">
<kw name="Get From List" owner="Collections">
<var>${application}</var>
<arg>${LENDER_DATA["Applicants"]}</arg>
<arg>${index1}</arg>
<doc>Returns the value specified with an ``index`` from ``list``.</doc>
<status status="NOT RUN" start="2025-11-06T16:26:09.472344" elapsed="0.000578"/>
</kw>
<status status="NOT RUN" start="2025-11-06T16:26:09.471869" elapsed="0.001345"/>
</branch>
<branch type="ELSE">
<kw name="Get From Dictionary" owner="Collections">
<var>${application}</var>
<arg>${LENDER_DATA}</arg>
<arg>Applicant</arg>
<doc>Returns a value from the given ``dictionary`` based on the given ``key``.</doc>
<status status="NOT RUN" start="2025-11-06T16:26:09.473837" elapsed="0.000543"/>
</kw>
<status status="NOT RUN" start="2025-11-06T16:26:09.473337" elapsed="0.001342"/>
</branch>
<status status="NOT RUN" start="2025-11-06T16:26:09.471824" elapsed="0.002967"/>
</if>
<status status="NOT RUN" start="2025-11-06T16:26:09.471161" elapsed="0.003685"/>
</branch>
<branch type="ELSE">
<kw name="Get From Dictionary" owner="Collections">
<msg time="2025-11-06T16:26:09.476060" level="INFO">${application} = {'FirstName': 'Ana', 'LastName': 'Villar', 'email': 'aditya.chelluru@finmkt.io', 'street_add': '11765 West Avenue', 'city': 'San Antonio', 'state': 'Texas', 'zipcode': '78216', 'Do_you_own_installatio...</msg>
<var>${application}</var>
<arg>${LENDER_DATA}</arg>
<arg>Applicant</arg>
<doc>Returns a value from the given ``dictionary`` based on the given ``key``.</doc>
<status status="PASS" start="2025-11-06T16:26:09.475413" elapsed="0.001112"/>
</kw>
<status status="PASS" start="2025-11-06T16:26:09.474936" elapsed="0.001775"/>
</branch>
<status status="PASS" start="2025-11-06T16:26:09.471103" elapsed="0.005683"/>
</if>
<if>
<branch type="IF" condition="${is_CoApp}">
<if>
<branch type="IF" condition="'${index2}' != 'None'">
<kw name="Get From List" owner="Collections">
<var>${co-app}</var>
<arg>${LENDER_DATA["Applicants"]}</arg>
<arg>${index2}</arg>
<doc>Returns the value specified with an ``index`` from ``list``.</doc>
<status status="NOT RUN" start="2025-11-06T16:26:09.477971" elapsed="0.000404"/>
</kw>
<kw name="Copy Dictionary" owner="Collections">
<var>${co_app_dup}</var>
<arg>${co-app}</arg>
<doc>Returns a copy of the given dictionary.</doc>
<status status="NOT RUN" start="2025-11-06T16:26:09.478846" elapsed="0.000425"/>
</kw>
<kw name="Set Global Variable" owner="BuiltIn">
<arg>${co_app_dup}</arg>
<doc>Makes a variable available globally in all tests and suites.</doc>
<status status="NOT RUN" start="2025-11-06T16:26:09.479809" elapsed="0.000433"/>
</kw>
<status status="NOT RUN" start="2025-11-06T16:26:09.477439" elapsed="0.003024"/>
</branch>
<branch type="ELSE">
<kw name="Get From Dictionary" owner="Collections">
<var>${co-app}</var>
<arg>${LENDER_DATA}</arg>
<arg>Co-Applicant</arg>
<doc>Returns a value from the given ``dictionary`` based on the given ``key``.</doc>
<status status="NOT RUN" start="2025-11-06T16:26:09.481001" elapsed="0.000382"/>
</kw>
<kw name="Copy Dictionary" owner="Collections">
<var>${co_app_dup}</var>
<arg>${co-app}</arg>
<doc>Returns a copy of the given dictionary.</doc>
<status status="NOT RUN" start="2025-11-06T16:26:09.482150" elapsed="0.000957"/>
</kw>
<kw name="Set Global Variable" owner="BuiltIn">
<arg>${co_app_dup}</arg>
<doc>Makes a variable available globally in all tests and suites.</doc>
<status status="NOT RUN" start="2025-11-06T16:26:09.484167" elapsed="0.000580"/>
</kw>
<status status="NOT RUN" start="2025-11-06T16:26:09.480572" elapsed="0.004462"/>
</branch>
<status status="NOT RUN" start="2025-11-06T16:26:09.477389" elapsed="0.007748"/>
</if>
<status status="NOT RUN" start="2025-11-06T16:26:09.476893" elapsed="0.008299"/>
</branch>
<status status="PASS" start="2025-11-06T16:26:09.476862" elapsed="0.008436"/>
</if>
<kw name="Copy Dictionary" owner="Collections">
<msg time="2025-11-06T16:26:09.486512" level="INFO">${applicant} = {'FirstName': 'Ana', 'LastName': 'Villar', 'email': 'aditya.chelluru@finmkt.io', 'street_add': '11765 West Avenue', 'city': 'San Antonio', 'state': 'Texas', 'zipcode': '78216', 'Do_you_own_installatio...</msg>
<var>${applicant}</var>
<arg>${application}</arg>
<doc>Returns a copy of the given dictionary.</doc>
<status status="PASS" start="2025-11-06T16:26:09.485626" elapsed="0.001432"/>
</kw>
<kw name="Set Global Variable" owner="BuiltIn">
<msg time="2025-11-06T16:26:09.490000" level="INFO">${applicant} = {'FirstName': 'Ana', 'LastName': 'Villar', 'email': 'aditya.chelluru@finmkt.io', 'street_add': '11765 West Avenue', 'city': 'San Antonio', 'state': 'Texas', 'zipcode': '78216', 'Do_you_own_installatio...</msg>
<arg>${applicant}</arg>
<doc>Makes a variable available globally in all tests and suites.</doc>
<status status="PASS" start="2025-11-06T16:26:09.487594" elapsed="0.003451"/>
</kw>
<kw name="Set Global Variable" owner="BuiltIn">
<msg time="2025-11-06T16:26:09.493034" level="INFO">${application} = {'FirstName': 'Ana', 'LastName': 'Villar', 'email': 'aditya.chelluru@finmkt.io', 'street_add': '11765 West Avenue', 'city': 'San Antonio', 'state': 'Texas', 'zipcode': '78216', 'Do_you_own_installatio...</msg>
<arg>${application}</arg>
<doc>Makes a variable available globally in all tests and suites.</doc>
<status status="PASS" start="2025-11-06T16:26:09.491673" elapsed="0.002442"/>
</kw>
<status status="PASS" start="2025-11-06T16:26:09.448734" elapsed="0.045890"/>
</kw>
<kw name="Copy Dictionary" owner="Collections">
<msg time="2025-11-06T16:26:09.496034" level="INFO">${modified_app} = {'FirstName': 'Ana', 'LastName': 'Villar', 'email': 'aditya.chelluru@finmkt.io', 'street_add': '11765 West Avenue', 'city': 'San Antonio', 'state': 'Texas', 'zipcode': '78216', 'Do_you_own_installatio...</msg>
<var>${modified_app}</var>
<arg>${application}</arg>
<doc>Returns a copy of the given dictionary.</doc>
<status status="PASS" start="2025-11-06T16:26:09.495373" elapsed="0.000915"/>
</kw>
<kw name="Set To Dictionary" owner="Collections">
<arg>${modified_app}</arg>
<arg>email=aditya.chelluru@finmkt.io</arg>
<doc>Adds the given ``key_value_pairs`` and/or ``items`` to the ``dictionary``.</doc>
<status status="PASS" start="2025-11-06T16:26:09.496811" elapsed="0.000682"/>
</kw>
<kw name="Set Global Variable" owner="BuiltIn">
<msg time="2025-11-06T16:26:09.499462" level="INFO">${application} = {'FirstName': 'Ana', 'LastName': 'Villar', 'email': 'aditya.chelluru@finmkt.io', 'street_add': '11765 West Avenue', 'city': 'San Antonio', 'state': 'Texas', 'zipcode': '78216', 'Do_you_own_installatio...</msg>
<arg>${application}</arg>
<arg>${modified_app}</arg>
<doc>Makes a variable available globally in all tests and suites.</doc>
<status status="PASS" start="2025-11-06T16:26:09.498255" elapsed="0.002126"/>
</kw>
<kw name="Application Details Page" owner="Application_details_Page">
<kw name="Run Keyword And Return Status" owner="BuiltIn">
<kw name="Should Contain" owner="BuiltIn">
<msg time="2025-11-06T16:26:09.507413" level="FAIL">'['R418006', 'rba6']' does not contain 'Co-App'</msg>
<arg>${TEST TAGS}</arg>
<arg>Co-App</arg>
<doc>Fails if ``container`` does not contain ``item`` one or more times.</doc>
<status status="FAIL" start="2025-11-06T16:26:09.505840" elapsed="0.011230">'['R418006', 'rba6']' does not contain 'Co-App'</status>
</kw>
<msg time="2025-11-06T16:26:09.517617" level="INFO">${is_CoApp} = False</msg>
<var>${is_CoApp}</var>
<arg>Should Contain</arg>
<arg>${TEST TAGS}</arg>
<arg>Co-App</arg>
<doc>Runs the given keyword with given arguments and returns the status as a Boolean value.</doc>
<status status="PASS" start="2025-11-06T16:26:09.504178" elapsed="0.014095"/>
</kw>
<kw name="Wait Until Element Is Not Visible" owner="SeleniumLibrary">
<arg>css:div.position-absolute.bg-white.rounded-lg</arg>
<arg>20</arg>
<doc>Waits until the element ``locator`` is not visible.</doc>
<status status="PASS" start="2025-11-06T16:26:09.519951" elapsed="0.481794"/>
</kw>
<kw name="Wait Until Element Is Enabled" owner="SeleniumLibrary">
<arg>street-address-1</arg>
<doc>Waits until the element ``locator`` is enabled.</doc>
<status status="PASS" start="2025-11-06T16:26:10.003067" elapsed="0.514013"/>
</kw>
<kw name="Input Text" owner="SeleniumLibrary">
<msg time="2025-11-06T16:26:10.522131" level="INFO">Typing text '11765 West Avenue' into text field 'street-address-1'.</msg>
<arg>street-address-1</arg>
<arg>${application["street_add"]}</arg>
<doc>Types the given ``text`` into the text field identified by ``locator``.</doc>
<status status="PASS" start="2025-11-06T16:26:10.518622" elapsed="0.511734"/>
</kw>
<kw name="Input Text" owner="SeleniumLibrary">
<msg time="2025-11-06T16:26:11.032442" level="INFO">Typing text 'San Antonio' into text field 'city'.</msg>
<arg>city</arg>
<arg>${application["city"]}</arg>
<doc>Types the given ``text`` into the text field identified by ``locator``.</doc>
<status status="PASS" start="2025-11-06T16:26:11.030898" elapsed="0.280865"/>
</kw>
<kw name="Select From List By Label" owner="SeleniumLibrary">
<msg time="2025-11-06T16:26:11.313204" level="INFO">Selecting options from selection list 'street-address-state' by label Texas.</msg>
<arg>street-address-state</arg>
<arg>${application["state"]}</arg>
<doc>Selects options from selection list ``locator`` by ``labels``.</doc>
<status status="PASS" start="2025-11-06T16:26:11.312210" elapsed="0.189354"/>
</kw>
<kw name="Input Text" owner="SeleniumLibrary">
<msg time="2025-11-06T16:26:11.505276" level="INFO">Typing text '78216' into text field 'zipCode'.</msg>
<arg>zipCode</arg>
<arg>${application["zipcode"]}</arg>
<doc>Types the given ``text`` into the text field identified by ``locator``.</doc>
<status status="PASS" start="2025-11-06T16:26:11.502823" elapsed="0.350256"/>
</kw>
<kw name="Input Text" owner="SeleniumLibrary">
<msg time="2025-11-06T16:26:11.858110" level="INFO">Typing text 'Ana' into text field 'legal-first-name'.</msg>
<arg>legal-first-name</arg>
<arg>${application["FirstName"]}</arg>
<doc>Types the given ``text`` into the text field identified by ``locator``.</doc>
<status status="PASS" start="2025-11-06T16:26:11.854044" elapsed="0.132270"/>
</kw>
<kw name="Input Text" owner="SeleniumLibrary">
<msg time="2025-11-06T16:26:11.987437" level="INFO">Typing text 'Villar' into text field 'legal-last-name'.</msg>
<arg>legal-last-name</arg>
<arg>${application["LastName"]}</arg>
<doc>Types the given ``text`` into the text field identified by ``locator``.</doc>
<status status="PASS" start="2025-11-06T16:26:11.986564" elapsed="0.119292"/>
</kw>
<kw name="Input Text" owner="SeleniumLibrary">
<msg time="2025-11-06T16:26:12.107675" level="INFO">Typing text 'aditya.chelluru@finmkt.io' into text field 'email'.</msg>
<arg>email</arg>
<arg>${application["email"]}</arg>
<doc>Types the given ``text`` into the text field identified by ``locator``.</doc>
<status status="PASS" start="2025-11-06T16:26:12.106403" elapsed="0.172391"/>
</kw>
<kw name="Input Text" owner="SeleniumLibrary">
<msg time="2025-11-06T16:26:12.279753" level="INFO">Typing text '9877830814' into text field 'mobile-number'.</msg>
<arg>mobile-number</arg>
<arg>${application["mobileNumber"]}</arg>
<doc>Types the given ``text`` into the text field identified by ``locator``.</doc>
<status status="PASS" start="2025-11-06T16:26:12.279047" elapsed="0.116303"/>
</kw>
<kw name="Wait Until Element Is Not Visible" owner="SeleniumLibrary">
<arg>css=.position-absolute.bg-white.rounded-lg</arg>
<arg>timeout=30</arg>
<doc>Waits until the element ``locator`` is not visible.</doc>
<status status="PASS" start="2025-11-06T16:26:12.395847" elapsed="0.010764"/>
</kw>
<if>
<branch type="IF" condition="${is_CoApp}">
<kw name="Wait Until Element Is Visible" owner="SeleniumLibrary">
<arg>coapp-legal-first-name</arg>
<arg>10</arg>
<doc>Waits until the element ``locator`` is visible.</doc>
<status status="NOT RUN" start="2025-11-06T16:26:12.407341" elapsed="0.000219"/>
</kw>
<kw name="Wait Until Element Is Enabled" owner="SeleniumLibrary">
<arg>coapp-legal-first-name</arg>
<arg>10</arg>
<doc>Waits until the element ``locator`` is enabled.</doc>
<status status="NOT RUN" start="2025-11-06T16:26:12.407897" elapsed="0.000366"/>
</kw>
<kw name="Input Text" owner="SeleniumLibrary">
<arg>coapp-legal-first-name</arg>
<arg>${co_app_dup['FirstName']}</arg>
<doc>Types the given ``text`` into the text field identified by ``locator``.</doc>
<status status="NOT RUN" start="2025-11-06T16:26:12.408609" elapsed="0.000244"/>
</kw>
<kw name="Wait Until Element Is Enabled" owner="SeleniumLibrary">
<arg>coapp-legal-last-name</arg>
<arg>10</arg>
<doc>Waits until the element ``locator`` is enabled.</doc>
<status status="NOT RUN" start="2025-11-06T16:26:12.409231" elapsed="0.000291"/>
</kw>
<kw name="Input Text" owner="SeleniumLibrary">
<arg>coapp-legal-last-name</arg>
<arg>${co_app_dup['LastName']}</arg>
<doc>Types the given ``text`` into the text field identified by ``locator``.</doc>
<status status="NOT RUN" start="2025-11-06T16:26:12.409776" elapsed="0.000209"/>
</kw>
<kw name="Wait Until Element Is Enabled" owner="SeleniumLibrary">
<arg>xpath:(//input[@id="email"])[2]</arg>
<arg>10</arg>
<doc>Waits until the element ``locator`` is enabled.</doc>
<status status="NOT RUN" start="2025-11-06T16:26:12.410207" elapsed="0.000184"/>
</kw>
<kw name="Input Text" owner="SeleniumLibrary">
<arg>xpath:(//input[@id="email"])[2]</arg>
<arg>${co_app_dup['email']}</arg>
<doc>Types the given ``text`` into the text field identified by ``locator``.</doc>
<status status="NOT RUN" start="2025-11-06T16:26:12.410594" elapsed="0.000175"/>
</kw>
<kw name="Wait Until Element Is Enabled" owner="SeleniumLibrary">
<arg>xpath:(//input[@id="mobile-number"])[2]</arg>
<arg>8</arg>
<doc>Waits until the element ``locator`` is enabled.</doc>
<status status="NOT RUN" start="2025-11-06T16:26:12.410973" elapsed="0.000171"/>
</kw>
<kw name="Input Text" owner="SeleniumLibrary">
<arg>xpath:(//input[@id="mobile-number"])[2]</arg>
<arg>${co_app_dup['mobileNumber']}</arg>
<doc>Types the given ``text`` into the text field identified by ``locator``.</doc>
<status status="NOT RUN" start="2025-11-06T16:26:12.411358" elapsed="0.000170"/>
</kw>
<status status="NOT RUN" start="2025-11-06T16:26:12.406883" elapsed="0.004757"/>
</branch>
<status status="PASS" start="2025-11-06T16:26:12.406850" elapsed="0.004857"/>
</if>
<kw name="Wait Until Element Is Visible" owner="SeleniumLibrary">
<arg>no</arg>
<arg>10</arg>
<doc>Waits until the element ``locator`` is visible.</doc>
<status status="PASS" start="2025-11-06T16:26:12.411831" elapsed="0.019224"/>
</kw>
<kw name="Wait Until Element Is Enabled" owner="SeleniumLibrary">
<arg>yes</arg>
<arg>10</arg>
<doc>Waits until the element ``locator`` is enabled.</doc>
<status status="PASS" start="2025-11-06T16:26:12.431510" elapsed="0.022603"/>
</kw>
<kw name="Click Element" owner="SeleniumLibrary">
<msg time="2025-11-06T16:26:12.454945" level="INFO">Clicking element 'no'.</msg>
<arg>no</arg>
<doc>Click the element identified by ``locator``.</doc>
<status status="PASS" start="2025-11-06T16:26:12.454467" elapsed="0.070637"/>
</kw>
<kw name="Wait Until Element Is Enabled" owner="SeleniumLibrary">
<arg>xpath:/html/body/div[1]/div[2]/div[1]/div/div[2]/div/span/form/div[3]/div/div/div/div/div[2]/div/button</arg>
<arg>10</arg>
<doc>Waits until the element ``locator`` is enabled.</doc>
<status status="PASS" start="2025-11-06T16:26:12.525673" elapsed="0.032580"/>
</kw>
<kw name="Click Button" owner="SeleniumLibrary">
<msg time="2025-11-06T16:26:12.559165" level="INFO">Clicking button 'xpath:/html/body/div[1]/div[2]/div[1]/div/div[2]/div/span/form/div[3]/div/div/div/div/div[2]/div/button'.</msg>
<arg>xpath:/html/body/div[1]/div[2]/div[1]/div/div[2]/div/span/form/div[3]/div/div/div/div/div[2]/div/button</arg>
<doc>Clicks the button identified by ``locator``.</doc>
<status status="PASS" start="2025-11-06T16:26:12.558677" elapsed="0.120907"/>
</kw>
<status status="PASS" start="2025-11-06T16:26:09.501400" elapsed="3.178511"/>
</kw>
<kw name="verification info pop-up" owner="Verification_Info_pop-up">
<kw name="Run Keyword And Return Status" owner="BuiltIn">
<kw name="Should Contain" owner="BuiltIn">
<msg time="2025-11-06T16:26:12.684179" level="FAIL">'['R418006', 'rba6']' does not contain 'Co-App'</msg>
<arg>${TEST TAGS}</arg>
<arg>Co-App</arg>
<doc>Fails if ``container`` does not contain ``item`` one or more times.</doc>
<status status="FAIL" start="2025-11-06T16:26:12.683480" elapsed="0.006315">'['R418006', 'rba6']' does not contain 'Co-App'</status>
</kw>
<msg time="2025-11-06T16:26:12.690156" level="INFO">${is_CoApp} = False</msg>
<var>${is_CoApp}</var>
<arg>Should Contain</arg>
<arg>${TEST TAGS}</arg>
<arg>Co-App</arg>
<doc>Runs the given keyword with given arguments and returns the status as a Boolean value.</doc>
<status status="PASS" start="2025-11-06T16:26:12.682679" elapsed="0.007706"/>
</kw>
<kw name="Get Location" owner="SeleniumLibrary">
<msg time="2025-11-06T16:26:12.696801" level="INFO">${creating_new_Url} = https://rba6-qa.mktplacegateway.com/dc/initiate-application?m=6863782ec54eaa9f42305820&amp;pId=5c86c1dd3fe07d3f675d9417&amp;spId=5cb111f23fe07d72716dc547&amp;locationId=685ce904c54eaa7f5fc52649&amp;appId=0fdd0860-807...</msg>
<var>${creating_new_Url}</var>
<doc>Returns the current browser window URL.</doc>
<status status="PASS" start="2025-11-06T16:26:12.690770" elapsed="0.006476"/>
</kw>
<kw name="Evaluate" owner="BuiltIn">
<msg time="2025-11-06T16:26:12.699982" level="INFO">${match} = ['6863782ec54eaa9f42305820', '5c86c1dd3fe07d3f675d9417', '5cb111f23fe07d72716dc547', '685ce904c54eaa7f5fc52649', '0fdd0860-8078-4ef8-86e9-37ae5f41b7e3', '6874b49bc54eaaa858fc98ed']</msg>
<var>${match}</var>
<arg>__import__('re').findall(r'[a-z0-9\-]{24,36}', '''${creating_new_Url}''')</arg>
<doc>Evaluates the given expression in Python and returns the result.</doc>
<status status="PASS" start="2025-11-06T16:26:12.697924" elapsed="0.002767"/>
</kw>
<kw name="Log To Console" owner="BuiltIn">
<arg>${match}</arg>
<doc>Logs the given message to the console.</doc>
<status status="PASS" start="2025-11-06T16:26:12.701203" elapsed="0.001013"/>
</kw>
<kw name="Set Global Variable" owner="BuiltIn">
<msg time="2025-11-06T16:26:12.704796" level="INFO">${APP_ID} = 0fdd0860-8078-4ef8-86e9-37ae5f41b7e3</msg>
<arg>${APP_ID}</arg>
<arg>${match[-2]}</arg>
<doc>Makes a variable available globally in all tests and suites.</doc>
<status status="PASS" start="2025-11-06T16:26:12.702516" elapsed="0.002733"/>
</kw>
<kw name="Set Global Variable" owner="BuiltIn">
<msg time="2025-11-06T16:26:12.707815" level="INFO">${Location_ID} = 685ce904c54eaa7f5fc52649</msg>
<arg>${Location_ID}</arg>
<arg>${match[-3]}</arg>
<doc>Makes a variable available globally in all tests and suites.</doc>
<status status="PASS" start="2025-11-06T16:26:12.705681" elapsed="0.002822"/>
</kw>
<kw name="Set Global Variable" owner="BuiltIn">
<msg time="2025-11-06T16:26:12.710776" level="INFO">${Merchant_ID} = 6863782ec54eaa9f42305820</msg>
<arg>${Merchant_ID}</arg>
<arg>${match[0]}</arg>
<doc>Makes a variable available globally in all tests and suites.</doc>
<status status="PASS" start="2025-11-06T16:26:12.708925" elapsed="0.002408"/>
</kw>
<if>
<branch type="IF" condition="${is_CoApp}">
<kw name="Wait Until Element Is Visible" owner="SeleniumLibrary">
<arg>xpath://*[@id="send-application-modal___BV_modal_body_"]/div/div[8]/div[2]/div/button</arg>
<arg>20</arg>
<doc>Waits until the element ``locator`` is visible.</doc>
<status status="NOT RUN" start="2025-11-06T16:26:12.712358" elapsed="0.000285"/>
</kw>
<kw name="Wait Until Element Is Enabled" owner="SeleniumLibrary">
<arg>xpath://*[@id="send-application-modal___BV_modal_body_"]/div/div[8]/div[2]/div/button</arg>
<arg>120</arg>
<doc>Waits until the element ``locator`` is enabled.</doc>
<status status="NOT RUN" start="2025-11-06T16:26:12.712937" elapsed="0.000268"/>
</kw>
<kw name="Click Button" owner="SeleniumLibrary">
<arg>xpath://*[@id="send-application-modal___BV_modal_body_"]/div/div[8]/div[2]/div/button</arg>
<doc>Clicks the button identified by ``locator``.</doc>
<status status="NOT RUN" start="2025-11-06T16:26:12.713473" elapsed="0.000257"/>
</kw>
<status status="NOT RUN" start="2025-11-06T16:26:12.711845" elapsed="0.002048"/>
</branch>
<branch type="ELSE">
<kw name="Wait Until Element Is Visible" owner="SeleniumLibrary">
<arg>xpath://*[@id="send-application-modal___BV_modal_body_"]/div/div[7]/div[2]/div/button</arg>
<arg>20</arg>
<doc>Waits until the element ``locator`` is visible.</doc>
<status status="PASS" start="2025-11-06T16:26:12.714480" elapsed="0.023454"/>
</kw>
<kw name="Wait Until Element Is Enabled" owner="SeleniumLibrary">
<arg>xpath://*[@id="send-application-modal___BV_modal_body_"]/div/div[7]/div[2]/div/button</arg>
<arg>180</arg>
<doc>Waits until the element ``locator`` is enabled.</doc>
<status status="PASS" start="2025-11-06T16:26:12.738308" elapsed="0.021123"/>
</kw>
<kw name="Scroll Element Into View" owner="SeleniumLibrary">
<arg>xpath://*[@id="send-application-modal___BV_modal_body_"]/div/div[7]/div[2]/div/button</arg>
<doc>Scrolls the element identified by ``locator`` into view.</doc>
<status status="PASS" start="2025-11-06T16:26:12.760020" elapsed="0.306081"/>
</kw>
<kw name="Click Element" owner="SeleniumLibrary">
<msg time="2025-11-06T16:26:13.066931" level="INFO">Clicking element 'xpath://*[@id="send-application-modal___BV_modal_body_"]/div/div[7]/div[2]/div/button'.</msg>
<arg>xpath://*[@id="send-application-modal___BV_modal_body_"]/div/div[7]/div[2]/div/button</arg>
<doc>Click the element identified by ``locator``.</doc>
<status status="PASS" start="2025-11-06T16:26:13.066456" elapsed="0.103584"/>
</kw>
<status status="PASS" start="2025-11-06T16:26:12.714035" elapsed="0.456271"/>
</branch>
<status status="PASS" start="2025-11-06T16:26:12.711803" elapsed="0.458586"/>
</if>
<kw name="Wait Until Page Contains" owner="SeleniumLibrary">
<arg>Application Sent Successfully!</arg>
<arg>15</arg>
<doc>Waits until ``text`` appears on the current page.</doc>
<status status="PASS" start="2025-11-06T16:26:13.170614" elapsed="0.883328"/>
</kw>
<status status="PASS" start="2025-11-06T16:26:12.681459" elapsed="1.372974"/>
</kw>
<kw name="URL Applicant" owner="URL_applicant">
<for flavor="IN">
<iter>
<kw name="Run Keyword And Return Status" owner="BuiltIn">
<kw name="Should Start With" owner="BuiltIn">
<msg time="2025-11-06T16:26:14.061590" level="FAIL">'R418006' does not start with 'rba'</msg>
<arg>${tag}</arg>
<arg>rba</arg>
<doc>Fails if the string ``str1`` does not start with the string ``str2``.</doc>
<status status="FAIL" start="2025-11-06T16:26:14.061074" elapsed="0.013669">'R418006' does not start with 'rba'</status>
</kw>
<msg time="2025-11-06T16:26:14.075271" level="INFO">${is_present} = False</msg>
<var>${is_present}</var>
<arg>Should Start With</arg>
<arg>${tag}</arg>
<arg>rba</arg>
<doc>Runs the given keyword with given arguments and returns the status as a Boolean value.</doc>
<status status="PASS" start="2025-11-06T16:26:14.060401" elapsed="0.015487"/>
</kw>
<if>
<branch type="IF" condition="${is_present}">
<kw name="Set Variable" owner="BuiltIn">
<var>${base_url}</var>
<arg>${tag}</arg>
<doc>Returns the given values which can then be assigned to a variables.</doc>
<status status="NOT RUN" start="2025-11-06T16:26:14.077602" elapsed="0.000539"/>
</kw>
<kw name="Exit For Loop" owner="BuiltIn">
<doc>Stops executing the enclosing FOR loop.</doc>
<status status="NOT RUN" start="2025-11-06T16:26:14.078600" elapsed="0.000337"/>
</kw>
<status status="NOT RUN" start="2025-11-06T16:26:14.076581" elapsed="0.002507"/>
</branch>
<status status="PASS" start="2025-11-06T16:26:14.076499" elapsed="0.002688"/>
</if>
<var name="${tag}">R418006</var>
<status status="PASS" start="2025-11-06T16:26:14.059538" elapsed="0.019695"/>
</iter>
<iter>
<kw name="Run Keyword And Return Status" owner="BuiltIn">
<kw name="Should Start With" owner="BuiltIn">
<arg>${tag}</arg>
<arg>rba</arg>
<doc>Fails if the string ``str1`` does not start with the string ``str2``.</doc>
<status status="PASS" start="2025-11-06T16:26:14.080848" elapsed="0.001425"/>
</kw>
<msg time="2025-11-06T16:26:14.082884" level="INFO">${is_present} = True</msg>
<var>${is_present}</var>
<arg>Should Start With</arg>
<arg>${tag}</arg>
<arg>rba</arg>
<doc>Runs the given keyword with given arguments and returns the status as a Boolean value.</doc>
<status status="PASS" start="2025-11-06T16:26:14.079961" elapsed="0.004157"/>
</kw>
<if>
<branch type="IF" condition="${is_present}">
<kw name="Set Variable" owner="BuiltIn">
<msg time="2025-11-06T16:26:14.087082" level="INFO">${base_url} = rba6</msg>
<var>${base_url}</var>
<arg>${tag}</arg>
<doc>Returns the given values which can then be assigned to a variables.</doc>
<status status="PASS" start="2025-11-06T16:26:14.085814" elapsed="0.002136"/>
</kw>
<kw name="Exit For Loop" owner="BuiltIn">
<msg time="2025-11-06T16:26:14.089894" level="INFO">Exiting for loop altogether.</msg>
<doc>Stops executing the enclosing FOR loop.</doc>
<status status="PASS" start="2025-11-06T16:26:14.088668" elapsed="0.001849"/>
</kw>
<status status="PASS" start="2025-11-06T16:26:14.084602" elapsed="0.006223"/>
</branch>
<status status="PASS" start="2025-11-06T16:26:14.084494" elapsed="0.006461"/>
</if>
<var name="${tag}">rba6</var>
<status status="PASS" start="2025-11-06T16:26:14.079473" elapsed="0.011539"/>
</iter>
<var>${tag}</var>
<value>@{TEST_TAGS}</value>
<status status="PASS" start="2025-11-06T16:26:14.058340" elapsed="0.032774"/>
</for>
<kw name="Get Location" owner="SeleniumLibrary">
<msg time="2025-11-06T16:26:14.127937" level="INFO">${url} = https://rba6-qa.mktplacegateway.com/dc/application-sent?m=6863782ec54eaa9f42305820&amp;pId=5c86c1dd3fe07d3f675d9417&amp;spId=5cb111f23fe07d72716dc547&amp;locationId=685ce904c54eaa7f5fc52649&amp;appId=0fdd0860-8078-4e...</msg>
<var>${url}</var>
<doc>Returns the current browser window URL.</doc>
<status status="PASS" start="2025-11-06T16:26:14.091407" elapsed="0.036877"/>
</kw>
<kw name="Run Keyword And Return Status" owner="BuiltIn">
<kw name="Should Contain" owner="BuiltIn">
<msg time="2025-11-06T16:26:14.130259" level="FAIL">'https://rba6-qa.mktplacegateway.com/dc/application-sent?m=6863782ec54eaa9f42305820&amp;pId=5c86c1dd3fe07d3f675d9417&amp;spId=5cb111f23fe07d72716dc547&amp;locationId=685ce904c54eaa7f5fc52649&amp;appId=0fdd0860-8078-4ef8-86e9-37ae5f41b7e3&amp;offerCode=6874b49bc54eaaa858fc98ed' does not contain 'loanId='</msg>
<arg>${url}</arg>
<arg>loanId=</arg>
<doc>Fails if ``container`` does not contain ``item`` one or more times.</doc>
<status status="FAIL" start="2025-11-06T16:26:14.129389" elapsed="0.054578">'https://rba6-qa.mktplacegateway.com/dc/application-sent?m=6863782ec54eaa9f42305820&amp;pId=5c86c1dd3fe07d3f675d9417&amp;spId=5cb111f23fe07d72716dc547&amp;locationId=685ce904c54eaa7f5fc52649&amp;appId=0fdd0860-8078-4ef8-86e9-37ae5f41b7e3&amp;offerCode=6874b49bc54eaaa858fc98ed' does not contain 'loanId='</status>
</kw>
<msg time="2025-11-06T16:26:14.184710" level="INFO">${loan_id_is_present} = False</msg>
<var>${loan_id_is_present}</var>
<arg>Should Contain</arg>
<arg>${url}</arg>
<arg>loanId=</arg>
<doc>Runs the given keyword with given arguments and returns the status as a Boolean value.</doc>
<status status="PASS" start="2025-11-06T16:26:14.128591" elapsed="0.056942"/>
</kw>
<if>
<branch type="IF" condition="${loan_id_is_present}">
<kw name="Evaluate" owner="BuiltIn">
<var>${match}</var>
<arg>__import__('re').findall(r'loanId=([a-z0-9\-]{24,36})', '''${url}''')</arg>
<doc>Evaluates the given expression in Python and returns the result.</doc>
<status status="NOT RUN" start="2025-11-06T16:26:14.187991" elapsed="0.000724"/>
</kw>
<kw name="Log To Console" owner="BuiltIn">
<arg>${match}</arg>
<doc>Logs the given message to the console.</doc>
<status status="NOT RUN" start="2025-11-06T16:26:14.189919" elapsed="0.001084"/>
</kw>
<kw name="Set Variable" owner="BuiltIn">
<var>${M_URL}</var>
<arg>https://${base_Url}-qa.mktplacegateway.com/c/application-authorization?loanId=${match[0]}&amp;type=CO_APPLICANT&amp;m=${Merchant_ID}&amp;locationId=${Location_ID}</arg>
<doc>Returns the given values which can then be assigned to a variables.</doc>
<status status="NOT RUN" start="2025-11-06T16:26:14.191902" elapsed="0.000726"/>
</kw>
<status status="NOT RUN" start="2025-11-06T16:26:14.186431" elapsed="0.006357"/>
</branch>
<branch type="ELSE">
<kw name="Set Variable" owner="BuiltIn">
<msg time="2025-11-06T16:26:14.195192" level="INFO">${M_URL} = https://rba6-qa.mktplacegateway.com/c/application-authorization?appId=0fdd0860-8078-4ef8-86e9-37ae5f41b7e3&amp;type=APPLICANT&amp;m=6863782ec54eaa9f42305820&amp;locationId=685ce904c54eaa7f5fc52649</msg>
<var>${M_URL}</var>
<arg>https://${base_Url}-qa.mktplacegateway.com/c/application-authorization?appId=${APP_ID}&amp;type=APPLICANT&amp;m=${Merchant_ID}&amp;locationId=${Location_ID}</arg>
<doc>Returns the given values which can then be assigned to a variables.</doc>
<status status="PASS" start="2025-11-06T16:26:14.193592" elapsed="0.002379"/>
</kw>
<status status="PASS" start="2025-11-06T16:26:14.192851" elapsed="0.003378"/>
</branch>
<status status="PASS" start="2025-11-06T16:26:14.186354" elapsed="0.009961"/>
</if>
<kw name="Execute Javascript" owner="SeleniumLibrary">
<msg time="2025-11-06T16:26:14.198809" level="INFO">Executing JavaScript:
window.open('https://rba6-qa.mktplacegateway.com/c/application-authorization?appId=0fdd0860-8078-4ef8-86e9-37ae5f41b7e3&amp;type=APPLICANT&amp;m=6863782ec54eaa9f42305820&amp;locationId=685ce904c54eaa7f5fc52649', '_blank')
Without any arguments.</msg>
<arg>window.open('${M_URL}', '_blank')</arg>
<doc>Executes the given JavaScript code with possible arguments.</doc>
<status status="PASS" start="2025-11-06T16:26:14.196761" elapsed="0.125961"/>
</kw>
<kw name="Switch Window" owner="SeleniumLibrary">
<arg>NEW</arg>
<doc>Switches to browser window matching ``locator``.</doc>
<status status="PASS" start="2025-11-06T16:26:14.323124" elapsed="0.029396"/>
</kw>
<kw name="Get Location" owner="SeleniumLibrary">
<msg time="2025-11-06T16:26:15.590573" level="INFO">${location} = https://rba6-qa.mktplacegateway.com/c/application-authorization?appId=0fdd0860-8078-4ef8-86e9-37ae5f41b7e3&amp;type=APPLICANT&amp;m=6863782ec54eaa9f42305820&amp;locationId=685ce904c54eaa7f5fc52649</msg>
<var>${location}</var>
<doc>Returns the current browser window URL.</doc>
<status status="PASS" start="2025-11-06T16:26:14.353190" elapsed="1.237686"/>
</kw>
<kw name="Log To Console" owner="BuiltIn">
<arg>this is the location</arg>
<arg>${location}</arg>
<doc>Logs the given message to the console.</doc>
<status status="PASS" start="2025-11-06T16:26:15.591426" elapsed="0.000927"/>
</kw>
<status status="PASS" start="2025-11-06T16:26:14.056851" elapsed="1.535989"/>
</kw>
<kw name="Application Authorization Page" owner="Application_Authorization">
<kw name="Wait Until Element Is Not Visible" owner="SeleniumLibrary">
<arg>css:div.position-absolute.bg-white.rounded-lg</arg>
<arg>120</arg>
<doc>Waits until the element ``locator`` is not visible.</doc>
<status status="PASS" start="2025-11-06T16:26:15.594459" elapsed="0.024871"/>
</kw>
<kw name="Wait Until Element Is Enabled" owner="SeleniumLibrary">
<arg>xpath:/html/body/div/div[2]/div[1]/div/div[2]/div/div[5]/div/div/button/div</arg>
<arg>120</arg>
<doc>Waits until the element ``locator`` is enabled.</doc>
<status status="PASS" start="2025-11-06T16:26:15.619926" elapsed="0.027773"/>
</kw>
<kw name="Click Element" owner="SeleniumLibrary">
<msg time="2025-11-06T16:26:15.649148" level="INFO">Clicking element 'xpath:/html/body/div/div[2]/div[1]/div/div[2]/div/div[5]/div/div/button/div'.</msg>
<arg>xpath:/html/body/div/div[2]/div[1]/div/div[2]/div/div[5]/div/div/button/div</arg>
<doc>Click the element identified by ``locator``.</doc>
<status status="PASS" start="2025-11-06T16:26:15.648318" elapsed="0.115630"/>
</kw>
<status status="PASS" start="2025-11-06T16:26:15.593396" elapsed="0.171292"/>
</kw>
<kw name="Credit freeze page" owner="Credit_Freeze_Page">
<kw name="Wait Until Element Is Not Visible" owner="SeleniumLibrary">
<arg>css:div.position-absolute.bg-white.rounded-lg</arg>
<arg>10</arg>
<doc>Waits until the element ``locator`` is not visible.</doc>
<status status="PASS" start="2025-11-06T16:26:15.768569" elapsed="0.576288"/>
</kw>
<kw name="Wait Until Page Contains" owner="SeleniumLibrary">
<arg>Credit Freeze Reminder</arg>
<arg>20</arg>
<doc>Waits until ``text`` appears on the current page.</doc>
<status status="PASS" start="2025-11-06T16:26:16.345293" elapsed="0.018155"/>
</kw>
<kw name="Wait Until Element Is Enabled" owner="SeleniumLibrary">
<arg>xpath:/html/body/div/div[2]/div[1]/div/div/div[2]/div/div[4]/div/button</arg>
<doc>Waits until the element ``locator`` is enabled.</doc>
<status status="PASS" start="2025-11-06T16:26:16.364105" elapsed="0.032304"/>
</kw>
<kw name="Click Element" owner="SeleniumLibrary">
<msg time="2025-11-06T16:26:16.397943" level="INFO">Clicking element 'xpath:/html/body/div/div[2]/div[1]/div/div/div[2]/div/div[4]/div/button'.</msg>
<arg>xpath:/html/body/div/div[2]/div[1]/div/div/div[2]/div/div[4]/div/button</arg>
<doc>Click the element identified by ``locator``.</doc>
<status status="PASS" start="2025-11-06T16:26:16.396852" elapsed="0.080480"/>
</kw>
<status status="PASS" start="2025-11-06T16:26:15.766626" elapsed="0.711322"/>
</kw>
<kw name="prove data" owner="Prove_data_Page">
<kw name="Wait Until Element Is Enabled" owner="SeleniumLibrary">
<arg>ssn</arg>
<arg>20</arg>
<doc>Waits until the element ``locator`` is enabled.</doc>
<status status="PASS" start="2025-11-06T16:26:16.479847" elapsed="0.742013"/>
</kw>
<if>
<branch type="IF" condition="'${type}' == 'None'">
<kw name="Input Text" owner="SeleniumLibrary">
<msg time="2025-11-06T16:26:17.225850" level="INFO">Typing text '666308630' into text field 'ssn'.</msg>
<arg>ssn</arg>
<arg>${application['ssn']}</arg>
<doc>Types the given ``text`` into the text field identified by ``locator``.</doc>
<status status="PASS" start="2025-11-06T16:26:17.224749" elapsed="0.245582"/>
</kw>
<kw name="Input Text" owner="SeleniumLibrary">
<msg time="2025-11-06T16:26:17.471258" level="INFO">Typing text '9877830814' into text field 'prove-mobile-number'.</msg>
<arg>prove-mobile-number</arg>
<arg>${application['mobileNumber']}</arg>
<doc>Types the given ``text`` into the text field identified by ``locator``.</doc>
<status status="PASS" start="2025-11-06T16:26:17.470594" elapsed="0.176722"/>
</kw>
<status status="PASS" start="2025-11-06T16:26:17.222830" elapsed="0.424899"/>
</branch>
<branch type="ELSE">
<kw name="Input Text" owner="SeleniumLibrary">
<arg>ssn</arg>
<arg>${co_app_dup['ssn']}</arg>
<doc>Types the given ``text`` into the text field identified by ``locator``.</doc>
<status status="NOT RUN" start="2025-11-06T16:26:17.648861" elapsed="0.000492"/>
</kw>
<kw name="Input Text" owner="SeleniumLibrary">
<arg>prove-mobile-number</arg>
<arg>${co_app_dup['mobileNumber']}</arg>
<doc>Types the given ``text`` into the text field identified by ``locator``.</doc>
<status status="NOT RUN" start="2025-11-06T16:26:17.649733" elapsed="0.000428"/>
</kw>
<status status="NOT RUN" start="2025-11-06T16:26:17.647958" elapsed="0.002453"/>
</branch>
<status status="PASS" start="2025-11-06T16:26:17.222687" elapsed="0.427811"/>
</if>
<kw name="Click Button" owner="SeleniumLibrary">
<msg time="2025-11-06T16:26:17.651131" level="INFO">Clicking button 'xpath:/html/body/div/div[2]/div[1]/div/div/div[2]/div/span/form/fieldset/div/div[6]/div/div/button'.</msg>
<arg>xpath:/html/body/div/div[2]/div[1]/div/div/div[2]/div/span/form/fieldset/div/div[6]/div/div/button</arg>
<doc>Clicks the button identified by ``locator``.</doc>
<status status="PASS" start="2025-11-06T16:26:17.650674" elapsed="0.137962"/>
</kw>
<status status="PASS" start="2025-11-06T16:26:16.478795" elapsed="1.310130"/>
</kw>
<kw name="basic information" owner="Basic_Info_Page">
<kw name="Run Keyword And Return Status" owner="BuiltIn">
<kw name="Should Contain" owner="BuiltIn">
<msg time="2025-11-06T16:26:17.791389" level="FAIL">'['R418006', 'rba6']' does not contain 'Co-App'</msg>
<arg>${TEST TAGS}</arg>
<arg>Co-App</arg>
<doc>Fails if ``container`` does not contain ``item`` one or more times.</doc>
<status status="FAIL" start="2025-11-06T16:26:17.790921" elapsed="0.008708">'['R418006', 'rba6']' does not contain 'Co-App'</status>
</kw>
<msg time="2025-11-06T16:26:17.800076" level="INFO">${is_CoApp} = False</msg>
<var>${is_CoApp}</var>
<arg>Should Contain</arg>
<arg>${TEST TAGS}</arg>
<arg>Co-App</arg>
<doc>Runs the given keyword with given arguments and returns the status as a Boolean value.</doc>
<status status="PASS" start="2025-11-06T16:26:17.790386" elapsed="0.010172"/>
</kw>
<kw name="Wait Until Element Is Enabled" owner="SeleniumLibrary">
<arg>xpath:/html/body/div[1]/div[2]/div[1]/div/div/div[2]/span/form/fieldset/div/div[7]/div/div/span/div/input</arg>
<arg>30</arg>
<doc>Waits until the element ``locator`` is enabled.</doc>
<status status="PASS" start="2025-11-06T16:26:17.801190" elapsed="2.535474"/>
</kw>
<kw name="Sleep" owner="BuiltIn">
<msg time="2025-11-06T16:26:23.338650" level="INFO">Slept 3 seconds.</msg>
<arg>3</arg>
<doc>Pauses the test executed for the given time.</doc>
<status status="PASS" start="2025-11-06T16:26:20.337076" elapsed="3.002660"/>
</kw>
<kw name="Run Keyword And Return Status" owner="BuiltIn">
<kw name="Should Contain" owner="BuiltIn">
<msg time="2025-11-06T16:26:23.344149" level="FAIL">'['R418006', 'rba6']' does not contain 'Prove'</msg>
<arg>${TEST TAGS}</arg>
<arg>Prove</arg>
<doc>Fails if ``container`` does not contain ``item`` one or more times.</doc>
<status status="FAIL" start="2025-11-06T16:26:23.342412" elapsed="0.008590">'['R418006', 'rba6']' does not contain 'Prove'</status>
</kw>
<msg time="2025-11-06T16:26:23.351524" level="INFO">${is_prove} = False</msg>
<var>${is_prove}</var>
<arg>Should Contain</arg>
<arg>${TEST TAGS}</arg>
<arg>Prove</arg>
<doc>Runs the given keyword with given arguments and returns the status as a Boolean value.</doc>
<status status="PASS" start="2025-11-06T16:26:23.340860" elapsed="0.011291"/>
</kw>
<if>
<branch type="IF" condition="'${primary}'=='None'">
<kw name="Set Variable" owner="BuiltIn">
<msg time="2025-11-06T16:26:23.353310" level="INFO">${data} = {'FirstName': 'Ana', 'LastName': 'Villar', 'email': 'aditya.chelluru@finmkt.io', 'street_add': '11765 West Avenue', 'city': 'San Antonio', 'state': 'Texas', 'zipcode': '78216', 'Do_you_own_installatio...</msg>
<var>${data}</var>
<arg>${application}</arg>
<doc>Returns the given values which can then be assigned to a variables.</doc>
<status status="PASS" start="2025-11-06T16:26:23.353013" elapsed="0.000401"/>
</kw>
<status status="PASS" start="2025-11-06T16:26:23.352460" elapsed="0.001042"/>
</branch>
<branch type="ELSE">
<kw name="Set Variable If" owner="BuiltIn">
<var>${data}</var>
<arg>${is_CoApp}</arg>
<arg>${co_app_dup}</arg>
<arg>${application}</arg>
<doc>Sets variable based on the given condition.</doc>
<status status="NOT RUN" start="2025-11-06T16:26:23.353718" elapsed="0.000115"/>
</kw>
<status status="NOT RUN" start="2025-11-06T16:26:23.353538" elapsed="0.000372"/>
</branch>
<status status="PASS" start="2025-11-06T16:26:23.352419" elapsed="0.001521"/>
</if>
<if>
<branch type="IF" condition="${is_prove}">
<kw name="Handle Prove Scenario" owner="Basic_Info_Page">
<arg>${is_CoApp}</arg>
<arg>${data}</arg>
<status status="NOT RUN" start="2025-11-06T16:26:23.354220" elapsed="0.000115"/>
</kw>
<status status="NOT RUN" start="2025-11-06T16:26:23.353983" elapsed="0.000420"/>
</branch>
<branch type="ELSE">
<kw name="Handle NonProve Scenario" owner="Basic_Info_Page">
<kw name="Wait Until Element Is Enabled" owner="SeleniumLibrary">
<arg>xpath:/html/body/div[1]/div[2]/div[1]/div/div/div[2]/span/form/fieldset/div/div[7]/div/div/span/div/input</arg>
<arg>10</arg>
<doc>Waits until the element ``locator`` is enabled.</doc>
<status status="PASS" start="2025-11-06T16:26:23.354994" elapsed="0.020488"/>
</kw>
<kw name="Input Text" owner="SeleniumLibrary">
<msg time="2025-11-06T16:26:23.377255" level="INFO">Typing text '05/01/1981' into text field 'xpath:/html/body/div[1]/div[2]/div[1]/div/div/div[2]/span/form/fieldset/div/div[7]/div/div/span/div/input'.</msg>
<arg>xpath:/html/body/div[1]/div[2]/div[1]/div/div/div[2]/span/form/fieldset/div/div[7]/div/div/span/div/input</arg>
<arg>${data['dob']}</arg>
<doc>Types the given ``text`` into the text field identified by ``locator``.</doc>
<status status="PASS" start="2025-11-06T16:26:23.375986" elapsed="0.196000"/>
</kw>
<kw name="Wait Until Element Is Enabled" owner="SeleniumLibrary">
<arg>INSTALLATION__ADDRESS__DROPDOWN</arg>
<doc>Waits until the element ``locator`` is enabled.</doc>
<status status="PASS" start="2025-11-06T16:26:23.572327" elapsed="0.061467"/>
</kw>
<kw name="Execute Javascript" owner="SeleniumLibrary">
<msg time="2025-11-06T16:26:23.634820" level="INFO">Executing JavaScript:
document.getElementById("INSTALLATION__ADDRESS__DROPDOWN").value = "true";
Without any arguments.</msg>
<arg>document.getElementById("INSTALLATION__ADDRESS__DROPDOWN").value = "true";</arg>
<doc>Executes the given JavaScript code with possible arguments.</doc>
<status status="PASS" start="2025-11-06T16:26:23.634160" elapsed="0.006520"/>
</kw>
<kw name="Execute Javascript" owner="SeleniumLibrary">
<msg time="2025-11-06T16:26:23.641679" level="INFO">Executing JavaScript:
document.getElementById("INSTALLATION__ADDRESS__DROPDOWN").dispatchEvent(new Event('change'));
Without any arguments.</msg>
<arg>document.getElementById("INSTALLATION__ADDRESS__DROPDOWN").dispatchEvent(new Event('change'));</arg>
<doc>Executes the given JavaScript code with possible arguments.</doc>
<status status="PASS" start="2025-11-06T16:26:23.641025" elapsed="0.013949"/>
</kw>
<kw name="Sleep" owner="BuiltIn">
<msg time="2025-11-06T16:26:25.656320" level="INFO">Slept 2 seconds.</msg>
<arg>2</arg>
<doc>Pauses the test executed for the given time.</doc>
<status status="PASS" start="2025-11-06T16:26:23.655312" elapsed="2.001595"/>
</kw>
<kw name="Select From List By Label" owner="SeleniumLibrary">
<msg time="2025-11-06T16:26:25.660325" level="INFO">Selecting options from selection list 'INSTALLATION__ADDRESS__DROPDOWN' by label Yes, I own this property..</msg>
<arg>INSTALLATION__ADDRESS__DROPDOWN</arg>
<arg>${application['Do_you_own_installation_add']}</arg>
<doc>Selects options from selection list ``locator`` by ``labels``.</doc>
<status status="PASS" start="2025-11-06T16:26:25.657799" elapsed="0.066229"/>
</kw>
<kw name="Execute Javascript" owner="SeleniumLibrary">
<msg time="2025-11-06T16:26:25.725530" level="INFO">Executing JavaScript:
document.getElementById("INSTALLATION__ADDRESS__RESIDE__DROPDOWN").value = "true";
Without any arguments.</msg>
<arg>document.getElementById("INSTALLATION__ADDRESS__RESIDE__DROPDOWN").value = "true";</arg>
<doc>Executes the given JavaScript code with possible arguments.</doc>
<status status="PASS" start="2025-11-06T16:26:25.724390" elapsed="0.009085"/>
</kw>
<kw name="Execute Javascript" owner="SeleniumLibrary">
<msg time="2025-11-06T16:26:25.734209" level="INFO">Executing JavaScript:
document.getElementById("INSTALLATION__ADDRESS__RESIDE__DROPDOWN").dispatchEvent(new Event('change'));
Without any arguments.</msg>
<arg>document.getElementById("INSTALLATION__ADDRESS__RESIDE__DROPDOWN").dispatchEvent(new Event('change'));</arg>
<doc>Executes the given JavaScript code with possible arguments.</doc>
<status status="PASS" start="2025-11-06T16:26:25.733722" elapsed="0.013435"/>
</kw>
<kw name="Sleep" owner="BuiltIn">
<msg time="2025-11-06T16:26:27.747994" level="INFO">Slept 2 seconds.</msg>
<arg>2</arg>
<doc>Pauses the test executed for the given time.</doc>
<status status="PASS" start="2025-11-06T16:26:25.747400" elapsed="2.001777"/>
</kw>
<kw name="Select From List By Label" owner="SeleniumLibrary">
<msg time="2025-11-06T16:26:27.752468" level="INFO">Selecting options from selection list 'INSTALLATION__ADDRESS__RESIDE__DROPDOWN' by label Yes, I reside at this address..</msg>
<arg>INSTALLATION__ADDRESS__RESIDE__DROPDOWN</arg>
<arg>${application['Do_you_reside_installation_add']}</arg>
<doc>Selects options from selection list ``locator`` by ``labels``.</doc>
<status status="PASS" start="2025-11-06T16:26:27.750142" elapsed="0.071586"/>
</kw>
<kw name="Wait Until Element Is Enabled" owner="SeleniumLibrary">
<arg>xpath:/html/body/div[1]/div[2]/div[1]/div/div/div[2]/span/form/fieldset/div/div[12]/div/span/div/div/label/span[2]</arg>
<arg>20</arg>
<doc>Waits until the element ``locator`` is enabled.</doc>
<status status="PASS" start="2025-11-06T16:26:27.822083" elapsed="0.028383"/>
</kw>
<if>
<branch type="IF" condition="'${primary}' == '${None}'">
<kw name="Click Element" owner="SeleniumLibrary">
<msg time="2025-11-06T16:26:27.851809" level="INFO">Clicking element 'xpath:/html/body/div[1]/div[2]/div[1]/div/div/div[2]/span/form/fieldset/div/div[12]/div/span/div/div/label/span[2]'.</msg>
<arg>xpath:/html/body/div[1]/div[2]/div[1]/div/div/div[2]/span/form/fieldset/div/div[12]/div/span/div/div/label/span[2]</arg>
<doc>Click the element identified by ``locator``.</doc>
<status status="PASS" start="2025-11-06T16:26:27.851396" elapsed="0.101453"/>
</kw>
<status status="PASS" start="2025-11-06T16:26:27.850793" elapsed="0.102381"/>
</branch>
<branch type="ELSE">
<kw name="Fill Billing Address" owner="Basic_Info_Page">
<arg>${data}</arg>
<status status="NOT RUN" start="2025-11-06T16:26:27.953896" elapsed="0.000324"/>
</kw>
<status status="NOT RUN" start="2025-11-06T16:26:27.953295" elapsed="0.001078"/>
</branch>
<status status="PASS" start="2025-11-06T16:26:27.850755" elapsed="0.103688"/>
</if>
<kw name="Click Button" owner="SeleniumLibrary">
<msg time="2025-11-06T16:26:27.955086" level="INFO">Clicking button 'xpath:/html/body/div[1]/div[2]/div[1]/div/div/div[2]/span/form/fieldset/div/div[14]/div/div/button'.</msg>
<arg>xpath:/html/body/div[1]/div[2]/div[1]/div/div/div[2]/span/form/fieldset/div/div[14]/div/div/button</arg>
<doc>Clicks the button identified by ``locator``.</doc>
<status status="PASS" start="2025-11-06T16:26:27.954620" elapsed="0.166627"/>
</kw>
<arg>${is_CoApp}</arg>
<arg>${primary}</arg>
<arg>${data}</arg>
<status status="PASS" start="2025-11-06T16:26:23.354652" elapsed="4.766979"/>
</kw>
<status status="PASS" start="2025-11-06T16:26:23.354446" elapsed="4.767423"/>
</branch>
<status status="PASS" start="2025-11-06T16:26:23.353971" elapsed="4.768003"/>
</if>
<status status="PASS" start="2025-11-06T16:26:17.789571" elapsed="10.332537"/>
</kw>
<kw name="Personal information" owner="Personal_Information_Page">
<kw name="Run Keyword And Return Status" owner="BuiltIn">
<kw name="Should Contain" owner="BuiltIn">
<msg time="2025-11-06T16:26:28.125208" level="FAIL">'['R418006', 'rba6']' does not contain 'Co-App'</msg>
<arg>${TEST TAGS}</arg>
<arg>Co-App</arg>
<doc>Fails if ``container`` does not contain ``item`` one or more times.</doc>
<status status="FAIL" start="2025-11-06T16:26:28.124150" elapsed="0.006460">'['R418006', 'rba6']' does not contain 'Co-App'</status>
</kw>
<msg time="2025-11-06T16:26:28.130932" level="INFO">${is_CoApp} = False</msg>
<var>${is_CoApp}</var>
<arg>Should Contain</arg>
<arg>${TEST TAGS}</arg>
<arg>Co-App</arg>
<doc>Runs the given keyword with given arguments and returns the status as a Boolean value.</doc>
<status status="PASS" start="2025-11-06T16:26:28.123427" elapsed="0.007667"/>
</kw>
<kw name="Wait Until Element Is Visible" owner="SeleniumLibrary">
<arg>xpath://button[contains(text(), 'Next') or contains(@type, 'submit')]</arg>
<arg>20s</arg>
<doc>Waits until the element ``locator`` is visible.</doc>
<status status="PASS" start="2025-11-06T16:26:28.131453" elapsed="0.020864"/>
</kw>
<kw name="Sleep" owner="BuiltIn">
<msg time="2025-11-06T16:26:30.153844" level="INFO">Slept 2 seconds.</msg>
<arg>2s</arg>
<doc>Pauses the test executed for the given time.</doc>
<status status="PASS" start="2025-11-06T16:26:28.152674" elapsed="2.001635"/>
</kw>
<kw name="Run Keyword And Return Status" owner="BuiltIn">
<kw name="Should Contain" owner="BuiltIn">
<msg time="2025-11-06T16:26:30.156433" level="FAIL">'['R418006', 'rba6']' does not contain 'Prove'</msg>
<arg>${TEST TAGS}</arg>
<arg>Prove</arg>
<doc>Fails if ``container`` does not contain ``item`` one or more times.</doc>
<status status="FAIL" start="2025-11-06T16:26:30.155645" elapsed="0.006973">'['R418006', 'rba6']' does not contain 'Prove'</status>
</kw>
<msg time="2025-11-06T16:26:30.162944" level="INFO">${is_prove} = False</msg>
<var>${is_prove}</var>
<arg>Should Contain</arg>
<arg>${TEST TAGS}</arg>
<arg>Prove</arg>
<doc>Runs the given keyword with given arguments and returns the status as a Boolean value.</doc>
<status status="PASS" start="2025-11-06T16:26:30.154810" elapsed="0.008499"/>
</kw>
<if>
<branch type="IF" condition="'${primary}'=='None'">
<kw name="Set Variable" owner="BuiltIn">
<msg time="2025-11-06T16:26:30.164781" level="INFO">${data} = {'FirstName': 'Ana', 'LastName': 'Villar', 'email': 'aditya.chelluru@finmkt.io', 'street_add': '11765 West Avenue', 'city': 'San Antonio', 'state': 'Texas', 'zipcode': '78216', 'Do_you_own_installatio...</msg>
<var>${data}</var>
<arg>${application}</arg>
<doc>Returns the given values which can then be assigned to a variables.</doc>
<status status="PASS" start="2025-11-06T16:26:30.164341" elapsed="0.000742"/>
</kw>
<status status="PASS" start="2025-11-06T16:26:30.163717" elapsed="0.001536"/>
</branch>
<branch type="ELSE">
<kw name="Set Variable If" owner="BuiltIn">
<var>${data}</var>
<arg>${is_CoApp}</arg>
<arg>${co_app_dup}</arg>
<arg>${application}</arg>
<doc>Sets variable based on the given condition.</doc>
<status status="NOT RUN" start="2025-11-06T16:26:30.165867" elapsed="0.000268"/>
</kw>
<status status="NOT RUN" start="2025-11-06T16:26:30.165321" elapsed="0.000964"/>
</branch>
<status status="PASS" start="2025-11-06T16:26:30.163681" elapsed="0.002663"/>
</if>
<kw name="Wait Until Element Is Not Visible" owner="SeleniumLibrary">
<arg>xpath=//div[contains(@style, 'backdrop-filter: blur')]</arg>
<arg>timeout=15s</arg>
<doc>Waits until the element ``locator`` is not visible.</doc>
<status status="PASS" start="2025-11-06T16:26:30.166496" elapsed="0.015262"/>
</kw>
<if>
<branch type="IF" condition="${is_prove}">
<kw name="Fill Personal Information" owner="Personal_Information_Page">
<arg>${data}</arg>
<arg>${FALSE}</arg>
<status status="NOT RUN" start="2025-11-06T16:26:30.182580" elapsed="0.000213"/>
</kw>
[...]
<arg>'''${question}'''.strip()</arg>
<doc>Evaluates the given expression in Python and returns the result.</doc>
<status status="PASS" start="2025-11-06T16:26:42.682783" elapsed="0.001107"/>
</kw>
<if>
<branch type="IF" condition="'${data_clean}' == '${question_clean}'">
<kw name="Set Variable" owner="BuiltIn">
<var>${found}</var>
<arg>True</arg>
<doc>Returns the given values which can then be assigned to a variables.</doc>
<status status="NOT RUN" start="2025-11-06T16:26:42.685642" elapsed="0.000631"/>
</kw>
<kw name="Read Excel Cell" owner="ExcelLibrary">
<var>${answer}</var>
<arg>${row}</arg>
<arg>3</arg>
<arg>${SheetName}</arg>
<doc>Returns content of a cell.</doc>
<status status="NOT RUN" start="2025-11-06T16:26:42.687177" elapsed="0.000539"/>
</kw>
<kw name="Append To List" owner="Collections">
<arg>${answers}</arg>
<arg>${answer}</arg>
<doc>Adds ``values`` to the end of ``list``.</doc>
<status status="NOT RUN" start="2025-11-06T16:26:42.688470" elapsed="0.000402"/>
</kw>
<status status="NOT RUN" start="2025-11-06T16:26:42.684298" elapsed="0.004818"/>
</branch>
<status status="PASS" start="2025-11-06T16:26:42.684251" elapsed="0.004977"/>
</if>
<kw name="Evaluate" owner="BuiltIn">
<msg time="2025-11-06T16:26:42.690042" level="INFO">${row} = 32</msg>
<var>${row}</var>
<arg>${row} + 1</arg>
<doc>Evaluates the given expression in Python and returns the result.</doc>
<status status="PASS" start="2025-11-06T16:26:42.689420" elapsed="0.001028"/>
</kw>
<status status="PASS" start="2025-11-06T16:26:42.677677" elapsed="0.013031"/>
</iter>
<iter>
<kw name="Read Excel Cell" owner="ExcelLibrary">
<msg time="2025-11-06T16:26:42.692098" level="INFO">${data} = In 2010 what county did you live in?</msg>
<var>${data}</var>
<arg>${row}</arg>
<arg>2</arg>
<arg>${SheetName}</arg>
<doc>Returns content of a cell.</doc>
<status status="PASS" start="2025-11-06T16:26:42.691345" elapsed="0.000967"/>
</kw>
<kw name="Run Keyword If" owner="BuiltIn">
<arg>'${data}' == ''</arg>
<arg>Exit For Loop</arg>
<doc>Runs the given keyword with the given arguments, if ``condition`` is true.</doc>
<status status="PASS" start="2025-11-06T16:26:42.692699" elapsed="0.000582"/>
</kw>
<kw name="Evaluate" owner="BuiltIn">
<msg time="2025-11-06T16:26:42.694280" level="INFO">${data_clean} = In 2010 what county did you live in?</msg>
<var>${data_clean}</var>
<arg>'''${data}'''.strip()</arg>
<doc>Evaluates the given expression in Python and returns the result.</doc>
<status status="PASS" start="2025-11-06T16:26:42.693643" elapsed="0.001036"/>
</kw>
<kw name="Evaluate" owner="BuiltIn">
<msg time="2025-11-06T16:26:42.695857" level="INFO">${question_clean} = In 2010 what county did you live in?</msg>
<var>${question_clean}</var>
<arg>'''${question}'''.strip()</arg>
<doc>Evaluates the given expression in Python and returns the result.</doc>
<status status="PASS" start="2025-11-06T16:26:42.695109" elapsed="0.000960"/>
</kw>
<if>
<branch type="IF" condition="'${data_clean}' == '${question_clean}'">
<kw name="Set Variable" owner="BuiltIn">
<msg time="2025-11-06T16:26:42.698102" level="INFO">${found} = True</msg>
<var>${found}</var>
<arg>True</arg>
<doc>Returns the given values which can then be assigned to a variables.</doc>
<status status="PASS" start="2025-11-06T16:26:42.697322" elapsed="0.001109"/>
</kw>
<kw name="Read Excel Cell" owner="ExcelLibrary">
<msg time="2025-11-06T16:26:42.699891" level="INFO">${answer} = Fulton</msg>
<var>${answer}</var>
<arg>${row}</arg>
<arg>3</arg>
<arg>${SheetName}</arg>
<doc>Returns content of a cell.</doc>
<status status="PASS" start="2025-11-06T16:26:42.699117" elapsed="0.001073"/>
</kw>
<kw name="Append To List" owner="Collections">
<arg>${answers}</arg>
<arg>${answer}</arg>
<doc>Adds ``values`` to the end of ``list``.</doc>
<status status="PASS" start="2025-11-06T16:26:42.701029" elapsed="0.000923"/>
</kw>
<status status="PASS" start="2025-11-06T16:26:42.696367" elapsed="0.005930"/>
</branch>
<status status="PASS" start="2025-11-06T16:26:42.696336" elapsed="0.006086"/>
</if>
<kw name="Evaluate" owner="BuiltIn">
<msg time="2025-11-06T16:26:42.703529" level="INFO">${row} = 33</msg>
<var>${row}</var>
<arg>${row} + 1</arg>
<doc>Evaluates the given expression in Python and returns the result.</doc>
<status status="PASS" start="2025-11-06T16:26:42.702638" elapsed="0.001142"/>
</kw>
<status status="PASS" start="2025-11-06T16:26:42.690773" elapsed="0.013267"/>
</iter>
<status status="PASS" start="2025-11-06T16:26:42.373336" elapsed="0.330995"/>
</while>
<kw name="Run Keyword If" owner="BuiltIn">
<arg>not ${found}</arg>
<arg>Log Question And Page URL</arg>
<arg>${question}</arg>
<doc>Runs the given keyword with the given arguments, if ``condition`` is true.</doc>
<status status="PASS" start="2025-11-06T16:26:42.704551" elapsed="0.000697"/>
</kw>
<var name="${question}">In 2010 what county did you live in?</var>
<status status="PASS" start="2025-11-06T16:26:42.371189" elapsed="0.334278"/>
</iter>
<var>${question}</var>
<value>@{questions}</value>
<status status="PASS" start="2025-11-06T16:26:42.086742" elapsed="0.618814"/>
</for>
<kw name="Selecting Answers" owner="KBA_Page">
<kw name="Get Length" owner="BuiltIn">
<msg time="2025-11-06T16:26:42.762585" level="INFO">Length is 3.</msg>
<msg time="2025-11-06T16:26:42.763331" level="INFO">${len} = 3</msg>
<var>${len}</var>
<arg>${answers}</arg>
<doc>Returns and logs the length of the given item as an integer.</doc>
<status status="PASS" start="2025-11-06T16:26:42.761207" elapsed="0.002388"/>
</kw>
<kw name="Run Keyword Unless" owner="BuiltIn">
<msg time="2025-11-06T16:26:42.764400" level="WARN">Keyword 'BuiltIn.Run Keyword Unless' is deprecated. </msg>
<arg>${len} == 3</arg>
<arg>Fail</arg>
<arg>Expected 3 answers, but got ${len}</arg>
<doc>*DEPRECATED since RF 5.0. Use Native IF/ELSE or `Run Keyword If` instead.*</doc>
<status status="PASS" start="2025-11-06T16:26:42.763955" elapsed="0.015294"/>
</kw>
<kw name="Get From List" owner="Collections">
<msg time="2025-11-06T16:26:42.779886" level="INFO">${ans1} = None of the Above</msg>
<var>${ans1}</var>
<arg>${answers}</arg>
<arg>0</arg>
<doc>Returns the value specified with an ``index`` from ``list``.</doc>
<status status="PASS" start="2025-11-06T16:26:42.779513" elapsed="0.000496"/>
</kw>
<kw name="Get From List" owner="Collections">
<msg time="2025-11-06T16:26:42.780883" level="INFO">${ans2} = Alaska</msg>
<var>${ans2}</var>
<arg>${answers}</arg>
<arg>1</arg>
<doc>Returns the value specified with an ``index`` from ``list``.</doc>
<status status="PASS" start="2025-11-06T16:26:42.780344" elapsed="0.000895"/>
</kw>
<kw name="Get From List" owner="Collections">
<msg time="2025-11-06T16:26:42.782153" level="INFO">${ans3} = Fulton</msg>
<var>${ans3}</var>
<arg>${answers}</arg>
<arg>2</arg>
<doc>Returns the value specified with an ``index`` from ``list``.</doc>
<status status="PASS" start="2025-11-06T16:26:42.781564" elapsed="0.000865"/>
</kw>
<kw name="Log To Console" owner="BuiltIn">
<arg>Answer 1: ${ans1}</arg>
<doc>Logs the given message to the console.</doc>
<status status="PASS" start="2025-11-06T16:26:42.782722" elapsed="0.000702"/>
</kw>
<kw name="Log To Console" owner="BuiltIn">
<arg>Answer 2: ${ans2}</arg>
<doc>Logs the given message to the console.</doc>
<status status="PASS" start="2025-11-06T16:26:42.783728" elapsed="0.001701"/>
</kw>
<kw name="Log To Console" owner="BuiltIn">
<arg>Answer 3: ${ans3}</arg>
<doc>Logs the given message to the console.</doc>
<status status="PASS" start="2025-11-06T16:26:42.786315" elapsed="0.001411"/>
</kw>
<kw name="Set Variable" owner="BuiltIn">
<msg time="2025-11-06T16:26:42.788442" level="INFO">${xpath1} = xpath://h5[contains(text(), "None of the Above")]/preceding-sibling::input[@type="radio"]</msg>
<var>${xpath1}</var>
<arg>xpath://h5[contains(text(), "${ans1}")]/preceding-sibling::input[@type="radio"]</arg>
<doc>Returns the given values which can then be assigned to a variables.</doc>
<status status="PASS" start="2025-11-06T16:26:42.787941" elapsed="0.001050"/>
</kw>
<kw name="Click Element" owner="SeleniumLibrary">
<msg time="2025-11-06T16:26:42.789792" level="INFO">Clicking element 'xpath://h5[contains(text(), "None of the Above")]/preceding-sibling::input[@type="radio"]'.</msg>
<arg>${xpath1}</arg>
<doc>Click the element identified by ``locator``.</doc>
<status status="PASS" start="2025-11-06T16:26:42.789348" elapsed="0.087516"/>
</kw>
<if>
<branch type="IF" condition="&quot;$ans2&quot; == &quot;6'1&quot;">
<kw name="Click Element" owner="SeleniumLibrary">
<arg>xpath=//input[@id="1_1" and @name="que2"]</arg>
<doc>Click the element identified by ``locator``.</doc>
<status status="NOT RUN" start="2025-11-06T16:26:42.878101" elapsed="0.000475"/>
</kw>
<status status="NOT RUN" start="2025-11-06T16:26:42.877245" elapsed="0.001664"/>
</branch>
<branch type="ELSE">
<kw name="Set Variable" owner="BuiltIn">
<msg time="2025-11-06T16:26:42.879998" level="INFO">${xpath2} = xpath://h5[contains(text(), "Alaska")]/preceding-sibling::input[@type="radio"]</msg>
<var>${xpath2}</var>
<arg>xpath://h5[contains(text(), "${ans2}")]/preceding-sibling::input[@type="radio"]</arg>
<doc>Returns the given values which can then be assigned to a variables.</doc>
<status status="PASS" start="2025-11-06T16:26:42.879315" elapsed="0.000972"/>
</kw>
<kw name="Click Element" owner="SeleniumLibrary">
<msg time="2025-11-06T16:26:42.881318" level="INFO">Clicking element 'xpath://h5[contains(text(), "Alaska")]/preceding-sibling::input[@type="radio"]'.</msg>
<arg>${xpath2}</arg>
<doc>Click the element identified by ``locator``.</doc>
<status status="PASS" start="2025-11-06T16:26:42.880693" elapsed="0.081759"/>
</kw>
<status status="PASS" start="2025-11-06T16:26:42.878994" elapsed="0.083843"/>
</branch>
<status status="PASS" start="2025-11-06T16:26:42.877174" elapsed="0.085763"/>
</if>
<if>
<branch type="IF" condition="&quot;$ans3&quot; == &quot;6'1&quot;">
<kw name="Click Element" owner="SeleniumLibrary">
<arg>xpath=//input[@id="1_1" and @name="que3"]</arg>
<doc>Click the element identified by ``locator``.</doc>
<status status="NOT RUN" start="2025-11-06T16:26:42.963645" elapsed="0.000327"/>
</kw>
<status status="NOT RUN" start="2025-11-06T16:26:42.963094" elapsed="0.001136"/>
</branch>
<branch type="ELSE">
<kw name="Set Variable" owner="BuiltIn">
<msg time="2025-11-06T16:26:42.965296" level="INFO">${xpath3} = xpath://h5[contains(text(), "Fulton")]/preceding-sibling::input[@type="radio"]</msg>
<var>${xpath3}</var>
<arg>xpath://h5[contains(text(), "${ans3}")]/preceding-sibling::input[@type="radio"]</arg>
<doc>Returns the given values which can then be assigned to a variables.</doc>
<status status="PASS" start="2025-11-06T16:26:42.964585" elapsed="0.001086"/>
</kw>
<kw name="Click Element" owner="SeleniumLibrary">
<msg time="2025-11-06T16:26:42.966711" level="INFO">Clicking element 'xpath://h5[contains(text(), "Fulton")]/preceding-sibling::input[@type="radio"]'.</msg>
<arg>${xpath3}</arg>
<doc>Click the element identified by ``locator``.</doc>
<status status="PASS" start="2025-11-06T16:26:42.966050" elapsed="0.082140"/>
</kw>
<status status="PASS" start="2025-11-06T16:26:42.964300" elapsed="0.084353"/>
</branch>
<status status="PASS" start="2025-11-06T16:26:42.963055" elapsed="0.085695"/>
</if>
<kw name="Sleep" owner="BuiltIn">
<msg time="2025-11-06T16:26:45.050950" level="INFO">Slept 2 seconds.</msg>
<arg>2</arg>
<doc>Pauses the test executed for the given time.</doc>
<status status="PASS" start="2025-11-06T16:26:43.048969" elapsed="2.003983"/>
</kw>
<arg>${answers}</arg>
<status status="PASS" start="2025-11-06T16:26:42.706057" elapsed="2.347636"/>
</kw>
<kw name="Click Button" owner="SeleniumLibrary">
<msg time="2025-11-06T16:26:45.055364" level="INFO">Clicking button 'xpath:/html/body/div/div[2]/div[1]/div/div[2]/div/span/form/div/div[3]/div/div/div/div/button'.</msg>
<arg>xpath:/html/body/div/div[2]/div[1]/div/div[2]/div/span/form/div/div[3]/div/div/div/div/button</arg>
<doc>Clicks the button identified by ``locator``.</doc>
<status status="PASS" start="2025-11-06T16:26:45.054159" elapsed="0.083778"/>
</kw>
<kw name="Sleep" owner="BuiltIn">
<msg time="2025-11-06T16:26:47.139436" level="INFO">Slept 2 seconds.</msg>
<arg>2s</arg>
<doc>Pauses the test executed for the given time.</doc>
<status status="PASS" start="2025-11-06T16:26:45.138346" elapsed="2.002155"/>
</kw>
<kw name="Set Variable" owner="BuiltIn">
<msg time="2025-11-06T16:26:47.143218" level="INFO">${max_retry} = 10</msg>
<var>${max_retry}</var>
<arg>10</arg>
<doc>Returns the given values which can then be assigned to a variables.</doc>
<status status="PASS" start="2025-11-06T16:26:47.141620" elapsed="0.002357"/>
</kw>
<kw name="Run Keyword And Return Status" owner="BuiltIn">
<kw name="Should Contain" owner="BuiltIn">
<msg time="2025-11-06T16:26:47.149543" level="FAIL">'['R418006', 'rba6']' does not contain 'Pend'</msg>
<arg>${TEST TAGS}</arg>
<arg>Pend</arg>
<doc>Fails if ``container`` does not contain ``item`` one or more times.</doc>
<status status="FAIL" start="2025-11-06T16:26:47.147049" elapsed="0.015351">'['R418006', 'rba6']' does not contain 'Pend'</status>
</kw>
<msg time="2025-11-06T16:26:47.162847" level="INFO">${is_pend} = False</msg>
<var>${is_pend}</var>
<arg>Should Contain</arg>
<arg>${TEST TAGS}</arg>
<arg>Pend</arg>
<doc>Runs the given keyword with given arguments and returns the status as a Boolean value.</doc>
<status status="PASS" start="2025-11-06T16:26:47.145037" elapsed="0.018047"/>
</kw>
<if>
<branch type="IF" condition="not $is_pend and $type is None">
<kw name="Wait Until Element Is Visible" owner="SeleniumLibrary">
<arg>xpath:/html/body/div/div[2]/div[1]/div/div[2]/div/div[2]/div/div/div/div/button</arg>
<arg>120</arg>
<doc>Waits until the element ``locator`` is visible.</doc>
<status status="NOT RUN" start="2025-11-06T16:26:47.164047" elapsed="0.000874"/>
</kw>
<status status="NOT RUN" start="2025-11-06T16:26:47.163356" elapsed="0.002577"/>
</branch>
<branch type="ELSE">
<kw name="Close Current Excel Document" owner="ExcelLibrary">
<doc>Closes current document.</doc>
<status status="PASS" start="2025-11-06T16:26:47.166884" elapsed="0.003016"/>
</kw>
<kw name="Get Location" owner="SeleniumLibrary">
<msg time="2025-11-06T16:26:47.186677" level="INFO">${location} = https://rba6-qa.mktplacegateway.com/c/identity-verification/applicant?appId=0fdd0860-8078-4ef8-86e9-37ae5f41b7e3&amp;type=APPLICANT&amp;m=6863782ec54eaa9f42305820&amp;locationId=685ce904c54eaa7f5fc52649&amp;loanId=73...</msg>
<var>${location}</var>
<doc>Returns the current browser window URL.</doc>
<status status="PASS" start="2025-11-06T16:26:47.172380" elapsed="0.015075"/>
</kw>
<kw name="Loan ID Extraction" owner="KBA_Page">
<kw name="Evaluate" owner="BuiltIn">
<msg time="2025-11-06T16:26:47.191524" level="INFO">${matches} = ['0fdd0860-8078-4ef8-86e9-37ae5f41b7e3', '73902706-e568-4875-90bd-0b3a94c5e123']</msg>
<var>${matches}</var>
<arg>__import__('re').findall(r'[a-z0-9]{8}-[a-z0-9]{4}-[a-z0-9]{4}-[a-z0-9]{4}-[a-z0-9]{12}', '''${url}''')</arg>
<doc>Evaluates the given expression in Python and returns the result.</doc>
<status status="PASS" start="2025-11-06T16:26:47.190564" elapsed="0.001205"/>
</kw>
<kw name="Log To Console" owner="BuiltIn">
<arg>DEBUG: Matches found: ${matches}</arg>
<doc>Logs the given message to the console.</doc>
<status status="PASS" start="2025-11-06T16:26:47.192120" elapsed="0.000794"/>
</kw>
<if>
<branch type="IF" condition="$matches">
<kw name="Set Variable" owner="BuiltIn">
<msg time="2025-11-06T16:26:47.195010" level="INFO">${loan_id} = 0fdd0860-8078-4ef8-86e9-37ae5f41b7e3</msg>
<var>${loan_id}</var>
<arg>${matches[0]}</arg>
<doc>Returns the given values which can then be assigned to a variables.</doc>
<status status="PASS" start="2025-11-06T16:26:47.194030" elapsed="0.001177"/>
</kw>
<return>
<value>${loan_id}</value>
<status status="PASS" start="2025-11-06T16:26:47.195413" elapsed="0.000388"/>
</return>
<status status="PASS" start="2025-11-06T16:26:47.193288" elapsed="0.002739"/>
</branch>
<branch type="ELSE">
<return>
<value>${None}</value>
<status status="NOT RUN" start="2025-11-06T16:26:47.196353" elapsed="0.000281"/>
</return>
<status status="NOT RUN" start="2025-11-06T16:26:47.196125" elapsed="0.000728"/>
</branch>
<status status="PASS" start="2025-11-06T16:26:47.193255" elapsed="0.003686"/>
</if>
<msg time="2025-11-06T16:26:47.197138" level="INFO">${Loan_ID} = 0fdd0860-8078-4ef8-86e9-37ae5f41b7e3</msg>
<var>${Loan_ID}</var>
<arg>${location}</arg>
<status status="PASS" start="2025-11-06T16:26:47.188876" elapsed="0.008425"/>
</kw>
<kw name="Log To Console" owner="BuiltIn">
<arg>Extracted Loan ID = ${Loan_ID}</arg>
<doc>Logs the given message to the console.</doc>
<status status="PASS" start="2025-11-06T16:26:47.198531" elapsed="0.003277"/>
</kw>
<return>
<status status="PASS" start="2025-11-06T16:26:47.203641" elapsed="0.000470"/>
</return>
<status status="PASS" start="2025-11-06T16:26:47.166064" elapsed="0.038176"/>
</branch>
<status status="PASS" start="2025-11-06T16:26:47.163314" elapsed="0.041015"/>
</if>
<arg>${is_CoApp}</arg>
<status status="PASS" start="2025-11-06T16:26:41.945470" elapsed="5.259019"/>
</kw>
<kw name="Exit For Loop" owner="BuiltIn">
<msg time="2025-11-06T16:26:47.205740" level="INFO">Exiting for loop altogether.</msg>
<doc>Stops executing the enclosing FOR loop.</doc>
<status status="PASS" start="2025-11-06T16:26:47.205046" elapsed="0.001185"/>
</kw>
<arg>Handle Identity Verification Page</arg>
<arg>${is_CoApp}</arg>
<arg>AND</arg>
<arg>Exit For Loop</arg>
<doc>Executes all the given keywords in a sequence.</doc>
<status status="PASS" start="2025-11-06T16:26:41.944728" elapsed="5.261757"/>
</kw>
<arg>${is_identity}</arg>
<arg>Run Keywords</arg>
<arg>Handle Identity Verification Page</arg>
<arg>${is_CoApp}</arg>
<arg>AND</arg>
<arg>Exit For Loop</arg>
<doc>Runs the given keyword with the given arguments, if ``condition`` is true.</doc>
<status status="PASS" start="2025-11-06T16:26:41.944235" elapsed="5.262404"/>
</kw>
<kw name="Sleep" owner="BuiltIn">
<arg>2s</arg>
<doc>Pauses the test executed for the given time.</doc>
<status status="NOT RUN" start="2025-11-06T16:26:47.206921" elapsed="0.000498"/>
</kw>
<status status="PASS" start="2025-11-06T16:26:41.795449" elapsed="5.412149"/>
</iter>
<status status="PASS" start="2025-11-06T16:26:36.611446" elapsed="10.596223"/>
</while>
<status status="PASS" start="2025-11-06T16:26:36.602426" elapsed="10.605367"/>
</kw>
<tag>R418006</tag>
<tag>rba6</tag>
<status status="PASS" start="2025-11-06T16:25:32.870284" elapsed="74.338068"/>
</test>
<status status="PASS" start="2025-11-06T16:25:28.627168" elapsed="78.593495"/>
</suite>
<status status="PASS" start="2025-11-06T16:25:28.623454" elapsed="78.612612"/>
</suite>
<status status="PASS" start="2025-11-06T16:25:28.616233" elapsed="78.626163"/>
</suite>
<status status="PASS" start="2025-11-06T16:25:28.611381" elapsed="78.637655"/>
</suite>
<status status="PASS" start="2025-11-06T16:25:28.581868" elapsed="78.677631"/>
</suite>
<statistics>
<total>
<stat pass="1" fail="0" skip="0">All Tests</stat>
</total>
<tag>
<stat pass="1" fail="0" skip="0">R418006</stat>
<stat pass="1" fail="0" skip="0">rba6</stat>
</tag>
<suite>
<stat name="RBA automation-script" id="s1" pass="1" fail="0" skip="0">RBA automation-script</stat>
<stat name="Test" id="s1-s1" pass="1" fail="0" skip="0">RBA automation-script.Test</stat>
<stat name="Lenders" id="s1-s1-s1" pass="1" fail="0" skip="0">RBA automation-script.Test.Lenders</stat>
<stat name="Single Applicant" id="s1-s1-s1-s1" pass="1" fail="0" skip="0">RBA automation-script.Test.Lenders.Single Applicant</stat>
<stat name="Sunlight" id="s1-s1-s1-s1-s1" pass="1" fail="0" skip="0">RBA automation-script.Test.Lenders.Single Applicant.Sunlight</stat>
</suite>
</statistics>
<errors>
<msg time="2025-11-06T16:26:42.764400" level="WARN">Keyword 'BuiltIn.Run Keyword Unless' is deprecated. </msg>
</errors>
</robot>
