<?xml version="1.0" encoding="UTF-8"?>
<robot generator="Robot 7.3.2 (Python 3.13.0 on win32)" generated="2026-01-30T18:52:56.722669" rpa="false" schemaversion="5">
<suite id="s1" name="RBA automation-script" source="C:\Users\AdityaChelluru\Desktop\automation\RBA_automation-script">
<suite id="s1-s1" name="RF-SeleniumLibrary" source="C:\Users\AdityaChelluru\Desktop\automation\RBA_automation-script\RF-SeleniumLibrary">
<suite id="s1-s1-s1" name="Test" source="C:\Users\AdityaChelluru\Desktop\automation\RBA_automation-script\RF-SeleniumLibrary\Test">
<suite id="s1-s1-s1-s1" name="Lenders" source="C:\Users\AdityaChelluru\Desktop\automation\RBA_automation-script\RF-SeleniumLibrary\Test\Lenders">
<suite id="s1-s1-s1-s1-s1" name="Single Applicant" source="C:\Users\AdityaChelluru\Desktop\automation\RBA_automation-script\RF-SeleniumLibrary\Test\Lenders\Single_Applicant">
<suite id="s1-s1-s1-s1-s1-s1" name="PP" source="C:\Users\AdityaChelluru\Desktop\automation\RBA_automation-script\RF-SeleniumLibrary\Test\Lenders\Single_Applicant\PP.robot">
<test id="s1-s1-s1-s1-s1-s1-t1" name="PP HappyCase" line="10">
<kw name="Load Lender Data" owner="LoadingInputFile">
<kw name="Get File" owner="OperatingSystem">
<msg time="2026-01-30T18:53:01.394377" level="INFO" html="true">Getting file '&lt;a href="file://C:\Users\AdityaChelluru\Desktop\automation\RBA_automation-script\RF-SeleniumLibrary\Test\InputData\PP_TestData.json"&gt;C:\Users\AdityaChelluru\Desktop\automation\RBA_automation-script\RF-SeleniumLibrary\Test\InputData\PP_TestData.json&lt;/a&gt;'.</msg>
<msg time="2026-01-30T18:53:01.409235" level="INFO">${json_text} = {
  "Merchant": "Upgrade_Regression",
  "Location": "Upgrade_Regression_Master",
  "planID": "R418009",
  "Co_App_PlanID": "R418009",
  "projectCost": "23000",
  "depositAmount": "2000",
  "Applicant"...</msg>
<var>${json_text}</var>
<arg>${file_path}</arg>
<doc>Returns the contents of a specified file.</doc>
<status status="PASS" start="2026-01-30T18:53:01.394063" elapsed="0.015389"/>
</kw>
<kw name="Convert String To Json" owner="JSONLibrary">
<msg time="2026-01-30T18:53:01.410094" level="INFO">${data} = {'Merchant': 'Upgrade_Regression', 'Location': 'Upgrade_Regression_Master', 'planID': 'R418009', 'Co_App_PlanID': 'R418009', 'projectCost': '23000', 'depositAmount': '2000', 'Applicant': {'FirstName':...</msg>
<var>${data}</var>
<arg>${json_text}</arg>
<doc>Convert String to JSON object</doc>
<status status="PASS" start="2026-01-30T18:53:01.409719" elapsed="0.000491"/>
</kw>
<kw name="Set Suite Variable" owner="BuiltIn">
<msg time="2026-01-30T18:53:01.410776" level="INFO">${index1} = None</msg>
<arg>${index1}</arg>
<arg>${index1}</arg>
<doc>Makes a variable available everywhere within the scope of the current suite.</doc>
<status status="PASS" start="2026-01-30T18:53:01.410389" elapsed="0.000486"/>
</kw>
<kw name="Set Suite Variable" owner="BuiltIn">
<msg time="2026-01-30T18:53:01.411279" level="INFO">${index2} = None</msg>
<arg>${index2}</arg>
<arg>${index2}</arg>
<doc>Makes a variable available everywhere within the scope of the current suite.</doc>
<status status="PASS" start="2026-01-30T18:53:01.411037" elapsed="0.000349"/>
</kw>
<kw name="Set Suite Variable" owner="BuiltIn">
<msg time="2026-01-30T18:53:01.411762" level="INFO">${LENDER_DATA} = {'Merchant': 'Upgrade_Regression', 'Location': 'Upgrade_Regression_Master', 'planID': 'R418009', 'Co_App_PlanID': 'R418009', 'projectCost': '23000', 'depositAmount': '2000', 'Applicant': {'FirstName':...</msg>
<arg>${LENDER_DATA}</arg>
<arg>${data}</arg>
<doc>Makes a variable available everywhere within the scope of the current suite.</doc>
<status status="PASS" start="2026-01-30T18:53:01.411526" elapsed="0.000330"/>
</kw>
<arg>${PP_DATA}</arg>
<status status="PASS" start="2026-01-30T18:53:01.393020" elapsed="0.018941"/>
</kw>
<kw name="Merchant Portal Login" owner="Merchant_Login">
<for flavor="IN">
<iter>
<kw name="Run Keyword And Return Status" owner="BuiltIn">
<kw name="Should Start With" owner="BuiltIn">
<msg time="2026-01-30T18:53:01.415695" level="FAIL">'R418009' does not start with 'rba'</msg>
<arg>${tag}</arg>
<arg>rba</arg>
<doc>Fails if the string ``str1`` does not start with the string ``str2``.</doc>
<status status="FAIL" start="2026-01-30T18:53:01.415444" elapsed="0.022839">'R418009' does not start with 'rba'</status>
</kw>
<msg time="2026-01-30T18:53:01.438502" level="INFO">${is_present} = False</msg>
<var>${is_present}</var>
<arg>Should Start With</arg>
<arg>${tag}</arg>
<arg>rba</arg>
<doc>Runs the given keyword with given arguments and returns the status as a Boolean value.</doc>
<status status="PASS" start="2026-01-30T18:53:01.415194" elapsed="0.023407"/>
</kw>
<if>
<branch type="IF" condition="${is_present}">
<kw name="Log To Console" owner="BuiltIn">
<arg>this is the tag : ${tag}</arg>
<doc>Logs the given message to the console.</doc>
<status status="NOT RUN" start="2026-01-30T18:53:01.439255" elapsed="0.000187"/>
</kw>
<kw name="Set Variable" owner="BuiltIn">
<var>${base_url}</var>
<arg>${tag}</arg>
<doc>Returns the given values which can then be assigned to a variables.</doc>
<status status="NOT RUN" start="2026-01-30T18:53:01.439617" elapsed="0.000121"/>
</kw>
<kw name="Log To Console" owner="BuiltIn">
<arg>this is the base url ${base_url}</arg>
<doc>Logs the given message to the console.</doc>
<status status="NOT RUN" start="2026-01-30T18:53:01.439880" elapsed="0.000107"/>
</kw>
<kw name="Exit For Loop" owner="BuiltIn">
<doc>Stops executing the enclosing FOR loop.</doc>
<status status="NOT RUN" start="2026-01-30T18:53:01.440114" elapsed="0.000096"/>
</kw>
<status status="NOT RUN" start="2026-01-30T18:53:01.438771" elapsed="0.001502"/>
</branch>
<status status="PASS" start="2026-01-30T18:53:01.438737" elapsed="0.001587"/>
</if>
<var name="${tag}">R418009</var>
<status status="PASS" start="2026-01-30T18:53:01.414791" elapsed="0.025558"/>
</iter>
<iter>
<kw name="Run Keyword And Return Status" owner="BuiltIn">
<kw name="Should Start With" owner="BuiltIn">
<arg>${tag}</arg>
<arg>rba</arg>
<doc>Fails if the string ``str1`` does not start with the string ``str2``.</doc>
<status status="PASS" start="2026-01-30T18:53:01.440907" elapsed="0.000198"/>
</kw>
<msg time="2026-01-30T18:53:01.441212" level="INFO">${is_present} = True</msg>
<var>${is_present}</var>
<arg>Should Start With</arg>
<arg>${tag}</arg>
<arg>rba</arg>
<doc>Runs the given keyword with given arguments and returns the status as a Boolean value.</doc>
<status status="PASS" start="2026-01-30T18:53:01.440668" elapsed="0.000638"/>
</kw>
<if>
<branch type="IF" condition="${is_present}">
<kw name="Log To Console" owner="BuiltIn">
<arg>this is the tag : ${tag}</arg>
<doc>Logs the given message to the console.</doc>
<status status="PASS" start="2026-01-30T18:53:01.441617" elapsed="0.001172"/>
</kw>
<kw name="Set Variable" owner="BuiltIn">
<msg time="2026-01-30T18:53:01.443169" level="INFO">${base_url} = rba6</msg>
<var>${base_url}</var>
<arg>${tag}</arg>
<doc>Returns the given values which can then be assigned to a variables.</doc>
<status status="PASS" start="2026-01-30T18:53:01.442949" elapsed="0.000307"/>
</kw>
<kw name="Log To Console" owner="BuiltIn">
<arg>this is the base url ${base_url}</arg>
<doc>Logs the given message to the console.</doc>
<status status="PASS" start="2026-01-30T18:53:01.443399" elapsed="0.001179"/>
</kw>
<kw name="Exit For Loop" owner="BuiltIn">
<msg time="2026-01-30T18:53:01.445182" level="INFO">Exiting for loop altogether.</msg>
<doc>Stops executing the enclosing FOR loop.</doc>
<status status="PASS" start="2026-01-30T18:53:01.444826" elapsed="0.000565"/>
</kw>
<status status="PASS" start="2026-01-30T18:53:01.441423" elapsed="0.004069"/>
</branch>
<status status="PASS" start="2026-01-30T18:53:01.441400" elapsed="0.004144"/>
</if>
<var name="${tag}">rba6</var>
<status status="PASS" start="2026-01-30T18:53:01.440493" elapsed="0.005082"/>
</iter>
<var>${tag}</var>
<value>@{TEST_TAGS}</value>
<status status="PASS" start="2026-01-30T18:53:01.414565" elapsed="0.031065"/>
</for>
<kw name="Open Browser" owner="SeleniumLibrary">
<msg time="2026-01-30T18:53:01.446601" level="INFO">Opening browser 'chrome' to base url 'https://rba6-qa.mktplacegateway.com/m/login'.</msg>
<arg>https://${base_url}-qa.mktplacegateway.com/m/login</arg>
<arg>chrome</arg>
<doc>Opens a new browser instance to the optional ``url``.</doc>
<status status="PASS" start="2026-01-30T18:53:01.446166" elapsed="8.331763"/>
</kw>
<kw name="Wait Until Page Contains Element" owner="SeleniumLibrary">
<arg>user-name</arg>
<arg>30</arg>
<doc>Waits until the element ``locator`` appears on the current page.</doc>
<status status="PASS" start="2026-01-30T18:53:09.779291" elapsed="0.032154"/>
</kw>
<if>
<branch type="IF" condition="'${user}'=='None'">
<kw name="Input Text" owner="SeleniumLibrary">
<arg>user-name</arg>
<arg>aditya.chelluru+12@finmkt.io</arg>
<doc>Types the given ``text`` into the text field identified by ``locator``.</doc>
<status status="NOT RUN" start="2026-01-30T18:53:09.813681" elapsed="0.000606"/>
</kw>
<status status="NOT RUN" start="2026-01-30T18:53:09.812275" elapsed="0.002451"/>
</branch>
<branch type="ELSE">
<kw name="Input Text" owner="SeleniumLibrary">
<msg time="2026-01-30T18:53:09.816695" level="INFO">Typing text 'prathyusha.dumala@finmkt.io' into text field 'user-name'.</msg>
<arg>user-name</arg>
<arg>${user}</arg>
<doc>Types the given ``text`` into the text field identified by ``locator``.</doc>
<status status="PASS" start="2026-01-30T18:53:09.815688" elapsed="0.165277"/>
</kw>
<status status="PASS" start="2026-01-30T18:53:09.814932" elapsed="0.166417"/>
</branch>
<status status="PASS" start="2026-01-30T18:53:09.812184" elapsed="0.169248"/>
</if>
<if>
<branch type="IF" condition="'${password}' == 'None'">
<kw name="Input Text" owner="SeleniumLibrary">
<arg>user-password</arg>
<arg>Qa@12345</arg>
<doc>Types the given ``text`` into the text field identified by ``locator``.</doc>
<status status="NOT RUN" start="2026-01-30T18:53:09.982543" elapsed="0.000618"/>
</kw>
<status status="NOT RUN" start="2026-01-30T18:53:09.981530" elapsed="0.001802"/>
</branch>
<branch type="ELSE">
<kw name="Input Text" owner="SeleniumLibrary">
<msg time="2026-01-30T18:53:09.985102" level="INFO">Typing text 'Qa@12345' into text field 'user-password'.</msg>
<arg>user-password</arg>
<arg>${password}</arg>
<doc>Types the given ``text`` into the text field identified by ``locator``.</doc>
<status status="PASS" start="2026-01-30T18:53:09.984051" elapsed="0.163653"/>
</kw>
<status status="PASS" start="2026-01-30T18:53:09.983408" elapsed="0.164615"/>
</branch>
<status status="PASS" start="2026-01-30T18:53:09.981498" elapsed="0.166661"/>
</if>
<kw name="Click Button" owner="SeleniumLibrary">
<msg time="2026-01-30T18:53:10.149214" level="INFO">Clicking button 'xpath:/html/body/div/div[2]/div[1]/div/div/div[2]/span/form/div/div/div[4]/div/button'.</msg>
<arg>xpath:/html/body/div/div[2]/div[1]/div/div/div[2]/span/form/div/div/div[4]/div/button</arg>
<doc>Clicks the button identified by ``locator``.</doc>
<status status="PASS" start="2026-01-30T18:53:10.148440" elapsed="0.148011"/>
</kw>
<arg>prathyusha.dumala@finmkt.io</arg>
<arg>Qa@12345</arg>
<status status="PASS" start="2026-01-30T18:53:01.414170" elapsed="8.882623"/>
</kw>
<kw name="Merchant Selection Page" owner="merchant_selection">
<kw name="Wait Until Element Is Visible" owner="SeleniumLibrary">
<arg>merchant-selection-modal___BV_modal_title_</arg>
<arg>60</arg>
<doc>Waits until the element ``locator`` is visible.</doc>
<status status="PASS" start="2026-01-30T18:53:10.298146" elapsed="0.601712"/>
</kw>
<kw name="Wait Until Element Is Enabled" owner="SeleniumLibrary">
<arg>merchant-selection-modal___BV_modal_title_</arg>
<arg>60</arg>
<doc>Waits until the element ``locator`` is enabled.</doc>
<status status="PASS" start="2026-01-30T18:53:10.901096" elapsed="0.045122"/>
</kw>
<if>
<branch type="IF" condition="'${merchant}' == 'None'">
<kw name="Select From List By Label" owner="SeleniumLibrary">
<arg>xpath://*[@id="merchant-selection-modal___BV_modal_body_"]/div/div/select</arg>
<arg>${LENDER_DATA['Merchant']}</arg>
<doc>Selects options from selection list ``locator`` by ``labels``.</doc>
<status status="NOT RUN" start="2026-01-30T18:53:10.947339" elapsed="0.000481"/>
</kw>
<status status="NOT RUN" start="2026-01-30T18:53:10.946506" elapsed="0.001601"/>
</branch>
<branch type="ELSE">
<kw name="Select From List By Label" owner="SeleniumLibrary">
<msg time="2026-01-30T18:53:10.949613" level="INFO">Selecting options from selection list 'xpath://*[@id="merchant-selection-modal___BV_modal_body_"]/div/div/select' by label RBA_GL_FFC_DIV_PP.</msg>
<arg>xpath://*[@id="merchant-selection-modal___BV_modal_body_"]/div/div/select</arg>
<arg>${merchant}</arg>
<doc>Selects options from selection list ``locator`` by ``labels``.</doc>
<status status="PASS" start="2026-01-30T18:53:10.948768" elapsed="0.180542"/>
</kw>
<status status="PASS" start="2026-01-30T18:53:10.948248" elapsed="0.181433"/>
</branch>
<status status="PASS" start="2026-01-30T18:53:10.946472" elapsed="0.183281"/>
</if>
<arg>RBA_GL_FFC_DIV_PP</arg>
<status status="PASS" start="2026-01-30T18:53:10.297479" elapsed="0.832405"/>
</kw>
<kw name="selecting the merchant location" owner="Merchant_location">
<kw name="Wait Until Element Is Visible" owner="SeleniumLibrary">
<arg>location-selection-modal___BV_modal_content_</arg>
<arg>30</arg>
<doc>Waits until the element ``locator`` is visible.</doc>
<status status="PASS" start="2026-01-30T18:53:11.131490" elapsed="0.838222"/>
</kw>
<kw name="Wait Until Element Is Enabled" owner="SeleniumLibrary">
<arg>location-selection-modal___BV_modal_content_</arg>
<arg>30</arg>
<doc>Waits until the element ``locator`` is enabled.</doc>
<status status="PASS" start="2026-01-30T18:53:11.971312" elapsed="0.122293"/>
</kw>
<if>
<branch type="IF" condition="'${location}'=='None'">
<kw name="Select From List By Label" owner="SeleniumLibrary">
<arg>xpath://*[@id="location-selection-modal___BV_modal_body_"]/div/div/select</arg>
<arg>${LENDER_DATA['Location']}</arg>
<doc>Selects options from selection list ``locator`` by ``labels``.</doc>
<status status="NOT RUN" start="2026-01-30T18:53:12.096023" elapsed="0.000469"/>
</kw>
<status status="NOT RUN" start="2026-01-30T18:53:12.094866" elapsed="0.002097"/>
</branch>
<branch type="ELSE">
<kw name="Select From List By Label" owner="SeleniumLibrary">
<msg time="2026-01-30T18:53:12.100664" level="INFO">Selecting options from selection list 'xpath://*[@id="location-selection-modal___BV_modal_body_"]/div/div/select' by label RBA_GL_FFC_DIV_PP_Master.</msg>
<arg>xpath://*[@id="location-selection-modal___BV_modal_body_"]/div/div/select</arg>
<arg>${location}</arg>
<doc>Selects options from selection list ``locator`` by ``labels``.</doc>
<status status="PASS" start="2026-01-30T18:53:12.098634" elapsed="0.135060"/>
</kw>
<status status="PASS" start="2026-01-30T18:53:12.097199" elapsed="0.136751"/>
</branch>
<status status="PASS" start="2026-01-30T18:53:12.094681" elapsed="0.139352"/>
</if>
<arg>RBA_GL_FFC_DIV_PP_Master</arg>
<status status="PASS" start="2026-01-30T18:53:11.130847" elapsed="1.103268"/>
</kw>
<kw name="Sending Application to Consumer" owner="sendApplication">
<kw name="Wait Until Element Is Not Visible" owner="SeleniumLibrary">
<arg>css=div.position-absolute.bg-white.rounded-lg</arg>
<arg>20</arg>
<doc>Waits until the element ``locator`` is not visible.</doc>
<status status="PASS" start="2026-01-30T18:53:12.235313" elapsed="0.011833"/>
</kw>
<kw name="Wait Until Element Is Not Visible" owner="SeleniumLibrary">
<arg>css:div.position-absolute.bg-white</arg>
<arg>60</arg>
<doc>Waits until the element ``locator`` is not visible.</doc>
<status status="PASS" start="2026-01-30T18:53:12.247542" elapsed="2.587795"/>
</kw>
<kw name="Wait Until Element Is Visible" owner="SeleniumLibrary">
<arg>xpath://div[@class='col-md-12 d-flex justify-content-end']//div[@name='Send Application']//div//button[@type='submit'][normalize-space()='Send Application']</arg>
<arg>60</arg>
<doc>Waits until the element ``locator`` is visible.</doc>
<status status="PASS" start="2026-01-30T18:53:14.835907" elapsed="0.036294"/>
</kw>
<kw name="Wait Until Element Is Enabled" owner="SeleniumLibrary">
<arg>xpath://div[@class='col-md-12 d-flex justify-content-end']//div[@name='Send Application']//div//button[@type='submit'][normalize-space()='Send Application']</arg>
<arg>30</arg>
<doc>Waits until the element ``locator`` is enabled.</doc>
<status status="PASS" start="2026-01-30T18:53:14.873097" elapsed="0.031083"/>
</kw>
<kw name="Wait Until Element Is Not Visible" owner="SeleniumLibrary">
<arg>css=div.position-absolute.bg-white.rounded-lg</arg>
<arg>20</arg>
<doc>Waits until the element ``locator`` is not visible.</doc>
<status status="PASS" start="2026-01-30T18:53:14.904804" elapsed="0.008773"/>
</kw>
<kw name="Sleep" owner="BuiltIn">
<msg time="2026-01-30T18:53:16.915259" level="INFO">Slept 2 seconds.</msg>
<arg>2</arg>
<doc>Pauses the test executed for the given time.</doc>
<status status="PASS" start="2026-01-30T18:53:14.914101" elapsed="2.001524"/>
</kw>
<kw name="Click Button" owner="SeleniumLibrary">
<msg time="2026-01-30T18:53:16.917201" level="INFO">Clicking button 'xpath://div[@class='col-md-12 d-flex justify-content-end']//div[@name='Send Application']//div//button[@type='submit'][normalize-space()='Send Application']'.</msg>
<arg>xpath://div[@class='col-md-12 d-flex justify-content-end']//div[@name='Send Application']//div//button[@type='submit'][normalize-space()='Send Application']</arg>
<doc>Clicks the button identified by ``locator``.</doc>
<status status="PASS" start="2026-01-30T18:53:16.916181" elapsed="0.232549"/>
</kw>
<kw name="Switch Window" owner="SeleniumLibrary">
<arg>title:Point Of Sale</arg>
<arg>20</arg>
<doc>Switches to browser window matching ``locator``.</doc>
<status status="PASS" start="2026-01-30T18:53:17.149449" elapsed="5.529749"/>
</kw>
<status status="PASS" start="2026-01-30T18:53:12.234673" elapsed="10.445577"/>
</kw>
<kw name="Dc plans page" owner="DC_Plan_Page">
<for flavor="IN">
<iter>
<kw name="Run Keyword And Return Status" owner="BuiltIn">
<kw name="List Should Contain Value" owner="Collections">
<arg>${KNOWN_PLANS}</arg>
<arg>${tag}</arg>
<doc>Fails if the ``value`` is not found from ``list``.</doc>
<status status="PASS" start="2026-01-30T18:53:22.688588" elapsed="0.002119"/>
</kw>
<msg time="2026-01-30T18:53:22.691363" level="INFO">${is_present} = True</msg>
<var>${is_present}</var>
<arg>List Should Contain Value</arg>
<arg>${KNOWN_PLANS}</arg>
<arg>${tag}</arg>
<doc>Runs the given keyword with given arguments and returns the status as a Boolean value.</doc>
<status status="PASS" start="2026-01-30T18:53:22.686850" elapsed="0.005295"/>
</kw>
<if>
<branch type="IF" condition="${is_present}">
<kw name="Copy Dictionary" owner="Collections">
<msg time="2026-01-30T18:53:22.696102" level="INFO">${Lender} = {'Merchant': 'Upgrade_Regression', 'Location': 'Upgrade_Regression_Master', 'planID': 'R418009', 'Co_App_PlanID': 'R418009', 'projectCost': '23000', 'depositAmount': '2000', 'Applicant': {'FirstName':...</msg>
<var>${Lender}</var>
<arg>${LENDER_DATA}</arg>
<doc>Returns a copy of the given dictionary.</doc>
<status status="PASS" start="2026-01-30T18:53:22.694328" elapsed="0.002309"/>
</kw>
<kw name="Set To Dictionary" owner="Collections">
<arg>${Lender}</arg>
<arg>planID=${tag}</arg>
<doc>Adds the given ``key_value_pairs`` and/or ``items`` to the ``dictionary``.</doc>
<status status="PASS" start="2026-01-30T18:53:22.697520" elapsed="0.001325"/>
</kw>
<kw name="Set Global Variable" owner="BuiltIn">
<msg time="2026-01-30T18:53:22.700861" level="INFO">${LENDER_DATA} = {'Merchant': 'Upgrade_Regression', 'Location': 'Upgrade_Regression_Master', 'planID': 'R418009', 'Co_App_PlanID': 'R418009', 'projectCost': '23000', 'depositAmount': '2000', 'Applicant': {'FirstName':...</msg>
<arg>${LENDER_DATA}</arg>
<arg>${Lender}</arg>
<doc>Makes a variable available globally in all tests and suites.</doc>
<status status="PASS" start="2026-01-30T18:53:22.699517" elapsed="0.002021"/>
</kw>
<status status="PASS" start="2026-01-30T18:53:22.692801" elapsed="0.009003"/>
</branch>
<status status="PASS" start="2026-01-30T18:53:22.692713" elapsed="0.009207"/>
</if>
<var name="${tag}">R418009</var>
<status status="PASS" start="2026-01-30T18:53:22.685747" elapsed="0.016213"/>
</iter>
<iter>
<kw name="Run Keyword And Return Status" owner="BuiltIn">
<kw name="List Should Contain Value" owner="Collections">
<msg time="2026-01-30T18:53:22.706542" level="FAIL">[ S100617 | S100617-AUT | S100617-PP-AUT | S100617-UG-AUT | S101217 | S101817 | S102417 | Z303600 | Z303600-TD-AUT | Z302400 | Z304800 | Z306000 | Z307200 | R424008 | R418009 | R418007 | R418005 | R418006 | R418008 | R418013 | R418015 | R412005 | R412007 | R412009 | R412013 | R412002 | R412003 | R412004 | R412004-DIV-AUT | R412006 | R424007 | R424005 | R424009 | R424006 | R424004 | H30300 | H201205 | H201209 | R418004 | S102417 | F193728 | GICU_RBA | Upgrade_1_plan | Upgrade_2_plan | Dividend | Dividend_Plan | Dividend Test | PowerPay2 Test | PowerPay2 CoApp | Upgrade | FF new plan ss | PowerPayNew | GoodLeap_plan1 | HSunLight-Demo ] does not contain value 'rba6'.</msg>
<arg>${KNOWN_PLANS}</arg>
<arg>${tag}</arg>
<doc>Fails if the ``value`` is not found from ``list``.</doc>
<status status="FAIL" start="2026-01-30T18:53:22.704192" elapsed="0.015769">[ S100617 | S100617-AUT | S100617-PP-AUT | S100617-UG-AUT | S101217 | S101817 | S102417 | Z303600 | Z303600-TD-AUT | Z302400 | Z304800 | Z306000 | Z307200 | R424008 | R418009 | R418007 | R418005 | R418006 | R418008 | R418013 | R418015 | R412005 | R412007 | R412009 | R412013 | R412002 | R412003 | R412004 | R412004-DIV-AUT | R412006 | R424007 | R424005 | R424009 | R424006 | R424004 | H30300 | H201205 | H201209 | R418004 | S102417 | F193728 | GICU_RBA | Upgrade_1_plan | Upgrade_2_plan | Dividend | Dividend_Plan | Dividend Test | PowerPay2 Test | PowerPay2 CoApp | Upgrade | FF new plan ss | PowerPayNew | GoodLeap_plan1 | HSunLight-Demo ] does not contain value 'rba6'.</status>
</kw>
<msg time="2026-01-30T18:53:22.720898" level="INFO">${is_present} = False</msg>
<var>${is_present}</var>
<arg>List Should Contain Value</arg>
<arg>${KNOWN_PLANS}</arg>
<arg>${tag}</arg>
<doc>Runs the given keyword with given arguments and returns the status as a Boolean value.</doc>
<status status="PASS" start="2026-01-30T18:53:22.702775" elapsed="0.018891"/>
</kw>
<if>
<branch type="IF" condition="${is_present}">
<kw name="Copy Dictionary" owner="Collections">
<var>${Lender}</var>
<arg>${LENDER_DATA}</arg>
<doc>Returns a copy of the given dictionary.</doc>
<status status="NOT RUN" start="2026-01-30T18:53:22.724851" elapsed="0.001112"/>
</kw>
<kw name="Set To Dictionary" owner="Collections">
<arg>${Lender}</arg>
<arg>planID=${tag}</arg>
<doc>Adds the given ``key_value_pairs`` and/or ``items`` to the ``dictionary``.</doc>
<status status="NOT RUN" start="2026-01-30T18:53:22.726805" elapsed="0.001222"/>
</kw>
<kw name="Set Global Variable" owner="BuiltIn">
<arg>${LENDER_DATA}</arg>
<arg>${Lender}</arg>
<doc>Makes a variable available globally in all tests and suites.</doc>
<status status="NOT RUN" start="2026-01-30T18:53:22.729144" elapsed="0.000538"/>
</kw>
<status status="NOT RUN" start="2026-01-30T18:53:22.722519" elapsed="0.007782"/>
</branch>
<status status="PASS" start="2026-01-30T18:53:22.722406" elapsed="0.008286"/>
</if>
<var name="${tag}">rba6</var>
<status status="PASS" start="2026-01-30T18:53:22.702239" elapsed="0.028692"/>
</iter>
<var>${tag}</var>
<value>@{TEST_TAGS}</value>
<status status="PASS" start="2026-01-30T18:53:22.684510" elapsed="0.046775"/>
</for>
<kw name="Wait Until Element Is Not Visible" owner="SeleniumLibrary">
<arg>css:div.position-absolute.bg-white</arg>
<arg>20</arg>
<doc>Waits until the element ``locator`` is not visible.</doc>
<status status="PASS" start="2026-01-30T18:53:22.732186" elapsed="7.511524"/>
</kw>
<kw name="Wait Until Element Is Visible" owner="SeleniumLibrary">
<arg>xpath:/html/body/div/div[2]/div[1]/div/div/div[2]/div/span/form/span/div/div[1]/div/div[1]/h4/b</arg>
<arg>20</arg>
<doc>Waits until the element ``locator`` is visible.</doc>
<status status="PASS" start="2026-01-30T18:53:30.244412" elapsed="0.025933"/>
</kw>
<kw name="Wait Until Element Is Enabled" owner="SeleniumLibrary">
<arg>${LENDER_DATA['planID']}</arg>
<doc>Waits until the element ``locator`` is enabled.</doc>
<status status="PASS" start="2026-01-30T18:53:30.270736" elapsed="0.034119"/>
</kw>
<kw name="Click Button" owner="SeleniumLibrary">
<msg time="2026-01-30T18:53:30.306710" level="INFO">Clicking button 'R418009'.</msg>
<arg>${LENDER_DATA['planID']}</arg>
<doc>Clicks the button identified by ``locator``.</doc>
<status status="PASS" start="2026-01-30T18:53:30.305225" elapsed="0.084852"/>
</kw>
<if>
<branch type="IF" condition="'${amount}' == 'None'">
<kw name="Input Text" owner="SeleniumLibrary">
<arg>enter-project-cost</arg>
<arg>${LENDER_DATA['projectCost']}</arg>
<doc>Types the given ``text`` into the text field identified by ``locator``.</doc>
<status status="NOT RUN" start="2026-01-30T18:53:30.391162" elapsed="0.000311"/>
</kw>
<kw name="Input Text" owner="SeleniumLibrary">
<arg>enter-deposit-amount</arg>
<arg>${LENDER_DATA['depositAmount']}</arg>
<doc>Types the given ``text`` into the text field identified by ``locator``.</doc>
<status status="NOT RUN" start="2026-01-30T18:53:30.391816" elapsed="0.000338"/>
</kw>
<status status="NOT RUN" start="2026-01-30T18:53:30.390497" elapsed="0.001860"/>
</branch>
<branch type="ELSE">
<kw name="Input Text" owner="SeleniumLibrary">
<msg time="2026-01-30T18:53:30.393745" level="INFO">Typing text '155000' into text field 'enter-project-cost'.</msg>
<arg>enter-project-cost</arg>
<arg>${amount}</arg>
<doc>Types the given ``text`` into the text field identified by ``locator``.</doc>
<status status="PASS" start="2026-01-30T18:53:30.392995" elapsed="0.169928"/>
</kw>
<kw name="Input Text" owner="SeleniumLibrary">
<msg time="2026-01-30T18:53:30.564000" level="INFO">Typing text '0' into text field 'enter-deposit-amount'.</msg>
<arg>enter-deposit-amount</arg>
<arg>${deposite}</arg>
<doc>Types the given ``text`` into the text field identified by ``locator``.</doc>
<status status="PASS" start="2026-01-30T18:53:30.563347" elapsed="0.112420"/>
</kw>
<status status="PASS" start="2026-01-30T18:53:30.392488" elapsed="0.283522"/>
</branch>
<status status="PASS" start="2026-01-30T18:53:30.390402" elapsed="0.285677"/>
</if>
<kw name="Click Button" owner="SeleniumLibrary">
<msg time="2026-01-30T18:53:30.676769" level="INFO">Clicking button 'xpath:/html/body/div/div[2]/div[1]/div/div/div[2]/div/span/form/span/div/div[2]/div[2]/div/div/div[1]/div/button'.</msg>
<arg>xpath:/html/body/div/div[2]/div[1]/div/div/div[2]/div/span/form/span/div/div[2]/div[2]/div/div/div[1]/div/button</arg>
<doc>Clicks the button identified by ``locator``.</doc>
<status status="PASS" start="2026-01-30T18:53:30.676266" elapsed="0.091882"/>
</kw>
<arg>155000</arg>
<arg>0</arg>
<status status="PASS" start="2026-01-30T18:53:22.682737" elapsed="8.085690"/>
</kw>
<kw name="Type of Application page" owner="Application_type_page">
<kw name="Run Keyword And Return Status" owner="BuiltIn">
<kw name="Should Contain" owner="BuiltIn">
<msg time="2026-01-30T18:53:30.771918" level="FAIL">'['R418009', 'rba6']' does not contain 'Co-App'</msg>
<arg>${TEST TAGS}</arg>
<arg>Co-App</arg>
<doc>Fails if ``container`` does not contain ``item`` one or more times.</doc>
<status status="FAIL" start="2026-01-30T18:53:30.770969" elapsed="0.007231">'['R418009', 'rba6']' does not contain 'Co-App'</status>
</kw>
<msg time="2026-01-30T18:53:30.778532" level="INFO">${is_CoApp} = False</msg>
<var>${is_CoApp}</var>
<arg>Should Contain</arg>
<arg>${TEST TAGS}</arg>
<arg>Co-App</arg>
<doc>Runs the given keyword with given arguments and returns the status as a Boolean value.</doc>
<status status="PASS" start="2026-01-30T18:53:30.769949" elapsed="0.008833"/>
</kw>
<kw name="Wait Until Element Is Not Visible" owner="SeleniumLibrary">
<arg>css:div.position-absolute.bg-white.rounded-lg</arg>
<arg>20</arg>
<doc>Waits until the element ``locator`` is not visible.</doc>
<status status="PASS" start="2026-01-30T18:53:30.779235" elapsed="1.726965"/>
</kw>
<if>
<branch type="IF" condition="${is_CoApp}">
<kw name="Wait Until Element Is Enabled" owner="SeleniumLibrary">
<arg>xpath://input[@value='2']</arg>
<arg>20</arg>
<doc>Waits until the element ``locator`` is enabled.</doc>
<status status="NOT RUN" start="2026-01-30T18:53:32.507568" elapsed="0.000455"/>
</kw>
<kw name="Click Button" owner="SeleniumLibrary">
<arg>xpath://input[@value='2']</arg>
<doc>Clicks the button identified by ``locator``.</doc>
<status status="NOT RUN" start="2026-01-30T18:53:32.508490" elapsed="0.000374"/>
</kw>
<status status="NOT RUN" start="2026-01-30T18:53:32.506709" elapsed="0.002388"/>
</branch>
<branch type="ELSE">
<kw name="Wait Until Element Is Enabled" owner="SeleniumLibrary">
<arg>xpath://input[@value='1']</arg>
<arg>20</arg>
<doc>Waits until the element ``locator`` is enabled.</doc>
<status status="PASS" start="2026-01-30T18:53:32.509678" elapsed="0.034237"/>
</kw>
<kw name="Click Button" owner="SeleniumLibrary">
<msg time="2026-01-30T18:53:32.545253" level="INFO">Clicking button 'xpath://input[@value='1']'.</msg>
<arg>xpath://input[@value='1']</arg>
<doc>Clicks the button identified by ``locator``.</doc>
<status status="PASS" start="2026-01-30T18:53:32.544495" elapsed="0.061420"/>
</kw>
<status status="PASS" start="2026-01-30T18:53:32.509220" elapsed="0.096919"/>
</branch>
<status status="PASS" start="2026-01-30T18:53:32.506647" elapsed="0.099564"/>
</if>
<kw name="Click Button" owner="SeleniumLibrary">
<msg time="2026-01-30T18:53:32.606860" level="INFO">Clicking button 'xpath://button[@type='button']'.</msg>
<arg>xpath://button[@type='button']</arg>
<doc>Clicks the button identified by ``locator``.</doc>
<status status="PASS" start="2026-01-30T18:53:32.606391" elapsed="0.063894"/>
</kw>
<status status="PASS" start="2026-01-30T18:53:30.769014" elapsed="1.901525"/>
</kw>
<kw name="Load and Prepare applicant details" owner="PrepareApplicant_Details">
<kw name="Run Keyword And Return Status" owner="BuiltIn">
<kw name="Should Contain" owner="BuiltIn">
<msg time="2026-01-30T18:53:32.674624" level="FAIL">'['R418009', 'rba6']' does not contain 'Co-App'</msg>
<arg>${TEST TAGS}</arg>
<arg>Co-App</arg>
<doc>Fails if ``container`` does not contain ``item`` one or more times.</doc>
<status status="FAIL" start="2026-01-30T18:53:32.673852" elapsed="0.005588">'['R418009', 'rba6']' does not contain 'Co-App'</status>
</kw>
<msg time="2026-01-30T18:53:32.679909" level="INFO">${is_CoApp} = False</msg>
<var>${is_CoApp}</var>
<arg>Should Contain</arg>
<arg>${TEST TAGS}</arg>
<arg>Co-App</arg>
<doc>Runs the given keyword with given arguments and returns the status as a Boolean value.</doc>
<status status="PASS" start="2026-01-30T18:53:32.673051" elapsed="0.007742"/>
</kw>
<kw name="Evaluate" owner="BuiltIn">
<msg time="2026-01-30T18:53:32.683613" level="INFO">${has_applicants} = False</msg>
<var>${has_applicants}</var>
<arg>'Applicants' in ${LENDER_DATA}</arg>
<doc>Evaluates the given expression in Python and returns the result.</doc>
<status status="PASS" start="2026-01-30T18:53:32.681473" elapsed="0.002510"/>
</kw>
<kw name="Log To Console" owner="BuiltIn">
<arg>${has_applicants}</arg>
<doc>Logs the given message to the console.</doc>
<status status="PASS" start="2026-01-30T18:53:32.684577" elapsed="0.000845"/>
</kw>
<if>
<branch type="IF" condition="'${has_applicants}' == 'True'">
<if>
<branch type="IF" condition="'${index1}' != 'None'">
<kw name="Get From List" owner="Collections">
<var>${application}</var>
<arg>${LENDER_DATA["Applicants"]}</arg>
<arg>${index1}</arg>
<doc>Returns the value specified with an ``index`` from ``list``.</doc>
<status status="NOT RUN" start="2026-01-30T18:53:32.686486" elapsed="0.000233"/>
</kw>
<status status="NOT RUN" start="2026-01-30T18:53:32.686164" elapsed="0.000702"/>
</branch>
<branch type="ELSE">
<kw name="Get From Dictionary" owner="Collections">
<var>${application}</var>
<arg>${LENDER_DATA}</arg>
<arg>Applicant</arg>
<doc>Returns a value from the given ``dictionary`` based on the given ``key``.</doc>
<status status="NOT RUN" start="2026-01-30T18:53:32.687317" elapsed="0.000259"/>
</kw>
<status status="NOT RUN" start="2026-01-30T18:53:32.687047" elapsed="0.000833"/>
</branch>
<status status="NOT RUN" start="2026-01-30T18:53:32.686134" elapsed="0.001879"/>
</if>
<status status="NOT RUN" start="2026-01-30T18:53:32.685750" elapsed="0.002336"/>
</branch>
<branch type="ELSE">
<kw name="Get From Dictionary" owner="Collections">
<msg time="2026-01-30T18:53:32.689518" level="INFO">${application} = {'FirstName': 'morghan', 'LastName': 'Blake', 'email': 'aditya.chelluru@finmkt.io', 'street_add': '17254 Timberlake Court', 'city': 'Boonville', 'state': 'Missouri', 'zipcode': '65233', 'Do_you_own_in...</msg>
<var>${application}</var>
<arg>${LENDER_DATA}</arg>
<arg>Applicant</arg>
<doc>Returns a value from the given ``dictionary`` based on the given ``key``.</doc>
<status status="PASS" start="2026-01-30T18:53:32.688741" elapsed="0.001361"/>
</kw>
<status status="PASS" start="2026-01-30T18:53:32.688211" elapsed="0.002240"/>
</branch>
<status status="PASS" start="2026-01-30T18:53:32.685703" elapsed="0.004879"/>
</if>
<if>
<branch type="IF" condition="${is_CoApp}">
<if>
<branch type="IF" condition="'${index2}' != 'None'">
<kw name="Get From List" owner="Collections">
<var>${co-app}</var>
<arg>${LENDER_DATA["Applicants"]}</arg>
<arg>${index2}</arg>
<doc>Returns the value specified with an ``index`` from ``list``.</doc>
<status status="NOT RUN" start="2026-01-30T18:53:32.692011" elapsed="0.000458"/>
</kw>
<kw name="Copy Dictionary" owner="Collections">
<var>${co_app_dup}</var>
<arg>${co-app}</arg>
<doc>Returns a copy of the given dictionary.</doc>
<status status="NOT RUN" start="2026-01-30T18:53:32.692969" elapsed="0.000393"/>
</kw>
<kw name="Set Global Variable" owner="BuiltIn">
<arg>${co_app_dup}</arg>
<doc>Makes a variable available globally in all tests and suites.</doc>
<status status="NOT RUN" start="2026-01-30T18:53:32.693801" elapsed="0.000359"/>
</kw>
<status status="NOT RUN" start="2026-01-30T18:53:32.691386" elapsed="0.003019"/>
</branch>
<branch type="ELSE">
<kw name="Get From Dictionary" owner="Collections">
<var>${co-app}</var>
<arg>${LENDER_DATA}</arg>
<arg>Co-Applicant</arg>
<doc>Returns a value from the given ``dictionary`` based on the given ``key``.</doc>
<status status="NOT RUN" start="2026-01-30T18:53:32.694987" elapsed="0.000359"/>
</kw>
<kw name="Copy Dictionary" owner="Collections">
<var>${co_app_dup}</var>
<arg>${co-app}</arg>
<doc>Returns a copy of the given dictionary.</doc>
<status status="NOT RUN" start="2026-01-30T18:53:32.695747" elapsed="0.000331"/>
</kw>
<kw name="Set Global Variable" owner="BuiltIn">
<arg>${co_app_dup}</arg>
<doc>Makes a variable available globally in all tests and suites.</doc>
<status status="NOT RUN" start="2026-01-30T18:53:32.696473" elapsed="0.000332"/>
</kw>
<status status="NOT RUN" start="2026-01-30T18:53:32.694523" elapsed="0.002906"/>
</branch>
<status status="NOT RUN" start="2026-01-30T18:53:32.691325" elapsed="0.006251"/>
</if>
<status status="NOT RUN" start="2026-01-30T18:53:32.690735" elapsed="0.006882"/>
</branch>
<status status="PASS" start="2026-01-30T18:53:32.690685" elapsed="0.007101"/>
</if>
<kw name="Copy Dictionary" owner="Collections">
<msg time="2026-01-30T18:53:32.699125" level="INFO">${applicant} = {'FirstName': 'morghan', 'LastName': 'Blake', 'email': 'aditya.chelluru@finmkt.io', 'street_add': '17254 Timberlake Court', 'city': 'Boonville', 'state': 'Missouri', 'zipcode': '65233', 'Do_you_own_in...</msg>
<var>${applicant}</var>
<arg>${application}</arg>
<doc>Returns a copy of the given dictionary.</doc>
<status status="PASS" start="2026-01-30T18:53:32.698125" elapsed="0.001533"/>
</kw>
<kw name="Set Global Variable" owner="BuiltIn">
<msg time="2026-01-30T18:53:32.700881" level="INFO">${applicant} = {'FirstName': 'morghan', 'LastName': 'Blake', 'email': 'aditya.chelluru@finmkt.io', 'street_add': '17254 Timberlake Court', 'city': 'Boonville', 'state': 'Missouri', 'zipcode': '65233', 'Do_you_own_in...</msg>
<arg>${applicant}</arg>
<doc>Makes a variable available globally in all tests and suites.</doc>
<status status="PASS" start="2026-01-30T18:53:32.700093" elapsed="0.001321"/>
</kw>
<kw name="Set Global Variable" owner="BuiltIn">
<msg time="2026-01-30T18:53:32.702800" level="INFO">${application} = {'FirstName': 'morghan', 'LastName': 'Blake', 'email': 'aditya.chelluru@finmkt.io', 'street_add': '17254 Timberlake Court', 'city': 'Boonville', 'state': 'Missouri', 'zipcode': '65233', 'Do_you_own_in...</msg>
<arg>${application}</arg>
<doc>Makes a variable available globally in all tests and suites.</doc>
<status status="PASS" start="2026-01-30T18:53:32.702157" elapsed="0.001140"/>
</kw>
<status status="PASS" start="2026-01-30T18:53:32.671756" elapsed="0.032012"/>
</kw>
<kw name="Copy Dictionary" owner="Collections">
<msg time="2026-01-30T18:53:32.706334" level="INFO">${modified_app} = {'FirstName': 'morghan', 'LastName': 'Blake', 'email': 'aditya.chelluru@finmkt.io', 'street_add': '17254 Timberlake Court', 'city': 'Boonville', 'state': 'Missouri', 'zipcode': '65233', 'Do_you_own_in...</msg>
<var>${modified_app}</var>
<arg>${application}</arg>
<doc>Returns a copy of the given dictionary.</doc>
<status status="PASS" start="2026-01-30T18:53:32.704726" elapsed="0.002036"/>
</kw>
<kw name="Set To Dictionary" owner="Collections">
<arg>${modified_app}</arg>
<arg>email=satya.satti@finmkt.io</arg>
<doc>Adds the given ``key_value_pairs`` and/or ``items`` to the ``dictionary``.</doc>
<status status="PASS" start="2026-01-30T18:53:32.708207" elapsed="0.001130"/>
</kw>
<kw name="Set Global Variable" owner="BuiltIn">
<msg time="2026-01-30T18:53:32.711342" level="INFO">${application} = {'FirstName': 'morghan', 'LastName': 'Blake', 'email': 'satya.satti@finmkt.io', 'street_add': '17254 Timberlake Court', 'city': 'Boonville', 'state': 'Missouri', 'zipcode': '65233', 'Do_you_own_instal...</msg>
<arg>${application}</arg>
<arg>${modified_app}</arg>
<doc>Makes a variable available globally in all tests and suites.</doc>
<status status="PASS" start="2026-01-30T18:53:32.710224" elapsed="0.001560"/>
</kw>
<kw name="Application Details Page" owner="Application_details_Page">
<kw name="Run Keyword And Return Status" owner="BuiltIn">
<kw name="Should Contain" owner="BuiltIn">
<msg time="2026-01-30T18:53:32.716812" level="FAIL">'['R418009', 'rba6']' does not contain 'Co-App'</msg>
<arg>${TEST TAGS}</arg>
<arg>Co-App</arg>
<doc>Fails if ``container`` does not contain ``item`` one or more times.</doc>
<status status="FAIL" start="2026-01-30T18:53:32.715661" elapsed="0.017189">'['R418009', 'rba6']' does not contain 'Co-App'</status>
</kw>
<msg time="2026-01-30T18:53:32.735151" level="INFO">${is_CoApp} = False</msg>
<var>${is_CoApp}</var>
<arg>Should Contain</arg>
<arg>${TEST TAGS}</arg>
<arg>Co-App</arg>
<doc>Runs the given keyword with given arguments and returns the status as a Boolean value.</doc>
<status status="PASS" start="2026-01-30T18:53:32.714532" elapsed="0.022651"/>
</kw>
<kw name="Wait Until Element Is Not Visible" owner="SeleniumLibrary">
<arg>css:div.position-absolute.bg-white.rounded-lg</arg>
<arg>20</arg>
<doc>Waits until the element ``locator`` is not visible.</doc>
<status status="PASS" start="2026-01-30T18:53:32.738224" elapsed="0.515864"/>
</kw>
<kw name="Wait Until Element Is Enabled" owner="SeleniumLibrary">
<arg>street-address-1</arg>
<doc>Waits until the element ``locator`` is enabled.</doc>
<status status="PASS" start="2026-01-30T18:53:33.255321" elapsed="0.503144"/>
</kw>
<kw name="Input Text" owner="SeleniumLibrary">
<msg time="2026-01-30T18:53:33.759905" level="INFO">Typing text '17254 Timberlake Court' into text field 'street-address-1'.</msg>
<arg>street-address-1</arg>
<arg>${application["street_add"]}</arg>
<doc>Types the given ``text`` into the text field identified by ``locator``.</doc>
<status status="PASS" start="2026-01-30T18:53:33.758848" elapsed="0.291194"/>
</kw>
<kw name="Input Text" owner="SeleniumLibrary">
<msg time="2026-01-30T18:53:34.054968" level="INFO">Typing text 'Boonville' into text field 'city'.</msg>
<arg>city</arg>
<arg>${application["city"]}</arg>
<doc>Types the given ``text`` into the text field identified by ``locator``.</doc>
<status status="PASS" start="2026-01-30T18:53:34.051823" elapsed="0.192829"/>
</kw>
<kw name="Select From List By Label" owner="SeleniumLibrary">
<msg time="2026-01-30T18:53:34.246065" level="INFO">Selecting options from selection list 'street-address-state' by label Missouri.</msg>
<arg>street-address-state</arg>
<arg>${application["state"]}</arg>
<doc>Selects options from selection list ``locator`` by ``labels``.</doc>
<status status="PASS" start="2026-01-30T18:53:34.245114" elapsed="0.234273"/>
</kw>
<kw name="Input Text" owner="SeleniumLibrary">
<msg time="2026-01-30T18:53:34.481127" level="INFO">Typing text '65233' into text field 'zipCode'.</msg>
<arg>zipCode</arg>
<arg>${application["zipcode"]}</arg>
<doc>Types the given ``text`` into the text field identified by ``locator``.</doc>
<status status="PASS" start="2026-01-30T18:53:34.479866" elapsed="0.169651"/>
</kw>
<kw name="Input Text" owner="SeleniumLibrary">
<msg time="2026-01-30T18:53:34.653022" level="INFO">Typing text 'morghan' into text field 'legal-first-name'.</msg>
<arg>legal-first-name</arg>
<arg>${application["FirstName"]}</arg>
<doc>Types the given ``text`` into the text field identified by ``locator``.</doc>
<status status="PASS" start="2026-01-30T18:53:34.650298" elapsed="0.184424"/>
</kw>
<kw name="Input Text" owner="SeleniumLibrary">
<msg time="2026-01-30T18:53:34.837555" level="INFO">Typing text 'Blake' into text field 'legal-last-name'.</msg>
<arg>legal-last-name</arg>
<arg>${application["LastName"]}</arg>
<doc>Types the given ``text`` into the text field identified by ``locator``.</doc>
<status status="PASS" start="2026-01-30T18:53:34.835450" elapsed="0.194239"/>
</kw>
<kw name="Input Text" owner="SeleniumLibrary">
<msg time="2026-01-30T18:53:35.033538" level="INFO">Typing text 'satya.satti@finmkt.io' into text field 'email'.</msg>
<arg>email</arg>
<arg>${application["email"]}</arg>
<doc>Types the given ``text`` into the text field identified by ``locator``.</doc>
<status status="PASS" start="2026-01-30T18:53:35.030496" elapsed="0.251224"/>
</kw>
<kw name="Input Text" owner="SeleniumLibrary">
<msg time="2026-01-30T18:53:35.284839" level="INFO">Typing text '9177261126' into text field 'mobile-number'.</msg>
<arg>mobile-number</arg>
<arg>${application["mobileNumber"]}</arg>
<doc>Types the given ``text`` into the text field identified by ``locator``.</doc>
<status status="PASS" start="2026-01-30T18:53:35.282582" elapsed="0.218845"/>
</kw>
<kw name="Wait Until Element Is Not Visible" owner="SeleniumLibrary">
<arg>css=.position-absolute.bg-white.rounded-lg</arg>
<arg>timeout=30</arg>
<doc>Waits until the element ``locator`` is not visible.</doc>
<status status="PASS" start="2026-01-30T18:53:35.502383" elapsed="8.056557"/>
</kw>
<if>
<branch type="IF" condition="${is_CoApp}">
<kw name="Wait Until Element Is Visible" owner="SeleniumLibrary">
<arg>coapp-legal-first-name</arg>
<arg>10</arg>
<doc>Waits until the element ``locator`` is visible.</doc>
<status status="NOT RUN" start="2026-01-30T18:53:43.560500" elapsed="0.000529"/>
</kw>
<kw name="Wait Until Element Is Enabled" owner="SeleniumLibrary">
<arg>coapp-legal-first-name</arg>
<arg>10</arg>
<doc>Waits until the element ``locator`` is enabled.</doc>
<status status="NOT RUN" start="2026-01-30T18:53:43.561538" elapsed="0.000359"/>
</kw>
<kw name="Input Text" owner="SeleniumLibrary">
<arg>coapp-legal-first-name</arg>
<arg>${co_app_dup['FirstName']}</arg>
<doc>Types the given ``text`` into the text field identified by ``locator``.</doc>
<status status="NOT RUN" start="2026-01-30T18:53:43.562333" elapsed="0.000343"/>
</kw>
<kw name="Wait Until Element Is Enabled" owner="SeleniumLibrary">
<arg>coapp-legal-last-name</arg>
<arg>10</arg>
<doc>Waits until the element ``locator`` is enabled.</doc>
<status status="NOT RUN" start="2026-01-30T18:53:43.563087" elapsed="0.000349"/>
</kw>
<kw name="Input Text" owner="SeleniumLibrary">
<arg>coapp-legal-last-name</arg>
<arg>${co_app_dup['LastName']}</arg>
<doc>Types the given ``text`` into the text field identified by ``locator``.</doc>
<status status="NOT RUN" start="2026-01-30T18:53:43.563812" elapsed="0.000340"/>
</kw>
<kw name="Wait Until Element Is Enabled" owner="SeleniumLibrary">
<arg>xpath:(//input[@id="email"])[2]</arg>
<arg>10</arg>
<doc>Waits until the element ``locator`` is enabled.</doc>
<status status="NOT RUN" start="2026-01-30T18:53:43.564619" elapsed="0.000553"/>
</kw>
<kw name="Input Text" owner="SeleniumLibrary">
<arg>xpath:(//input[@id="email"])[2]</arg>
<arg>${co_app_dup['email']}</arg>
<doc>Types the given ``text`` into the text field identified by ``locator``.</doc>
<status status="NOT RUN" start="2026-01-30T18:53:43.565555" elapsed="0.000274"/>
</kw>
<kw name="Wait Until Element Is Enabled" owner="SeleniumLibrary">
<arg>xpath:(//input[@id="mobile-number"])[2]</arg>
<arg>8</arg>
<doc>Waits until the element ``locator`` is enabled.</doc>
<status status="NOT RUN" start="2026-01-30T18:53:43.566131" elapsed="0.000295"/>
</kw>
<kw name="Input Text" owner="SeleniumLibrary">
<arg>xpath:(//input[@id="mobile-number"])[2]</arg>
<arg>${co_app_dup['mobileNumber']}</arg>
<doc>Types the given ``text`` into the text field identified by ``locator``.</doc>
<status status="NOT RUN" start="2026-01-30T18:53:43.566820" elapsed="0.000432"/>
</kw>
<status status="NOT RUN" start="2026-01-30T18:53:43.559576" elapsed="0.007962"/>
</branch>
<status status="PASS" start="2026-01-30T18:53:43.559496" elapsed="0.008189"/>
</if>
<kw name="Wait Until Element Is Visible" owner="SeleniumLibrary">
<arg>no</arg>
<arg>10</arg>
<doc>Waits until the element ``locator`` is visible.</doc>
<status status="PASS" start="2026-01-30T18:53:43.567990" elapsed="0.026905"/>
</kw>
<kw name="Wait Until Element Is Enabled" owner="SeleniumLibrary">
<arg>yes</arg>
<arg>10</arg>
<doc>Waits until the element ``locator`` is enabled.</doc>
<status status="PASS" start="2026-01-30T18:53:43.595519" elapsed="0.029616"/>
</kw>
<kw name="Click Element" owner="SeleniumLibrary">
<msg time="2026-01-30T18:53:43.626442" level="INFO">Clicking element 'no'.</msg>
<arg>no</arg>
<doc>Click the element identified by ``locator``.</doc>
<status status="PASS" start="2026-01-30T18:53:43.625715" elapsed="0.137101"/>
</kw>
<kw name="Wait Until Element Is Enabled" owner="SeleniumLibrary">
<arg>xpath:/html/body/div[1]/div[2]/div[1]/div/div[2]/div/span/form/div[3]/div/div/div/div/div[2]/div/button</arg>
<arg>10</arg>
<doc>Waits until the element ``locator`` is enabled.</doc>
<status status="PASS" start="2026-01-30T18:53:43.763180" elapsed="0.026847"/>
</kw>
<kw name="Click Button" owner="SeleniumLibrary">
<msg time="2026-01-30T18:53:43.791604" level="INFO">Clicking button 'xpath:/html/body/div[1]/div[2]/div[1]/div/div[2]/div/span/form/div[3]/div/div/div/div/div[2]/div/button'.</msg>
<arg>xpath:/html/body/div[1]/div[2]/div[1]/div/div[2]/div/span/form/div[3]/div/div/div/div/div[2]/div/button</arg>
<doc>Clicks the button identified by ``locator``.</doc>
<status status="PASS" start="2026-01-30T18:53:43.790561" elapsed="0.123435"/>
</kw>
<status status="PASS" start="2026-01-30T18:53:32.713354" elapsed="11.200983"/>
</kw>
<kw name="verification info pop-up" owner="Verification_Info_pop-up">
<kw name="Run Keyword And Return Status" owner="BuiltIn">
<kw name="Should Contain" owner="BuiltIn">
<msg time="2026-01-30T18:53:43.917992" level="FAIL">'['R418009', 'rba6']' does not contain 'Co-App'</msg>
<arg>${TEST TAGS}</arg>
<arg>Co-App</arg>
<doc>Fails if ``container`` does not contain ``item`` one or more times.</doc>
<status status="FAIL" start="2026-01-30T18:53:43.917182" elapsed="0.007060">'['R418009', 'rba6']' does not contain 'Co-App'</status>
</kw>
<msg time="2026-01-30T18:53:43.924795" level="INFO">${is_CoApp} = False</msg>
<var>${is_CoApp}</var>
<arg>Should Contain</arg>
<arg>${TEST TAGS}</arg>
<arg>Co-App</arg>
<doc>Runs the given keyword with given arguments and returns the status as a Boolean value.</doc>
<status status="PASS" start="2026-01-30T18:53:43.916109" elapsed="0.011980"/>
</kw>
<kw name="Get Location" owner="SeleniumLibrary">
<msg time="2026-01-30T18:53:43.940479" level="INFO">${creating_new_Url} = https://rba6-qa.mktplacegateway.com/dc/initiate-application?m=65152a92c54eaaa19d3e80dc&amp;pId=5c86c1dd3fe07d3f675d9417&amp;spId=5cb111f23fe07d72716dc547&amp;locationId=649a794cc54eaa421128370c&amp;appId=2a2adc3d-43d...</msg>
<var>${creating_new_Url}</var>
<doc>Returns the current browser window URL.</doc>
<status status="PASS" start="2026-01-30T18:53:43.929096" elapsed="0.011641"/>
</kw>
<kw name="Evaluate" owner="BuiltIn">
<msg time="2026-01-30T18:53:43.942038" level="INFO">${match} = ['65152a92c54eaaa19d3e80dc', '5c86c1dd3fe07d3f675d9417', '5cb111f23fe07d72716dc547', '649a794cc54eaa421128370c', '2a2adc3d-43d7-4bf2-a475-9a486da47305', '66b62c5fc54eaa927b06e0b8']</msg>
<var>${match}</var>
<arg>__import__('re').findall(r'[a-z0-9\-]{24,36}', '''${creating_new_Url}''')</arg>
<doc>Evaluates the given expression in Python and returns the result.</doc>
<status status="PASS" start="2026-01-30T18:53:43.941122" elapsed="0.001691"/>
</kw>
<kw name="Log To Console" owner="BuiltIn">
<arg>${match}</arg>
<doc>Logs the given message to the console.</doc>
<status status="PASS" start="2026-01-30T18:53:43.943392" elapsed="0.001516"/>
</kw>
<kw name="Set Global Variable" owner="BuiltIn">
<msg time="2026-01-30T18:53:43.948517" level="INFO">${APP_ID} = 2a2adc3d-43d7-4bf2-a475-9a486da47305</msg>
<arg>${APP_ID}</arg>
<arg>${match[-2]}</arg>
<doc>Makes a variable available globally in all tests and suites.</doc>
<status status="PASS" start="2026-01-30T18:53:43.945881" elapsed="0.003399"/>
</kw>
<kw name="Set Global Variable" owner="BuiltIn">
<msg time="2026-01-30T18:53:43.952060" level="INFO">${Location_ID} = 649a794cc54eaa421128370c</msg>
<arg>${Location_ID}</arg>
<arg>${match[-3]}</arg>
<doc>Makes a variable available globally in all tests and suites.</doc>
<status status="PASS" start="2026-01-30T18:53:43.949736" elapsed="0.002875"/>
</kw>
<kw name="Set Global Variable" owner="BuiltIn">
<msg time="2026-01-30T18:53:43.955677" level="INFO">${Merchant_ID} = 65152a92c54eaaa19d3e80dc</msg>
<arg>${Merchant_ID}</arg>
<arg>${match[0]}</arg>
<doc>Makes a variable available globally in all tests and suites.</doc>
<status status="PASS" start="2026-01-30T18:53:43.953219" elapsed="0.002887"/>
</kw>
<if>
<branch type="IF" condition="${is_CoApp}">
<kw name="Wait Until Element Is Visible" owner="SeleniumLibrary">
<arg>xpath://*[@id="send-application-modal___BV_modal_body_"]/div/div[8]/div[2]/div/button</arg>
<arg>20</arg>
<doc>Waits until the element ``locator`` is visible.</doc>
<status status="NOT RUN" start="2026-01-30T18:53:43.957670" elapsed="0.000280"/>
</kw>
<kw name="Wait Until Element Is Enabled" owner="SeleniumLibrary">
<arg>xpath://*[@id="send-application-modal___BV_modal_body_"]/div/div[8]/div[2]/div/button</arg>
<arg>120</arg>
<doc>Waits until the element ``locator`` is enabled.</doc>
<status status="NOT RUN" start="2026-01-30T18:53:43.958250" elapsed="0.000244"/>
</kw>
<kw name="Click Button" owner="SeleniumLibrary">
<arg>xpath://*[@id="send-application-modal___BV_modal_body_"]/div/div[8]/div[2]/div/button</arg>
<doc>Clicks the button identified by ``locator``.</doc>
<status status="NOT RUN" start="2026-01-30T18:53:43.959283" elapsed="0.000542"/>
</kw>
<status status="NOT RUN" start="2026-01-30T18:53:43.956711" elapsed="0.003396"/>
</branch>
<branch type="ELSE">
<kw name="Wait Until Element Is Visible" owner="SeleniumLibrary">
<arg>xpath://*[@id="send-application-modal___BV_modal_body_"]/div/div[7]/div[2]/div/button</arg>
<arg>20</arg>
<doc>Waits until the element ``locator`` is visible.</doc>
<status status="PASS" start="2026-01-30T18:53:43.961255" elapsed="0.032906"/>
</kw>
<kw name="Wait Until Element Is Enabled" owner="SeleniumLibrary">
<arg>xpath://*[@id="send-application-modal___BV_modal_body_"]/div/div[7]/div[2]/div/button</arg>
<arg>180</arg>
<doc>Waits until the element ``locator`` is enabled.</doc>
<status status="PASS" start="2026-01-30T18:53:43.995505" elapsed="0.036179"/>
</kw>
<kw name="Scroll Element Into View" owner="SeleniumLibrary">
<arg>xpath://*[@id="send-application-modal___BV_modal_body_"]/div/div[7]/div[2]/div/button</arg>
<doc>Scrolls the element identified by ``locator`` into view.</doc>
<status status="PASS" start="2026-01-30T18:53:44.032315" elapsed="0.315356"/>
</kw>
<kw name="Click Element" owner="SeleniumLibrary">
<msg time="2026-01-30T18:53:44.349295" level="INFO">Clicking element 'xpath://*[@id="send-application-modal___BV_modal_body_"]/div/div[7]/div[2]/div/button'.</msg>
<arg>xpath://*[@id="send-application-modal___BV_modal_body_"]/div/div[7]/div[2]/div/button</arg>
<doc>Click the element identified by ``locator``.</doc>
<status status="PASS" start="2026-01-30T18:53:44.348356" elapsed="0.081477"/>
</kw>
<status status="PASS" start="2026-01-30T18:53:43.960315" elapsed="0.469922"/>
</branch>
<status status="PASS" start="2026-01-30T18:53:43.956651" elapsed="0.473705"/>
</if>
<kw name="Wait Until Page Contains" owner="SeleniumLibrary">
<arg>Application Sent Successfully!</arg>
<arg>15</arg>
<doc>Waits until ``text`` appears on the current page.</doc>
<status status="PASS" start="2026-01-30T18:53:44.430732" elapsed="0.692962"/>
</kw>
<status status="PASS" start="2026-01-30T18:53:43.915259" elapsed="1.208706"/>
</kw>
<kw name="URL Applicant" owner="URL_applicant">
<for flavor="IN">
<iter>
<kw name="Run Keyword And Return Status" owner="BuiltIn">
<kw name="Should Start With" owner="BuiltIn">
<msg time="2026-01-30T18:53:45.129835" level="FAIL">'R418009' does not start with 'rba'</msg>
<arg>${tag}</arg>
<arg>rba</arg>
<doc>Fails if the string ``str1`` does not start with the string ``str2``.</doc>
<status status="FAIL" start="2026-01-30T18:53:45.128327" elapsed="0.010790">'R418009' does not start with 'rba'</status>
</kw>
<msg time="2026-01-30T18:53:45.139871" level="INFO">${is_present} = False</msg>
<var>${is_present}</var>
<arg>Should Start With</arg>
<arg>${tag}</arg>
<arg>rba</arg>
<doc>Runs the given keyword with given arguments and returns the status as a Boolean value.</doc>
<status status="PASS" start="2026-01-30T18:53:45.127060" elapsed="0.013252"/>
</kw>
<if>
<branch type="IF" condition="${is_present}">
<kw name="Set Variable" owner="BuiltIn">
<var>${base_url}</var>
<arg>${tag}</arg>
<doc>Returns the given values which can then be assigned to a variables.</doc>
<status status="NOT RUN" start="2026-01-30T18:53:45.142318" elapsed="0.000427"/>
</kw>
<kw name="Exit For Loop" owner="BuiltIn">
<doc>Stops executing the enclosing FOR loop.</doc>
<status status="NOT RUN" start="2026-01-30T18:53:45.143144" elapsed="0.000523"/>
</kw>
<status status="NOT RUN" start="2026-01-30T18:53:45.141000" elapsed="0.002915"/>
</branch>
<status status="PASS" start="2026-01-30T18:53:45.140911" elapsed="0.003103"/>
</if>
<var name="${tag}">R418009</var>
<status status="PASS" start="2026-01-30T18:53:45.126224" elapsed="0.017837"/>
</iter>
<iter>
<kw name="Run Keyword And Return Status" owner="BuiltIn">
<kw name="Should Start With" owner="BuiltIn">
<arg>${tag}</arg>
<arg>rba</arg>
<doc>Fails if the string ``str1`` does not start with the string ``str2``.</doc>
<status status="PASS" start="2026-01-30T18:53:45.147074" elapsed="0.001411"/>
</kw>
<msg time="2026-01-30T18:53:45.149257" level="INFO">${is_present} = True</msg>
<var>${is_present}</var>
<arg>Should Start With</arg>
<arg>${tag}</arg>
<arg>rba</arg>
<doc>Runs the given keyword with given arguments and returns the status as a Boolean value.</doc>
<status status="PASS" start="2026-01-30T18:53:45.145007" elapsed="0.005311"/>
</kw>
<if>
<branch type="IF" condition="${is_present}">
<kw name="Set Variable" owner="BuiltIn">
<msg time="2026-01-30T18:53:45.153161" level="INFO">${base_url} = rba6</msg>
<var>${base_url}</var>
<arg>${tag}</arg>
<doc>Returns the given values which can then be assigned to a variables.</doc>
<status status="PASS" start="2026-01-30T18:53:45.152327" elapsed="0.001810"/>
</kw>
<kw name="Exit For Loop" owner="BuiltIn">
<msg time="2026-01-30T18:53:45.156956" level="INFO">Exiting for loop altogether.</msg>
<doc>Stops executing the enclosing FOR loop.</doc>
<status status="PASS" start="2026-01-30T18:53:45.155397" elapsed="0.002291"/>
</kw>
<status status="PASS" start="2026-01-30T18:53:45.151508" elapsed="0.006646"/>
</branch>
<status status="PASS" start="2026-01-30T18:53:45.151424" elapsed="0.007114"/>
</if>
<var name="${tag}">rba6</var>
<status status="PASS" start="2026-01-30T18:53:45.144361" elapsed="0.014292"/>
</iter>
<var>${tag}</var>
<value>@{TEST_TAGS}</value>
<status status="PASS" start="2026-01-30T18:53:45.125418" elapsed="0.033357"/>
</for>
<kw name="Get Location" owner="SeleniumLibrary">
<msg time="2026-01-30T18:53:45.176341" level="INFO">${url} = https://rba6-qa.mktplacegateway.com/dc/application-sent?m=65152a92c54eaaa19d3e80dc&amp;pId=5c86c1dd3fe07d3f675d9417&amp;spId=5cb111f23fe07d72716dc547&amp;locationId=649a794cc54eaa421128370c&amp;appId=2a2adc3d-43d7-4b...</msg>
<var>${url}</var>
<doc>Returns the current browser window URL.</doc>
<status status="PASS" start="2026-01-30T18:53:45.159155" elapsed="0.017977"/>
</kw>
<kw name="Run Keyword And Return Status" owner="BuiltIn">
<kw name="Should Contain" owner="BuiltIn">
<msg time="2026-01-30T18:53:45.183864" level="FAIL">'https://rba6-qa.mktplacegateway.com/dc/application-sent?m=65152a92c54eaaa19d3e80dc&amp;pId=5c86c1dd3fe07d3f675d9417&amp;spId=5cb111f23fe07d72716dc547&amp;locationId=649a794cc54eaa421128370c&amp;appId=2a2adc3d-43d7-4bf2-a475-9a486da47305&amp;offerCode=66b62c5fc54eaa927b06e0b8' does not contain 'loanId='</msg>
<arg>${url}</arg>
<arg>loanId=</arg>
<doc>Fails if ``container`` does not contain ``item`` one or more times.</doc>
<status status="FAIL" start="2026-01-30T18:53:45.180879" elapsed="0.020275">'https://rba6-qa.mktplacegateway.com/dc/application-sent?m=65152a92c54eaaa19d3e80dc&amp;pId=5c86c1dd3fe07d3f675d9417&amp;spId=5cb111f23fe07d72716dc547&amp;locationId=649a794cc54eaa421128370c&amp;appId=2a2adc3d-43d7-4bf2-a475-9a486da47305&amp;offerCode=66b62c5fc54eaa927b06e0b8' does not contain 'loanId='</status>
</kw>
<msg time="2026-01-30T18:53:45.202618" level="INFO">${loan_id_is_present} = False</msg>
<var>${loan_id_is_present}</var>
<arg>Should Contain</arg>
<arg>${url}</arg>
<arg>loanId=</arg>
<doc>Runs the given keyword with given arguments and returns the status as a Boolean value.</doc>
<status status="PASS" start="2026-01-30T18:53:45.178328" elapsed="0.025418"/>
</kw>
<if>
<branch type="IF" condition="${loan_id_is_present}">
<kw name="Evaluate" owner="BuiltIn">
<var>${match}</var>
<arg>__import__('re').findall(r'loanId=([a-z0-9\-]{24,36})', '''${url}''')</arg>
<doc>Evaluates the given expression in Python and returns the result.</doc>
<status status="NOT RUN" start="2026-01-30T18:53:45.207219" elapsed="0.001534"/>
</kw>
<kw name="Log To Console" owner="BuiltIn">
<arg>${match}</arg>
<doc>Logs the given message to the console.</doc>
<status status="NOT RUN" start="2026-01-30T18:53:45.209262" elapsed="0.000570"/>
</kw>
<kw name="Set Variable" owner="BuiltIn">
<var>${M_URL}</var>
<arg>https://${base_Url}-qa.mktplacegateway.com/c/application-authorization?loanId=${match[0]}&amp;type=CO_APPLICANT&amp;m=${Merchant_ID}&amp;locationId=${Location_ID}</arg>
<doc>Returns the given values which can then be assigned to a variables.</doc>
<status status="NOT RUN" start="2026-01-30T18:53:45.210500" elapsed="0.001447"/>
</kw>
<status status="NOT RUN" start="2026-01-30T18:53:45.205039" elapsed="0.007588"/>
</branch>
<branch type="ELSE">
<kw name="Set Variable" owner="BuiltIn">
<msg time="2026-01-30T18:53:45.214748" level="INFO">${M_URL} = https://rba6-qa.mktplacegateway.com/c/application-authorization?appId=2a2adc3d-43d7-4bf2-a475-9a486da47305&amp;type=APPLICANT&amp;m=65152a92c54eaaa19d3e80dc&amp;locationId=649a794cc54eaa421128370c</msg>
<var>${M_URL}</var>
<arg>https://${base_Url}-qa.mktplacegateway.com/c/application-authorization?appId=${APP_ID}&amp;type=APPLICANT&amp;m=${Merchant_ID}&amp;locationId=${Location_ID}</arg>
<doc>Returns the given values which can then be assigned to a variables.</doc>
<status status="PASS" start="2026-01-30T18:53:45.213928" elapsed="0.001472"/>
</kw>
<status status="PASS" start="2026-01-30T18:53:45.212959" elapsed="0.003204"/>
</branch>
<status status="PASS" start="2026-01-30T18:53:45.204903" elapsed="0.011584"/>
</if>
<kw name="Execute Javascript" owner="SeleniumLibrary">
<msg time="2026-01-30T18:53:45.219706" level="INFO">Executing JavaScript:
window.open('https://rba6-qa.mktplacegateway.com/c/application-authorization?appId=2a2adc3d-43d7-4bf2-a475-9a486da47305&amp;type=APPLICANT&amp;m=65152a92c54eaaa19d3e80dc&amp;locationId=649a794cc54eaa421128370c', '_blank')
Without any arguments.</msg>
<arg>window.open('${M_URL}', '_blank')</arg>
<doc>Executes the given JavaScript code with possible arguments.</doc>
<status status="PASS" start="2026-01-30T18:53:45.217400" elapsed="0.077600"/>
</kw>
<kw name="Switch Window" owner="SeleniumLibrary">
<arg>NEW</arg>
<doc>Switches to browser window matching ``locator``.</doc>
<status status="PASS" start="2026-01-30T18:53:45.295528" elapsed="0.018317"/>
</kw>
<kw name="Get Location" owner="SeleniumLibrary">
<msg time="2026-01-30T18:53:46.086079" level="INFO">${location} = https://rba6-qa.mktplacegateway.com/c/application-authorization?appId=2a2adc3d-43d7-4bf2-a475-9a486da47305&amp;type=APPLICANT&amp;m=65152a92c54eaaa19d3e80dc&amp;locationId=649a794cc54eaa421128370c</msg>
<var>${location}</var>
<doc>Returns the current browser window URL.</doc>
<status status="PASS" start="2026-01-30T18:53:45.314457" elapsed="0.771858"/>
</kw>
<kw name="Log To Console" owner="BuiltIn">
<arg>this is the location</arg>
<arg>${location}</arg>
<doc>Logs the given message to the console.</doc>
<status status="PASS" start="2026-01-30T18:53:46.086657" elapsed="0.000694"/>
</kw>
<status status="PASS" start="2026-01-30T18:53:45.124717" elapsed="0.962935"/>
</kw>
<kw name="Application Authorization Page" owner="Application_Authorization">
<kw name="Wait Until Element Is Not Visible" owner="SeleniumLibrary">
<msg time="2026-01-30T18:53:46.153080" level="INFO">Suppressing StaleElementReferenceException from Selenium.</msg>
<arg>css:div.position-absolute.bg-white.rounded-lg</arg>
<arg>120</arg>
<doc>Waits until the element ``locator`` is not visible.</doc>
<status status="PASS" start="2026-01-30T18:53:46.089948" elapsed="0.284215"/>
</kw>
<kw name="Wait Until Element Is Enabled" owner="SeleniumLibrary">
<arg>xpath:/html/body/div/div[2]/div[1]/div/div[2]/div/div[5]/div/div/button/div</arg>
<arg>120</arg>
<doc>Waits until the element ``locator`` is enabled.</doc>
<status status="PASS" start="2026-01-30T18:53:46.375141" elapsed="0.044491"/>
</kw>
<kw name="Click Element" owner="SeleniumLibrary">
<msg time="2026-01-30T18:53:46.420652" level="INFO">Clicking element 'xpath:/html/body/div/div[2]/div[1]/div/div[2]/div/div[5]/div/div/button/div'.</msg>
<arg>xpath:/html/body/div/div[2]/div[1]/div/div[2]/div/div[5]/div/div/button/div</arg>
<doc>Click the element identified by ``locator``.</doc>
<status status="PASS" start="2026-01-30T18:53:46.420008" elapsed="0.080792"/>
</kw>
<status status="PASS" start="2026-01-30T18:53:46.088652" elapsed="0.412433"/>
</kw>
<kw name="Credit freeze page" owner="Credit_Freeze_Page">
<kw name="Wait Until Element Is Not Visible" owner="SeleniumLibrary">
<arg>css:div.position-absolute.bg-white.rounded-lg</arg>
<arg>10</arg>
<doc>Waits until the element ``locator`` is not visible.</doc>
<status status="PASS" start="2026-01-30T18:53:46.502495" elapsed="0.015154"/>
</kw>
<kw name="Wait Until Page Contains" owner="SeleniumLibrary">
<arg>Credit Access Reminder</arg>
<arg>20</arg>
<doc>Waits until ``text`` appears on the current page.</doc>
<status status="PASS" start="2026-01-30T18:53:46.518000" elapsed="0.461067"/>
</kw>
<kw name="Wait Until Element Is Enabled" owner="SeleniumLibrary">
<arg>xpath:/html/body/div/div[2]/div[1]/div/div/div[2]/div/div[4]/div/button</arg>
<doc>Waits until the element ``locator`` is enabled.</doc>
<status status="PASS" start="2026-01-30T18:53:46.980259" elapsed="0.048184"/>
</kw>
<kw name="Click Element" owner="SeleniumLibrary">
<msg time="2026-01-30T18:53:47.030128" level="INFO">Clicking element 'xpath:/html/body/div/div[2]/div[1]/div/div/div[2]/div/div[4]/div/button'.</msg>
<arg>xpath:/html/body/div/div[2]/div[1]/div/div/div[2]/div/div[4]/div/button</arg>
<doc>Click the element identified by ``locator``.</doc>
<status status="PASS" start="2026-01-30T18:53:47.029171" elapsed="0.074286"/>
</kw>
<status status="PASS" start="2026-01-30T18:53:46.501570" elapsed="0.602267"/>
</kw>
<kw name="prove data" owner="Prove_data_Page">
<kw name="Wait Until Element Is Enabled" owner="SeleniumLibrary">
<arg>ssn</arg>
<arg>20</arg>
<doc>Waits until the element ``locator`` is enabled.</doc>
<status status="PASS" start="2026-01-30T18:53:47.105523" elapsed="0.718619"/>
</kw>
<if>
<branch type="IF" condition="'${type}' == 'None'">
<kw name="Input Text" owner="SeleniumLibrary">
<msg time="2026-01-30T18:53:47.827996" level="INFO">Typing text '666971260' into text field 'ssn'.</msg>
<arg>ssn</arg>
<arg>${application['ssn']}</arg>
<doc>Types the given ``text`` into the text field identified by ``locator``.</doc>
<status status="PASS" start="2026-01-30T18:53:47.826373" elapsed="0.130110"/>
</kw>
<kw name="Input Text" owner="SeleniumLibrary">
<msg time="2026-01-30T18:53:47.957959" level="INFO">Typing text '9177261126' into text field 'prove-mobile-number'.</msg>
<arg>prove-mobile-number</arg>
<arg>${application['mobileNumber']}</arg>
<doc>Types the given ``text`` into the text field identified by ``locator``.</doc>
<status status="PASS" start="2026-01-30T18:53:47.956892" elapsed="0.122840"/>
</kw>
<status status="PASS" start="2026-01-30T18:53:47.824813" elapsed="0.255159"/>
</branch>
<branch type="ELSE">
<kw name="Input Text" owner="SeleniumLibrary">
<arg>ssn</arg>
<arg>${co_app_dup['ssn']}</arg>
<doc>Types the given ``text`` into the text field identified by ``locator``.</doc>
<status status="NOT RUN" start="2026-01-30T18:53:48.080491" elapsed="0.000275"/>
</kw>
<kw name="Input Text" owner="SeleniumLibrary">
<arg>prove-mobile-number</arg>
<arg>${co_app_dup['mobileNumber']}</arg>
<doc>Types the given ``text`` into the text field identified by ``locator``.</doc>
<status status="NOT RUN" start="2026-01-30T18:53:48.082257" elapsed="0.000831"/>
</kw>
<status status="NOT RUN" start="2026-01-30T18:53:48.080054" elapsed="0.003253"/>
</branch>
<status status="PASS" start="2026-01-30T18:53:47.824746" elapsed="0.258651"/>
</if>
<kw name="Click Button" owner="SeleniumLibrary">
<msg time="2026-01-30T18:53:48.084453" level="INFO">Clicking button 'xpath:/html/body/div/div[2]/div[1]/div/div/div[2]/div/span/form/fieldset/div/div[6]/div/div/button'.</msg>
<arg>xpath:/html/body/div/div[2]/div[1]/div/div/div[2]/div/span/form/fieldset/div/div[6]/div/div/button</arg>
<doc>Clicks the button identified by ``locator``.</doc>
<status status="PASS" start="2026-01-30T18:53:48.083695" elapsed="0.105224"/>
</kw>
<status status="PASS" start="2026-01-30T18:53:47.104803" elapsed="1.084509"/>
</kw>
<kw name="basic information" owner="Basic_Info_Page">
<kw name="Run Keyword And Return Status" owner="BuiltIn">
<kw name="Should Contain" owner="BuiltIn">
<msg time="2026-01-30T18:53:48.192600" level="FAIL">'['R418009', 'rba6']' does not contain 'Co-App'</msg>
<arg>${TEST TAGS}</arg>
<arg>Co-App</arg>
<doc>Fails if ``container`` does not contain ``item`` one or more times.</doc>
<status status="FAIL" start="2026-01-30T18:53:48.191862" elapsed="0.007469">'['R418009', 'rba6']' does not contain 'Co-App'</status>
</kw>
<msg time="2026-01-30T18:53:48.199844" level="INFO">${is_CoApp} = False</msg>
<var>${is_CoApp}</var>
<arg>Should Contain</arg>
<arg>${TEST TAGS}</arg>
<arg>Co-App</arg>
<doc>Runs the given keyword with given arguments and returns the status as a Boolean value.</doc>
<status status="PASS" start="2026-01-30T18:53:48.191169" elapsed="0.009269"/>
</kw>
<kw name="Wait Until Element Is Enabled" owner="SeleniumLibrary">
<arg>xpath:/html/body/div[1]/div[2]/div[1]/div/div/div[2]/span/form/fieldset/div/div[7]/div/div/span/div/input</arg>
<arg>30</arg>
<doc>Waits until the element ``locator`` is enabled.</doc>
<status status="PASS" start="2026-01-30T18:53:48.201042" elapsed="1.206181"/>
</kw>
<kw name="Sleep" owner="BuiltIn">
<msg time="2026-01-30T18:53:52.409170" level="INFO">Slept 3 seconds.</msg>
<arg>3</arg>
<doc>Pauses the test executed for the given time.</doc>
<status status="PASS" start="2026-01-30T18:53:49.407870" elapsed="3.002099"/>
</kw>
<kw name="Run Keyword And Return Status" owner="BuiltIn">
<kw name="Should Contain" owner="BuiltIn">
<msg time="2026-01-30T18:53:52.413733" level="FAIL">'['R418009', 'rba6']' does not contain 'Prove'</msg>
<arg>${TEST TAGS}</arg>
<arg>Prove</arg>
<doc>Fails if ``container`` does not contain ``item`` one or more times.</doc>
<status status="FAIL" start="2026-01-30T18:53:52.412598" elapsed="0.011025">'['R418009', 'rba6']' does not contain 'Prove'</status>
</kw>
<msg time="2026-01-30T18:53:52.424427" level="INFO">${is_prove} = False</msg>
<var>${is_prove}</var>
<arg>Should Contain</arg>
<arg>${TEST TAGS}</arg>
<arg>Prove</arg>
<doc>Runs the given keyword with given arguments and returns the status as a Boolean value.</doc>
<status status="PASS" start="2026-01-30T18:53:52.410853" elapsed="0.014075"/>
</kw>
<if>
<branch type="IF" condition="'${primary}'=='None'">
<kw name="Set Variable" owner="BuiltIn">
<msg time="2026-01-30T18:53:52.429791" level="INFO">${data} = {'FirstName': 'morghan', 'LastName': 'Blake', 'email': 'satya.satti@finmkt.io', 'street_add': '17254 Timberlake Court', 'city': 'Boonville', 'state': 'Missouri', 'zipcode': '65233', 'Do_you_own_instal...</msg>
<var>${data}</var>
<arg>${application}</arg>
<doc>Returns the given values which can then be assigned to a variables.</doc>
<status status="PASS" start="2026-01-30T18:53:52.427712" elapsed="0.003571"/>
</kw>
<status status="PASS" start="2026-01-30T18:53:52.425876" elapsed="0.006548"/>
</branch>
<branch type="ELSE">
<kw name="Set Variable If" owner="BuiltIn">
<var>${data}</var>
<arg>${is_CoApp}</arg>
<arg>${co_app_dup}</arg>
<arg>${application}</arg>
<doc>Sets variable based on the given condition.</doc>
<status status="NOT RUN" start="2026-01-30T18:53:52.433902" elapsed="0.000800"/>
</kw>
<status status="NOT RUN" start="2026-01-30T18:53:52.432665" elapsed="0.002522"/>
</branch>
<status status="PASS" start="2026-01-30T18:53:52.425773" elapsed="0.009630"/>
</if>
<if>
<branch type="IF" condition="${is_prove}">
<kw name="Handle Prove Scenario" owner="Basic_Info_Page">
<arg>${is_CoApp}</arg>
<arg>${data}</arg>
<status status="NOT RUN" start="2026-01-30T18:53:52.437416" elapsed="0.000771"/>
</kw>
<status status="NOT RUN" start="2026-01-30T18:53:52.435679" elapsed="0.002944"/>
</branch>
<branch type="ELSE">
<kw name="Handle NonProve Scenario" owner="Basic_Info_Page">
<kw name="Wait Until Element Is Enabled" owner="SeleniumLibrary">
<arg>xpath:/html/body/div[1]/div[2]/div[1]/div/div/div[2]/span/form/fieldset/div/div[7]/div/div/span/div/input</arg>
<arg>10</arg>
<doc>Waits until the element ``locator`` is enabled.</doc>
<status status="PASS" start="2026-01-30T18:53:52.441656" elapsed="0.038975"/>
</kw>
<kw name="Input Text" owner="SeleniumLibrary">
<msg time="2026-01-30T18:53:52.482942" level="INFO">Typing text '08/01/1986' into text field 'xpath:/html/body/div[1]/div[2]/div[1]/div/div/div[2]/span/form/fieldset/div/div[7]/div/div/span/div/input'.</msg>
<arg>xpath:/html/body/div[1]/div[2]/div[1]/div/div/div[2]/span/form/fieldset/div/div[7]/div/div/span/div/input</arg>
<arg>${data['dob']}</arg>
<doc>Types the given ``text`` into the text field identified by ``locator``.</doc>
<status status="PASS" start="2026-01-30T18:53:52.481286" elapsed="0.139830"/>
</kw>
<kw name="Wait Until Element Is Enabled" owner="SeleniumLibrary">
<arg>INSTALLATION__ADDRESS__DROPDOWN</arg>
<doc>Waits until the element ``locator`` is enabled.</doc>
<status status="PASS" start="2026-01-30T18:53:52.621705" elapsed="0.031514"/>
</kw>
<kw name="Execute Javascript" owner="SeleniumLibrary">
<msg time="2026-01-30T18:53:52.655092" level="INFO">Executing JavaScript:
document.getElementById("INSTALLATION__ADDRESS__DROPDOWN").value = "true";
Without any arguments.</msg>
<arg>document.getElementById("INSTALLATION__ADDRESS__DROPDOWN").value = "true";</arg>
<doc>Executes the given JavaScript code with possible arguments.</doc>
<status status="PASS" start="2026-01-30T18:53:52.653866" elapsed="0.008397"/>
</kw>
<kw name="Execute Javascript" owner="SeleniumLibrary">
<msg time="2026-01-30T18:53:52.663995" level="INFO">Executing JavaScript:
document.getElementById("INSTALLATION__ADDRESS__DROPDOWN").dispatchEvent(new Event('change'));
Without any arguments.</msg>
<arg>document.getElementById("INSTALLATION__ADDRESS__DROPDOWN").dispatchEvent(new Event('change'));</arg>
<doc>Executes the given JavaScript code with possible arguments.</doc>
<status status="PASS" start="2026-01-30T18:53:52.662849" elapsed="0.011783"/>
</kw>
<kw name="Sleep" owner="BuiltIn">
<msg time="2026-01-30T18:53:54.679493" level="INFO">Slept 2 seconds.</msg>
<arg>2</arg>
<doc>Pauses the test executed for the given time.</doc>
<status status="PASS" start="2026-01-30T18:53:52.675028" elapsed="2.007943"/>
</kw>
<kw name="Select From List By Label" owner="SeleniumLibrary">
<msg time="2026-01-30T18:53:54.684991" level="INFO">Selecting options from selection list 'INSTALLATION__ADDRESS__DROPDOWN' by label Yes, I own this property..</msg>
<arg>INSTALLATION__ADDRESS__DROPDOWN</arg>
<arg>${application['Do_you_own_installation_add']}</arg>
<doc>Selects options from selection list ``locator`` by ``labels``.</doc>
<status status="PASS" start="2026-01-30T18:53:54.683555" elapsed="0.131351"/>
</kw>
<kw name="Execute Javascript" owner="SeleniumLibrary">
<msg time="2026-01-30T18:53:54.816551" level="INFO">Executing JavaScript:
document.getElementById("INSTALLATION__ADDRESS__RESIDE__DROPDOWN").value = "true";
Without any arguments.</msg>
<arg>document.getElementById("INSTALLATION__ADDRESS__RESIDE__DROPDOWN").value = "true";</arg>
<doc>Executes the given JavaScript code with possible arguments.</doc>
<status status="PASS" start="2026-01-30T18:53:54.815485" elapsed="0.011234"/>
</kw>
<kw name="Execute Javascript" owner="SeleniumLibrary">
<msg time="2026-01-30T18:53:54.828507" level="INFO">Executing JavaScript:
document.getElementById("INSTALLATION__ADDRESS__RESIDE__DROPDOWN").dispatchEvent(new Event('change'));
Without any arguments.</msg>
<arg>document.getElementById("INSTALLATION__ADDRESS__RESIDE__DROPDOWN").dispatchEvent(new Event('change'));</arg>
<doc>Executes the given JavaScript code with possible arguments.</doc>
<status status="PASS" start="2026-01-30T18:53:54.827329" elapsed="0.015161"/>
</kw>
<kw name="Sleep" owner="BuiltIn">
<msg time="2026-01-30T18:53:56.843910" level="INFO">Slept 2 seconds.</msg>
<arg>2</arg>
<doc>Pauses the test executed for the given time.</doc>
<status status="PASS" start="2026-01-30T18:53:54.842905" elapsed="2.001741"/>
</kw>
<kw name="Select From List By Label" owner="SeleniumLibrary">
<msg time="2026-01-30T18:53:56.848503" level="INFO">Selecting options from selection list 'INSTALLATION__ADDRESS__RESIDE__DROPDOWN' by label Yes, I reside at this address..</msg>
<arg>INSTALLATION__ADDRESS__RESIDE__DROPDOWN</arg>
<arg>${application['Do_you_reside_installation_add']}</arg>
<doc>Selects options from selection list ``locator`` by ``labels``.</doc>
<status status="PASS" start="2026-01-30T18:53:56.845485" elapsed="0.093675"/>
</kw>
<kw name="Wait Until Element Is Enabled" owner="SeleniumLibrary">
<arg>xpath:/html/body/div[1]/div[2]/div[1]/div/div/div[2]/span/form/fieldset/div/div[12]/div/span/div/div/label/span[2]</arg>
<arg>20</arg>
<doc>Waits until the element ``locator`` is enabled.</doc>
<status status="PASS" start="2026-01-30T18:53:56.939766" elapsed="0.032021"/>
</kw>
<if>
<branch type="IF" condition="'${primary}' == '${None}'">
<kw name="Click Element" owner="SeleniumLibrary">
<msg time="2026-01-30T18:53:56.973096" level="INFO">Clicking element 'xpath:/html/body/div[1]/div[2]/div[1]/div/div/div[2]/span/form/fieldset/div/div[12]/div/span/div/div/label/span[2]'.</msg>
<arg>xpath:/html/body/div[1]/div[2]/div[1]/div/div/div[2]/span/form/fieldset/div/div[12]/div/span/div/div/label/span[2]</arg>
<doc>Click the element identified by ``locator``.</doc>
<status status="PASS" start="2026-01-30T18:53:56.972724" elapsed="0.085247"/>
</kw>
<status status="PASS" start="2026-01-30T18:53:56.972184" elapsed="0.086072"/>
</branch>
<branch type="ELSE">
<kw name="Fill Billing Address" owner="Basic_Info_Page">
<arg>${data}</arg>
<status status="NOT RUN" start="2026-01-30T18:53:57.059356" elapsed="0.000507"/>
</kw>
<status status="NOT RUN" start="2026-01-30T18:53:57.058423" elapsed="0.001746"/>
</branch>
<status status="PASS" start="2026-01-30T18:53:56.972146" elapsed="0.088163"/>
</if>
<kw name="Click Button" owner="SeleniumLibrary">
<msg time="2026-01-30T18:53:57.061425" level="INFO">Clicking button 'xpath:/html/body/div[1]/div[2]/div[1]/div/div/div[2]/span/form/fieldset/div/div[14]/div/div/button'.</msg>
<arg>xpath:/html/body/div[1]/div[2]/div[1]/div/div/div[2]/span/form/fieldset/div/div[14]/div/div/button</arg>
<doc>Clicks the button identified by ``locator``.</doc>
<status status="PASS" start="2026-01-30T18:53:57.060640" elapsed="0.149463"/>
</kw>
<arg>${is_CoApp}</arg>
<arg>${primary}</arg>
<arg>${data}</arg>
<status status="PASS" start="2026-01-30T18:53:52.439969" elapsed="4.770479"/>
</kw>
<status status="PASS" start="2026-01-30T18:53:52.438811" elapsed="4.771820"/>
</branch>
<status status="PASS" start="2026-01-30T18:53:52.435589" elapsed="4.775138"/>
</if>
<status status="PASS" start="2026-01-30T18:53:48.190337" elapsed="9.020481"/>
</kw>
<kw name="Personal information" owner="Personal_Information_Page">
<kw name="Run Keyword And Return Status" owner="BuiltIn">
<kw name="Should Contain" owner="BuiltIn">
<msg time="2026-01-30T18:53:57.214675" level="FAIL">'['R418009', 'rba6']' does not contain 'Co-App'</msg>
<arg>${TEST TAGS}</arg>
<arg>Co-App</arg>
<doc>Fails if ``container`` does not contain ``item`` one or more times.</doc>
<status status="FAIL" start="2026-01-30T18:53:57.214145" elapsed="0.009586">'['R418009', 'rba6']' does not contain 'Co-App'</status>
</kw>
<msg time="2026-01-30T18:53:57.224877" level="INFO">${is_CoApp} = False</msg>
<var>${is_CoApp}</var>
<arg>Should Contain</arg>
<arg>${TEST TAGS}</arg>
<arg>Co-App</arg>
<doc>Runs the given keyword with given arguments and returns the status as a Boolean value.</doc>
<status status="PASS" start="2026-01-30T18:53:57.213558" elapsed="0.011887"/>
</kw>
<kw name="Wait Until Element Is Visible" owner="SeleniumLibrary">
<arg>xpath://button[contains(text(), 'Next') or contains(@type, 'submit')]</arg>
<arg>20s</arg>
<doc>Waits until the element ``locator`` is visible.</doc>
<status status="PASS" start="2026-01-30T18:53:57.225895" elapsed="0.052000"/>
</kw>
[...]
<arg>True</arg>
<doc>Returns the given values which can then be assigned to a variables.</doc>
<status status="NOT RUN" start="2026-01-30T18:54:11.795386" elapsed="0.000792"/>
</kw>
<kw name="Read Excel Cell" owner="ExcelLibrary">
<var>${answer}</var>
<arg>${row}</arg>
<arg>3</arg>
<arg>${SheetName}</arg>
<doc>Returns content of a cell.</doc>
<status status="NOT RUN" start="2026-01-30T18:54:11.797280" elapsed="0.000266"/>
</kw>
<kw name="Append To List" owner="Collections">
<arg>${answers}</arg>
<arg>${answer}</arg>
<doc>Adds ``values`` to the end of ``list``.</doc>
<status status="NOT RUN" start="2026-01-30T18:54:11.797863" elapsed="0.000197"/>
</kw>
<status status="NOT RUN" start="2026-01-30T18:54:11.793794" elapsed="0.004402"/>
</branch>
<status status="PASS" start="2026-01-30T18:54:11.793740" elapsed="0.004660"/>
</if>
<kw name="Evaluate" owner="BuiltIn">
<msg time="2026-01-30T18:54:11.800346" level="INFO">${row} = 14</msg>
<var>${row}</var>
<arg>${row} + 1</arg>
<doc>Evaluates the given expression in Python and returns the result.</doc>
<status status="PASS" start="2026-01-30T18:54:11.799033" elapsed="0.001799"/>
</kw>
<status status="PASS" start="2026-01-30T18:54:11.780922" elapsed="0.020387"/>
</iter>
<iter>
<kw name="Read Excel Cell" owner="ExcelLibrary">
<msg time="2026-01-30T18:54:11.804210" level="INFO">${data} = Which state is associated with Rita Hall?</msg>
<var>${data}</var>
<arg>${row}</arg>
<arg>2</arg>
<arg>${SheetName}</arg>
<doc>Returns content of a cell.</doc>
<status status="PASS" start="2026-01-30T18:54:11.802894" elapsed="0.001912"/>
</kw>
<kw name="Run Keyword If" owner="BuiltIn">
<arg>'${data}' == ''</arg>
<arg>Exit For Loop</arg>
<doc>Runs the given keyword with the given arguments, if ``condition`` is true.</doc>
<status status="PASS" start="2026-01-30T18:54:11.805948" elapsed="0.001380"/>
</kw>
<kw name="Evaluate" owner="BuiltIn">
<msg time="2026-01-30T18:54:11.809913" level="INFO">${data_clean} = Which state is associated with Rita Hall?</msg>
<var>${data_clean}</var>
<arg>'''${data}'''.strip()</arg>
<doc>Evaluates the given expression in Python and returns the result.</doc>
<status status="PASS" start="2026-01-30T18:54:11.808559" elapsed="0.001786"/>
</kw>
<kw name="Evaluate" owner="BuiltIn">
<msg time="2026-01-30T18:54:11.812601" level="INFO">${question_clean} = Which state is associated with Rita Hall?</msg>
<var>${question_clean}</var>
<arg>'''${question}'''.strip()</arg>
<doc>Evaluates the given expression in Python and returns the result.</doc>
<status status="PASS" start="2026-01-30T18:54:11.811406" elapsed="0.001817"/>
</kw>
<if>
<branch type="IF" condition="'${data_clean}' == '${question_clean}'">
<kw name="Set Variable" owner="BuiltIn">
<msg time="2026-01-30T18:54:11.817020" level="INFO">${found} = True</msg>
<var>${found}</var>
<arg>True</arg>
<doc>Returns the given values which can then be assigned to a variables.</doc>
<status status="PASS" start="2026-01-30T18:54:11.816136" elapsed="0.001125"/>
</kw>
<kw name="Read Excel Cell" owner="ExcelLibrary">
<msg time="2026-01-30T18:54:11.819048" level="INFO">${answer} = Pennsylvania</msg>
<var>${answer}</var>
<arg>${row}</arg>
<arg>3</arg>
<arg>${SheetName}</arg>
<doc>Returns content of a cell.</doc>
<status status="PASS" start="2026-01-30T18:54:11.817816" elapsed="0.001849"/>
</kw>
<kw name="Append To List" owner="Collections">
<arg>${answers}</arg>
<arg>${answer}</arg>
<doc>Adds ``values`` to the end of ``list``.</doc>
<status status="PASS" start="2026-01-30T18:54:11.820768" elapsed="0.001228"/>
</kw>
<status status="PASS" start="2026-01-30T18:54:11.813920" elapsed="0.008361"/>
</branch>
<status status="PASS" start="2026-01-30T18:54:11.813861" elapsed="0.008775"/>
</if>
<kw name="Evaluate" owner="BuiltIn">
<msg time="2026-01-30T18:54:11.824542" level="INFO">${row} = 15</msg>
<var>${row}</var>
<arg>${row} + 1</arg>
<doc>Evaluates the given expression in Python and returns the result.</doc>
<status status="PASS" start="2026-01-30T18:54:11.823340" elapsed="0.001653"/>
</kw>
<status status="PASS" start="2026-01-30T18:54:11.801426" elapsed="0.024011"/>
</iter>
<status status="PASS" start="2026-01-30T18:54:11.543327" elapsed="0.282635"/>
</while>
<kw name="Run Keyword If" owner="BuiltIn">
<arg>not ${found}</arg>
<arg>Log Question And Page URL</arg>
<arg>${question}</arg>
<doc>Runs the given keyword with the given arguments, if ``condition`` is true.</doc>
<status status="PASS" start="2026-01-30T18:54:11.826297" elapsed="0.000971"/>
</kw>
<var name="${question}">Which state is associated with Rita Hall?</var>
<status status="PASS" start="2026-01-30T18:54:11.539008" elapsed="0.288708"/>
</iter>
<var>${question}</var>
<value>@{questions}</value>
<status status="PASS" start="2026-01-30T18:54:11.049965" elapsed="0.777906"/>
</for>
<kw name="Selecting Answers" owner="KBA_Page">
<kw name="Get Length" owner="BuiltIn">
<msg time="2026-01-30T18:54:11.830299" level="INFO">Length is 3.</msg>
<msg time="2026-01-30T18:54:11.830915" level="INFO">${len} = 3</msg>
<var>${len}</var>
<arg>${answers}</arg>
<doc>Returns and logs the length of the given item as an integer.</doc>
<status status="PASS" start="2026-01-30T18:54:11.829853" elapsed="0.001386"/>
</kw>
<kw name="Run Keyword Unless" owner="BuiltIn">
<msg time="2026-01-30T18:54:11.832850" level="WARN">Keyword 'BuiltIn.Run Keyword Unless' is deprecated. </msg>
<arg>${len} == 3</arg>
<arg>Fail</arg>
<arg>Expected 3 answers, but got ${len}</arg>
<doc>*DEPRECATED since RF 5.0. Use Native IF/ELSE or `Run Keyword If` instead.*</doc>
<status status="PASS" start="2026-01-30T18:54:11.832123" elapsed="0.015691"/>
</kw>
<kw name="Get From List" owner="Collections">
<msg time="2026-01-30T18:54:11.849503" level="INFO">${ans1} = None of the Above</msg>
<var>${ans1}</var>
<arg>${answers}</arg>
<arg>0</arg>
<doc>Returns the value specified with an ``index`` from ``list``.</doc>
<status status="PASS" start="2026-01-30T18:54:11.848299" elapsed="0.001603"/>
</kw>
<kw name="Get From List" owner="Collections">
<msg time="2026-01-30T18:54:11.851816" level="INFO">${ans2} = California</msg>
<var>${ans2}</var>
<arg>${answers}</arg>
<arg>1</arg>
<doc>Returns the value specified with an ``index`` from ``list``.</doc>
<status status="PASS" start="2026-01-30T18:54:11.850658" elapsed="0.001591"/>
</kw>
<kw name="Get From List" owner="Collections">
<msg time="2026-01-30T18:54:11.854583" level="INFO">${ans3} = Pennsylvania</msg>
<var>${ans3}</var>
<arg>${answers}</arg>
<arg>2</arg>
<doc>Returns the value specified with an ``index`` from ``list``.</doc>
<status status="PASS" start="2026-01-30T18:54:11.853352" elapsed="0.002008"/>
</kw>
<kw name="Log To Console" owner="BuiltIn">
<arg>Answer 1: ${ans1}</arg>
<doc>Logs the given message to the console.</doc>
<status status="PASS" start="2026-01-30T18:54:11.856111" elapsed="0.001378"/>
</kw>
<kw name="Log To Console" owner="BuiltIn">
<arg>Answer 2: ${ans2}</arg>
<doc>Logs the given message to the console.</doc>
<status status="PASS" start="2026-01-30T18:54:11.858278" elapsed="0.001337"/>
</kw>
<kw name="Log To Console" owner="BuiltIn">
<arg>Answer 3: ${ans3}</arg>
<doc>Logs the given message to the console.</doc>
<status status="PASS" start="2026-01-30T18:54:11.860448" elapsed="0.001354"/>
</kw>
<kw name="Set Variable" owner="BuiltIn">
<msg time="2026-01-30T18:54:11.864127" level="INFO">${xpath1} = xpath://h5[contains(text(), "None of the Above")]/preceding-sibling::input[@type="radio"]</msg>
<var>${xpath1}</var>
<arg>xpath://h5[contains(text(), "${ans1}")]/preceding-sibling::input[@type="radio"]</arg>
<doc>Returns the given values which can then be assigned to a variables.</doc>
<status status="PASS" start="2026-01-30T18:54:11.862529" elapsed="0.002545"/>
</kw>
<kw name="Click Element" owner="SeleniumLibrary">
<msg time="2026-01-30T18:54:11.867513" level="INFO">Clicking element 'xpath://h5[contains(text(), "None of the Above")]/preceding-sibling::input[@type="radio"]'.</msg>
<arg>${xpath1}</arg>
<doc>Click the element identified by ``locator``.</doc>
<status status="PASS" start="2026-01-30T18:54:11.866312" elapsed="0.086060"/>
</kw>
<if>
<branch type="IF" condition="&quot;$ans2&quot; == &quot;6'1&quot;">
<kw name="Click Element" owner="SeleniumLibrary">
<arg>xpath=//input[@id="1_1" and @name="que2"]</arg>
<doc>Click the element identified by ``locator``.</doc>
<status status="NOT RUN" start="2026-01-30T18:54:11.954576" elapsed="0.000625"/>
</kw>
<status status="NOT RUN" start="2026-01-30T18:54:11.953061" elapsed="0.002607"/>
</branch>
<branch type="ELSE">
<kw name="Set Variable" owner="BuiltIn">
<msg time="2026-01-30T18:54:11.958037" level="INFO">${xpath2} = xpath://h5[contains(text(), "California")]/preceding-sibling::input[@type="radio"]</msg>
<var>${xpath2}</var>
<arg>xpath://h5[contains(text(), "${ans2}")]/preceding-sibling::input[@type="radio"]</arg>
<doc>Returns the given values which can then be assigned to a variables.</doc>
<status status="PASS" start="2026-01-30T18:54:11.956855" elapsed="0.001674"/>
</kw>
<kw name="Click Element" owner="SeleniumLibrary">
<msg time="2026-01-30T18:54:11.960747" level="INFO">Clicking element 'xpath://h5[contains(text(), "California")]/preceding-sibling::input[@type="radio"]'.</msg>
<arg>${xpath2}</arg>
<doc>Click the element identified by ``locator``.</doc>
<status status="PASS" start="2026-01-30T18:54:11.959548" elapsed="0.087079"/>
</kw>
<status status="PASS" start="2026-01-30T18:54:11.955845" elapsed="0.091715"/>
</branch>
<status status="PASS" start="2026-01-30T18:54:11.953000" elapsed="0.094819"/>
</if>
<if>
<branch type="IF" condition="&quot;$ans3&quot; == &quot;6'1&quot;">
<kw name="Click Element" owner="SeleniumLibrary">
<arg>xpath=//input[@id="1_1" and @name="que3"]</arg>
<doc>Click the element identified by ``locator``.</doc>
<status status="NOT RUN" start="2026-01-30T18:54:12.050002" elapsed="0.000837"/>
</kw>
<status status="NOT RUN" start="2026-01-30T18:54:12.048063" elapsed="0.003409"/>
</branch>
<branch type="ELSE">
<kw name="Set Variable" owner="BuiltIn">
<msg time="2026-01-30T18:54:12.054763" level="INFO">${xpath3} = xpath://h5[contains(text(), "Pennsylvania")]/preceding-sibling::input[@type="radio"]</msg>
<var>${xpath3}</var>
<arg>xpath://h5[contains(text(), "${ans3}")]/preceding-sibling::input[@type="radio"]</arg>
<doc>Returns the given values which can then be assigned to a variables.</doc>
<status status="PASS" start="2026-01-30T18:54:12.053202" elapsed="0.002255"/>
</kw>
<kw name="Click Element" owner="SeleniumLibrary">
<msg time="2026-01-30T18:54:12.057532" level="INFO">Clicking element 'xpath://h5[contains(text(), "Pennsylvania")]/preceding-sibling::input[@type="radio"]'.</msg>
<arg>${xpath3}</arg>
<doc>Click the element identified by ``locator``.</doc>
<status status="PASS" start="2026-01-30T18:54:12.056456" elapsed="0.113052"/>
</kw>
<status status="PASS" start="2026-01-30T18:54:12.051741" elapsed="0.118064"/>
</branch>
<status status="PASS" start="2026-01-30T18:54:12.047989" elapsed="0.121909"/>
</if>
<kw name="Sleep" owner="BuiltIn">
<msg time="2026-01-30T18:54:14.171408" level="INFO">Slept 2 seconds.</msg>
<arg>2</arg>
<doc>Pauses the test executed for the given time.</doc>
<status status="PASS" start="2026-01-30T18:54:12.170073" elapsed="2.001732"/>
</kw>
<arg>${answers}</arg>
<status status="PASS" start="2026-01-30T18:54:11.828833" elapsed="2.343311"/>
</kw>
<kw name="Click Button" owner="SeleniumLibrary">
<msg time="2026-01-30T18:54:14.172961" level="INFO">Clicking button 'xpath:/html/body/div/div[2]/div[1]/div/div[2]/div/span/form/div/div[3]/div/div/div/div/button'.</msg>
<arg>xpath:/html/body/div/div[2]/div[1]/div/div[2]/div/span/form/div/div[3]/div/div/div/div/button</arg>
<doc>Clicks the button identified by ``locator``.</doc>
<status status="PASS" start="2026-01-30T18:54:14.172451" elapsed="0.120736"/>
</kw>
<kw name="Sleep" owner="BuiltIn">
<msg time="2026-01-30T18:54:16.295461" level="INFO">Slept 2 seconds.</msg>
<arg>2s</arg>
<doc>Pauses the test executed for the given time.</doc>
<status status="PASS" start="2026-01-30T18:54:14.293887" elapsed="2.002553"/>
</kw>
<kw name="Set Variable" owner="BuiltIn">
<msg time="2026-01-30T18:54:16.298701" level="INFO">${max_retry} = 10</msg>
<var>${max_retry}</var>
<arg>10</arg>
<doc>Returns the given values which can then be assigned to a variables.</doc>
<status status="PASS" start="2026-01-30T18:54:16.297300" elapsed="0.002865"/>
</kw>
<kw name="Run Keyword And Return Status" owner="BuiltIn">
<kw name="Should Contain" owner="BuiltIn">
<msg time="2026-01-30T18:54:16.304386" level="FAIL">'['R418009', 'rba6']' does not contain 'Pend'</msg>
<arg>${TEST TAGS}</arg>
<arg>Pend</arg>
<doc>Fails if ``container`` does not contain ``item`` one or more times.</doc>
<status status="FAIL" start="2026-01-30T18:54:16.303264" elapsed="0.008065">'['R418009', 'rba6']' does not contain 'Pend'</status>
</kw>
<msg time="2026-01-30T18:54:16.312001" level="INFO">${is_pend} = False</msg>
<var>${is_pend}</var>
<arg>Should Contain</arg>
<arg>${TEST TAGS}</arg>
<arg>Pend</arg>
<doc>Runs the given keyword with given arguments and returns the status as a Boolean value.</doc>
<status status="PASS" start="2026-01-30T18:54:16.301241" elapsed="0.011047"/>
</kw>
<if>
<branch type="IF" condition="not $is_pend and $type is None">
<kw name="Wait Until Element Is Visible" owner="SeleniumLibrary">
<arg>xpath:/html/body/div/div[2]/div[1]/div/div[2]/div/div[2]/div/div/div/div/button</arg>
<arg>120</arg>
<doc>Waits until the element ``locator`` is visible.</doc>
<status status="NOT RUN" start="2026-01-30T18:54:16.315132" elapsed="0.002025"/>
</kw>
<status status="NOT RUN" start="2026-01-30T18:54:16.313117" elapsed="0.005085"/>
</branch>
<branch type="ELSE">
<kw name="Close Current Excel Document" owner="ExcelLibrary">
<doc>Closes current document.</doc>
<status status="PASS" start="2026-01-30T18:54:16.319824" elapsed="0.001445"/>
</kw>
<kw name="Get Location" owner="SeleniumLibrary">
<msg time="2026-01-30T18:54:16.336724" level="INFO">${location} = https://rba6-qa.mktplacegateway.com/c/identity-verification/applicant?appId=2a2adc3d-43d7-4bf2-a475-9a486da47305&amp;type=APPLICANT&amp;m=65152a92c54eaaa19d3e80dc&amp;locationId=649a794cc54eaa421128370c&amp;loanId=eb...</msg>
<var>${location}</var>
<doc>Returns the current browser window URL.</doc>
<status status="PASS" start="2026-01-30T18:54:16.322127" elapsed="0.014942"/>
</kw>
<kw name="Loan ID Extraction" owner="KBA_Page">
<kw name="Evaluate" owner="BuiltIn">
<msg time="2026-01-30T18:54:16.340656" level="INFO">${matches} = ['2a2adc3d-43d7-4bf2-a475-9a486da47305', 'eb1ae393-3672-4c48-8f02-f2525d03d943']</msg>
<var>${matches}</var>
<arg>__import__('re').findall(r'[a-z0-9]{8}-[a-z0-9]{4}-[a-z0-9]{4}-[a-z0-9]{4}-[a-z0-9]{12}', '''${url}''')</arg>
<doc>Evaluates the given expression in Python and returns the result.</doc>
<status status="PASS" start="2026-01-30T18:54:16.339330" elapsed="0.001798"/>
</kw>
<kw name="Log To Console" owner="BuiltIn">
<arg>DEBUG: Matches found: ${matches}</arg>
<doc>Logs the given message to the console.</doc>
<status status="PASS" start="2026-01-30T18:54:16.341767" elapsed="0.001148"/>
</kw>
<if>
<branch type="IF" condition="$matches">
<kw name="Set Variable" owner="BuiltIn">
<msg time="2026-01-30T18:54:16.348168" level="INFO">${loan_id} = 2a2adc3d-43d7-4bf2-a475-9a486da47305</msg>
<var>${loan_id}</var>
<arg>${matches[0]}</arg>
<doc>Returns the given values which can then be assigned to a variables.</doc>
<status status="PASS" start="2026-01-30T18:54:16.345408" elapsed="0.004078"/>
</kw>
<return>
<value>${loan_id}</value>
<status status="PASS" start="2026-01-30T18:54:16.351361" elapsed="0.001116"/>
</return>
<status status="PASS" start="2026-01-30T18:54:16.343536" elapsed="0.009410"/>
</branch>
<branch type="ELSE">
<return>
<value>${None}</value>
<status status="NOT RUN" start="2026-01-30T18:54:16.354512" elapsed="0.000266"/>
</return>
<status status="NOT RUN" start="2026-01-30T18:54:16.353495" elapsed="0.001650"/>
</branch>
<status status="PASS" start="2026-01-30T18:54:16.343434" elapsed="0.012227"/>
</if>
<msg time="2026-01-30T18:54:16.356447" level="INFO">${Loan_ID} = 2a2adc3d-43d7-4bf2-a475-9a486da47305</msg>
<var>${Loan_ID}</var>
<arg>${location}</arg>
<status status="PASS" start="2026-01-30T18:54:16.338065" elapsed="0.019251"/>
</kw>
<kw name="Log To Console" owner="BuiltIn">
<arg>Extracted Loan ID = ${Loan_ID}</arg>
<doc>Logs the given message to the console.</doc>
<status status="PASS" start="2026-01-30T18:54:16.357724" elapsed="0.000763"/>
</kw>
<return>
<status status="PASS" start="2026-01-30T18:54:16.358747" elapsed="0.000372"/>
</return>
<status status="PASS" start="2026-01-30T18:54:16.318533" elapsed="0.040678"/>
</branch>
<status status="PASS" start="2026-01-30T18:54:16.312974" elapsed="0.046306"/>
</if>
<arg>${is_CoApp}</arg>
<status status="PASS" start="2026-01-30T18:54:10.817135" elapsed="5.542331"/>
</kw>
<kw name="Exit For Loop" owner="BuiltIn">
<msg time="2026-01-30T18:54:16.360956" level="INFO">Exiting for loop altogether.</msg>
<doc>Stops executing the enclosing FOR loop.</doc>
<status status="PASS" start="2026-01-30T18:54:16.360141" elapsed="0.001263"/>
</kw>
<arg>Handle Identity Verification Page</arg>
<arg>${is_CoApp}</arg>
<arg>AND</arg>
<arg>Exit For Loop</arg>
<doc>Executes all the given keywords in a sequence.</doc>
<status status="PASS" start="2026-01-30T18:54:10.815049" elapsed="5.546630"/>
</kw>
<arg>${is_identity}</arg>
<arg>Run Keywords</arg>
<arg>Handle Identity Verification Page</arg>
<arg>${is_CoApp}</arg>
<arg>AND</arg>
<arg>Exit For Loop</arg>
<doc>Runs the given keyword with the given arguments, if ``condition`` is true.</doc>
<status status="PASS" start="2026-01-30T18:54:10.813262" elapsed="5.548688"/>
</kw>
<kw name="Sleep" owner="BuiltIn">
<arg>2s</arg>
<doc>Pauses the test executed for the given time.</doc>
<status status="NOT RUN" start="2026-01-30T18:54:16.362635" elapsed="0.000659"/>
</kw>
<status status="PASS" start="2026-01-30T18:54:10.649386" elapsed="5.714088"/>
</iter>
<status status="PASS" start="2026-01-30T18:54:05.442935" elapsed="10.920639"/>
</while>
<status status="PASS" start="2026-01-30T18:54:05.427260" elapsed="10.936572"/>
</kw>
<tag>R418009</tag>
<tag>rba6</tag>
<status status="PASS" start="2026-01-30T18:53:01.387820" elapsed="74.977537"/>
</test>
<status status="PASS" start="2026-01-30T18:52:56.791768" elapsed="79.596344"/>
</suite>
<status status="PASS" start="2026-01-30T18:52:56.786259" elapsed="79.615518"/>
</suite>
<status status="PASS" start="2026-01-30T18:52:56.777010" elapsed="79.675148"/>
</suite>
<status status="PASS" start="2026-01-30T18:52:56.772868" elapsed="79.695834"/>
</suite>
<status status="PASS" start="2026-01-30T18:52:56.759600" elapsed="79.722823"/>
</suite>
<status status="PASS" start="2026-01-30T18:52:56.734975" elapsed="79.759921"/>
</suite>
<statistics>
<total>
<stat pass="1" fail="0" skip="0">All Tests</stat>
</total>
<tag>
<stat pass="1" fail="0" skip="0">R418009</stat>
<stat pass="1" fail="0" skip="0">rba6</stat>
</tag>
<suite>
<stat name="RBA automation-script" id="s1" pass="1" fail="0" skip="0">RBA automation-script</stat>
<stat name="RF-SeleniumLibrary" id="s1-s1" pass="1" fail="0" skip="0">RBA automation-script.RF-SeleniumLibrary</stat>
<stat name="Test" id="s1-s1-s1" pass="1" fail="0" skip="0">RBA automation-script.RF-SeleniumLibrary.Test</stat>
<stat name="Lenders" id="s1-s1-s1-s1" pass="1" fail="0" skip="0">RBA automation-script.RF-SeleniumLibrary.Test.Lenders</stat>
<stat name="Single Applicant" id="s1-s1-s1-s1-s1" pass="1" fail="0" skip="0">RBA automation-script.RF-SeleniumLibrary.Test.Lenders.Single Applicant</stat>
<stat name="PP" id="s1-s1-s1-s1-s1-s1" pass="1" fail="0" skip="0">RBA automation-script.RF-SeleniumLibrary.Test.Lenders.Single Applicant.PP</stat>
</suite>
</statistics>
<errors>
<msg time="2026-01-30T18:54:11.832850" level="WARN">Keyword 'BuiltIn.Run Keyword Unless' is deprecated. </msg>
</errors>
</robot>
